Parameters.THREAD_NUMBER 4

*** ITERATION 1 ***
data/pr/prog.mln;data/pr/evidence.db;1.0;no z aggr;cpi;
Academic license - for non-commercial use only
===== Start Standard Grounder =====Sat Dec 08 16:51:37 IRST 2018
..........................................................................................................................................................................................................................................................................................................................................................................................................................................................................................................................................................................................................................................................................................................................................................................................................................................................................................................................................................................................................................................................................................................................................................................................................................................................................................................................................................................................................................................................................................................................................................................................................................................................................................................................................................................................................PutDataIntoTables duration: 714

Number of formulas: 1733
#Hard Formulas: 1
#Soft Formulas: 1732
#GSW Formulas: 0
#Soft Formulas with nonzero weight: 1689
#Objective Formulas: 0
#Cardinality Formulas: 0
18132 evidence atoms
Aggregation order 0
===== Start Standard Solver =====Sat Dec 08 16:52:06 IRST 2018

#BinaryVariables: 4579


#BinaryVariables: 1479137

---- Start  Loop 0 ----Sat Dec 08 16:52:19 IRST 2018
add 1409250 constraints (total number = 1409250)
Optimize a model with 1409250 rows, 1479137 columns and 4013040 nonzeros
Variable types: 0 continuous, 1479137 integer (1479137 binary)
Coefficient statistics:
  Matrix range     [1e+00, 2e+00]
  Objective range  [5e-04, 5e-01]
  Bounds range     [1e+00, 1e+00]
  RHS range        [1e+00, 1e+00]
Found heuristic solution: objective -125573.0075
Found heuristic solution: objective -119053.0907
Presolve removed 210131 rows and 210131 columns (presolve time = 5s) ...
Presolve removed 210131 rows and 210131 columns (presolve time = 14s) ...
Presolve removed 241125 rows and 243268 columns (presolve time = 23s) ...
Presolve removed 241125 rows and 243268 columns
Presolve time: 23.30s
Presolved: 1168125 rows, 1235869 columns, 3504375 nonzeros
Found heuristic solution: objective -83987.54227
Found heuristic solution: objective -81830.94791
Variable types: 0 continuous, 1235869 integer (1235869 binary)

Explored 0 nodes (0 simplex iterations) in 25.75 seconds
Thread count was 4 (of 4 available processors)

Solution count 4: -81830.9 -83987.5 -117932 -123536 

Optimal solution found (tolerance 1.00e+00)
Best objective -8.183094790886e+04, best bound -5.114320060929e+02, gap 99.3750%
ILP took 33326 Milliseconds.

#BinaryVariables: 1760676

---- Start  Loop 1 ----Sat Dec 08 16:52:59 IRST 2018
add 281539 constraints (total number = 1690789)
Optimize a model with 1690789 rows, 1760676 columns and 4815043 nonzeros
Variable types: 0 continuous, 1760676 integer (1760676 binary)
Coefficient statistics:
  Matrix range     [1e+00, 2e+00]
  Objective range  [4e-04, 7e-01]
  Bounds range     [1e+00, 1e+00]
  RHS range        [1e+00, 1e+00]

MIP start produced solution with objective -81965.2 (0.49s)
Loaded MIP start with objective -81965.2

Presolve removed 100000 rows and 100000 columns (presolve time = 5s) ...
Presolve removed 252745 rows and 252745 columns (presolve time = 11s) ...
Presolve removed 252745 rows and 252745 columns (presolve time = 17s) ...
Presolve removed 263922 rows and 264610 columns (presolve time = 26s) ...
Presolve removed 263922 rows and 264610 columns
Presolve time: 26.36s
Presolved: 1426867 rows, 1496066 columns, 4280601 nonzeros
Found heuristic solution: objective -71683.61140
Variable types: 0 continuous, 1496066 integer (1496066 binary)

Deterministic concurrent LP optimizer: primal simplex, dual simplex, and barrier
Showing barrier log only...

Presolve removed 0 rows and 0 columns (presolve time = 8s) ...
Presolve removed 0 rows and 0 columns (presolve time = 19s) ...
Presolve removed 10000 rows and 10000 columns (presolve time = 22s) ...
Presolve removed 190000 rows and 190000 columns (presolve time = 26s) ...
Presolve removed 1189621 rows and 1190335 columns
Presolved: 237246 rows, 305731 columns, 711738 nonzeros

Root barrier log...

Ordering time: 0.57s

Barrier statistics:
 AA' NZ     : 1.895e+06
 Factor NZ  : 8.684e+06 (roughly 300 MBytes of memory)
 Factor Ops : 4.103e+08 (less than 1 second per iteration)
 Threads    : 2

                  Objective                Residual
Iter       Primal          Dual         Primal    Dual     Compl     Time
   0  -2.55599207e+04  4.86314084e+05  4.31e-01 3.58e-01  1.39e+00    62s
   1  -3.91172838e+04  1.37258985e+05  0.00e+00 2.31e-01  2.38e-01    62s
   2  -3.11704777e+04  1.37528593e+04  0.00e+00 4.59e-02  5.89e-02    63s
   3  -2.07186250e+04 -1.09002843e+04  0.00e+00 6.66e-03  1.24e-02    63s
   4  -1.69387312e+04 -1.44832587e+04  0.00e+00 1.62e-03  3.07e-03    64s

Barrier performed 4 iterations in 63.74 seconds
Barrier solve interrupted - model solved by another algorithm

Concurrent spin time: 1.80s

Solved with dual simplex

Root relaxation: objective -1.551054e+04, 39229 iterations, 34.95 seconds
Total elapsed time = 81.51s

    Nodes    |    Current Node    |     Objective Bounds      |     Work
 Expl Unexpl |  Obj  Depth IntInf | Incumbent    BestBd   Gap | It/Node Time

     0     0 -15510.540    0 502003 -71683.611 -15510.540  78.4%     -  949s

Explored 1 nodes (39229 simplex iterations) in 950.10 seconds
Thread count was 4 (of 4 available processors)

Solution count 2: -71683.6 -81797 

Optimal solution found (tolerance 1.00e+00)
Best objective -7.168361139868e+04, best bound -1.551054028004e+04, gap 78.3625%
ILP took 955069 Milliseconds.

#BinaryVariables: 1793041

---- Start  Loop 2 ----Sat Dec 08 17:09:04 IRST 2018
add 32365 constraints (total number = 1723154)
Optimize a model with 1723154 rows, 1793041 columns and 4911563 nonzeros
Variable types: 0 continuous, 1793041 integer (1793041 binary)
Coefficient statistics:
  Matrix range     [1e+00, 2e+00]
  Objective range  [4e-04, 7e-01]
  Bounds range     [1e+00, 1e+00]
  RHS range        [1e+00, 1e+00]

MIP start produced solution with objective -71684.3 (0.29s)
Loaded MIP start with objective -71684.3

Presolve removed 100000 rows and 100000 columns (presolve time = 6s) ...
Presolve removed 253320 rows and 253320 columns (presolve time = 12s) ...
Presolve removed 253320 rows and 253320 columns (presolve time = 18s) ...
Presolve removed 259468 rows and 259821 columns (presolve time = 28s) ...
Presolve removed 259468 rows and 259821 columns
Presolve time: 27.87s
Presolved: 1463686 rows, 1533220 columns, 4391058 nonzeros
Found heuristic solution: objective -71407.34937
Variable types: 0 continuous, 1533220 integer (1533220 binary)

Deterministic concurrent LP optimizer: primal simplex, dual simplex, and barrier
Showing barrier log only...

Presolve removed 1000000 rows and 1000000 columns (presolve time = 5s) ...
Presolve removed 1194302 rows and 1194302 columns (presolve time = 11s) ...
Presolve removed 1194302 rows and 1194455 columns
Presolved: 269384 rows, 338765 columns, 808152 nonzeros

Root barrier log...

Ordering time: 0.51s

Barrier statistics:
 AA' NZ     : 2.360e+06
 Factor NZ  : 1.081e+07 (roughly 330 MBytes of memory)
 Factor Ops : 5.464e+08 (less than 1 second per iteration)
 Threads    : 2

                  Objective                Residual
Iter       Primal          Dual         Primal    Dual     Compl     Time
   0  -1.09884743e+04  5.01109806e+05  8.33e-01 3.07e-01  1.71e+00    47s
   1  -3.89598388e+04  1.98487345e+05  0.00e+00 1.71e-01  2.84e-01    48s
   2  -2.88895321e+04  3.15962087e+03  0.00e+00 1.53e-02  3.66e-02    49s
   3  -1.76206296e+04 -9.81317897e+03  0.00e+00 2.02e-03  8.55e-03    49s
   4  -1.45535351e+04 -1.20246833e+04  0.00e+00 3.79e-04  2.72e-03    50s
   5  -1.31422593e+04 -1.22188943e+04  0.00e+00 1.53e-04  9.95e-04    51s

Barrier performed 5 iterations in 50.68 seconds
Barrier solve interrupted - model solved by another algorithm

Concurrent spin time: 0.13s

Solved with primal simplex

Root relaxation: objective -1.240585e+04, 179573 iterations, 20.45 seconds
Total elapsed time = 64.86s

    Nodes    |    Current Node    |     Objective Bounds      |     Work
 Expl Unexpl |  Obj  Depth IntInf | Incumbent    BestBd   Gap | It/Node Time

     0     0 -12405.849    0 510054 -71407.349 -12405.849  82.6%     -  451s

Explored 1 nodes (179573 simplex iterations) in 452.06 seconds
Thread count was 4 (of 4 available processors)

Solution count 2: -71407.3 -71569.2 

Optimal solution found (tolerance 1.00e+00)
Best objective -7.140734937115e+04, best bound -1.240584913334e+04, gap 82.6266%
ILP took 456208 Milliseconds.

#BinaryVariables: 1793854

---- Start  Loop 3 ----Sat Dec 08 17:16:49 IRST 2018
add 813 constraints (total number = 1723967)
Optimize a model with 1723967 rows, 1793854 columns and 4913738 nonzeros
Variable types: 0 continuous, 1793854 integer (1793854 binary)
Coefficient statistics:
  Matrix range     [1e+00, 2e+00]
  Objective range  [4e-04, 7e-01]
  Bounds range     [1e+00, 1e+00]
  RHS range        [1e+00, 1e+00]

MIP start produced solution with objective -71407.3 (0.26s)
Loaded MIP start with objective -71407.3

Presolve removed 100000 rows and 100000 columns (presolve time = 6s) ...
Presolve removed 253584 rows and 253584 columns (presolve time = 11s) ...
Presolve removed 253584 rows and 253584 columns (presolve time = 18s) ...
Presolve removed 255272 rows and 255367 columns (presolve time = 26s) ...
Presolve removed 255272 rows and 255367 columns
Presolve time: 25.63s
Presolved: 1468695 rows, 1538487 columns, 4406085 nonzeros
Found heuristic solution: objective -71330.37063
Variable types: 0 continuous, 1538487 integer (1538487 binary)

Deterministic concurrent LP optimizer: primal simplex, dual simplex, and barrier
Showing barrier log only...

Presolve removed 1197846 rows and 1197999 columns (presolve time = 5s) ...
Presolve removed 1197846 rows and 1197999 columns
Presolved: 270849 rows, 340488 columns, 812547 nonzeros

Root barrier log...

Ordering time: 0.65s

Barrier statistics:
 AA' NZ     : 2.379e+06
 Factor NZ  : 1.088e+07 (roughly 340 MBytes of memory)
 Factor Ops : 5.504e+08 (less than 1 second per iteration)
 Threads    : 2

                  Objective                Residual
Iter       Primal          Dual         Primal    Dual     Compl     Time
   0  -8.69355693e+03  5.23866084e+05  9.25e-01 3.07e-01  1.87e+00    38s
   1  -3.94268407e+04  2.19483898e+05  0.00e+00 1.74e-01  3.08e-01    39s
   2  -2.95787431e+04  2.73241578e+03  0.00e+00 1.34e-02  3.65e-02    40s
   3  -1.77039604e+04 -9.68905974e+03  0.00e+00 1.64e-03  8.70e-03    41s
   4  -1.42956353e+04 -1.15697939e+04  0.00e+00 3.52e-04  2.92e-03    41s

Barrier performed 4 iterations in 41.47 seconds
Barrier solve interrupted - model solved by another algorithm

Concurrent spin time: 0.89s

Solved with primal simplex

Root relaxation: objective -1.221158e+04, 180650 iterations, 13.64 seconds
Total elapsed time = 55.48s

    Nodes    |    Current Node    |     Objective Bounds      |     Work
 Expl Unexpl |  Obj  Depth IntInf | Incumbent    BestBd   Gap | It/Node Time

     0     0 -12211.577    0 511973 -71330.371 -12211.577  82.9%     -  390s

Explored 1 nodes (180650 simplex iterations) in 390.94 seconds
Thread count was 4 (of 4 available processors)

Solution count 2: -71330.4 -71375.5 

Optimal solution found (tolerance 1.00e+00)
Best objective -7.133037063491e+04, best bound -1.221157740181e+04, gap 82.8803%
ILP took 394868 Milliseconds.

#BinaryVariables: 1793957

---- Start  Loop 4 ----Sat Dec 08 17:23:29 IRST 2018
add 103 constraints (total number = 1724070)
Optimize a model with 1724070 rows, 1793957 columns and 4914027 nonzeros
Variable types: 0 continuous, 1793957 integer (1793957 binary)
Coefficient statistics:
  Matrix range     [1e+00, 2e+00]
  Objective range  [4e-04, 7e-01]
  Bounds range     [1e+00, 1e+00]
  RHS range        [1e+00, 1e+00]

MIP start produced solution with objective -71330.4 (0.24s)
Loaded MIP start with objective -71330.4

Presolve removed 100000 rows and 100000 columns (presolve time = 6s) ...
Presolve removed 253604 rows and 253604 columns (presolve time = 11s) ...
Presolve removed 253604 rows and 253604 columns (presolve time = 18s) ...
Presolve removed 254707 rows and 254768 columns (presolve time = 25s) ...
Presolve removed 254707 rows and 254768 columns
Presolve time: 24.82s
Presolved: 1469363 rows, 1539189 columns, 4408089 nonzeros
Variable types: 0 continuous, 1539189 integer (1539189 binary)

Deterministic concurrent LP optimizer: primal simplex, dual simplex, and barrier
Showing barrier log only...

Presolve removed 820000 rows and 820000 columns (presolve time = 5s) ...
Presolve removed 1198344 rows and 1198344 columns (presolve time = 11s) ...
Presolve removed 1198344 rows and 1198497 columns
Presolved: 271019 rows, 340692 columns, 813057 nonzeros

Root barrier log...

Ordering time: 0.72s

Barrier statistics:
 AA' NZ     : 2.381e+06
 Factor NZ  : 1.089e+07 (roughly 340 MBytes of memory)
 Factor Ops : 5.509e+08 (less than 1 second per iteration)
 Threads    : 2

                  Objective                Residual
Iter       Primal          Dual         Primal    Dual     Compl     Time
   0  -8.75574968e+03  5.24211600e+05  9.20e-01 3.07e-01  1.86e+00    44s
   1  -3.94042948e+04  2.19152346e+05  0.00e+00 1.74e-01  3.08e-01    45s
   2  -2.95430763e+04  2.47800563e+03  0.00e+00 1.35e-02  3.62e-02    46s
   3  -1.76730610e+04 -9.66997866e+03  0.00e+00 1.70e-03  8.68e-03    46s
   4  -1.42770802e+04 -1.15351182e+04  0.00e+00 3.65e-04  2.94e-03    47s

Barrier performed 4 iterations in 46.89 seconds
Barrier solve interrupted - model solved by another algorithm

Concurrent spin time: 1.19s

Solved with primal simplex

Root relaxation: objective -1.218826e+04, 180848 iterations, 20.36 seconds
Total elapsed time = 61.93s

    Nodes    |    Current Node    |     Objective Bounds      |     Work
 Expl Unexpl |  Obj  Depth IntInf | Incumbent    BestBd   Gap | It/Node Time

     0     0 -12188.261    0 512166 -71330.371 -12188.261  82.9%     -  395s

Explored 1 nodes (180848 simplex iterations) in 395.32 seconds
Thread count was 4 (of 4 available processors)

Solution count 1: -71330.4 

Optimal solution found (tolerance 1.00e+00)
Best objective -7.133037063491e+04, best bound -1.218826088872e+04, gap 82.9129%
ILP took 400945 Milliseconds.

#BinaryVariables: 1793957

Total ILP Time: 2240416
Dispose model
Dispose environment
Database connection terminated
=XEGGORA EVAL=CPI true=Z-VAR AGGR false ORDER 0============================================
===== Start Standard Grounder =====Sat Dec 08 17:30:20 IRST 2018
............................................................................................................................................................................................................................................................................................................................................................................................................................................................................................................................................................................................................................................................................................................................................................................................................................................................................................................................................................................................................................................................................................................................................................................................................................................................................................................................................................................................................................................................................................................................................................................................................................................................................................................................................................................................................PutDataIntoTables duration: 580

Number of formulas: 1733
#Hard Formulas: 1
#Soft Formulas: 1732
#GSW Formulas: 0
#Soft Formulas with nonzero weight: 1689
#Objective Formulas: 0
#Cardinality Formulas: 0
91290 evidence atoms
Grounding took: 26573ms
Soft objective 3.6576679155739754E7
Hard objective 4579.0
Evaluation took: 30301ms
data/pr/prog.mln;data/pr/evidence.db;1.0;no z aggr;cpi;;runtime;2336995;objective;3.6576679155739754E7;hardObjective;4579.0
Iteration finished. Run Time: 2336995, ILP Time: 2240416
#iterations: 1
Average Runtime: 2336995
Average ILP Time: 2240416
==========================

data/pr/prog.mln;data/pr/evidence.db;1.0;no z aggr;cpi;;runtime;2336995;objective;3.6576679155739754E7;hardObjective;4579.0
duration:2336995

