Parameters.THREAD_NUMBER 4
data/lp/prog.mln;data/lp/evidence.db;gap: 0.001;FCA;cpi;not simplified;#iters: 1
Academic license - for non-commercial use only
===== Start Standard Grounder =====Tue Dec 18 16:29:21 IRST 2018
..............................PutDataIntoTables duration: 18

Number of formulas: 24
#Hard Formulas: 0
#Soft Formulas: 24
#GSW Formulas: 0
#Soft Formulas with nonzero weight: 24
#Objective Formulas: 0
#Cardinality Formulas: 0
1047 evidence atoms
Aggregation order -1
===== Start Standard Solver =====Tue Dec 18 16:29:22 IRST 2018
#AggregatedHardFormulas: 0
#AggregatedSoftFormulas: 0
#ZVariables: 0
#BinaryVariables: 0
#MixedVariables: 0

#AggregatedHardFormulas: 0
#AggregatedSoftFormulas: 21
#AggregatedClauses[1]: 14
#CountingConstraintsAggregatingMoreThanOneClause[1]: 14
#CountingConstraintsWithMoreThanOneLiteral[1]: 0
#ConstraintsAggregatedByContingConstraintWithMoreThanOneLiteral[1]: 0
#CountingConstraintsWithOneLiteral[1]: 14
#ConstraintsAggregatedByContingConstraintWithOneLiteral[1]: 33854
#ZVariables: 450
#BinaryVariables: 5060
#MixedVariables: 0

---- Start  Loop 0 ----Tue Dec 18 16:29:22 IRST 2018
add 450 constraints (total number = 450)
Optimize a model with 450 rows, 5074 columns and 16486 nonzeros
Variable types: 0 continuous, 5074 integer (5060 binary)
Coefficient statistics:
  Matrix range     [1e+00, 6e+01]
  Objective range  [5e-02, 2e+00]
  Bounds range     [1e+00, 2e+04]
  RHS range        [7e+01, 2e+04]
Found heuristic solution: objective -9923.242680
Presolve removed 450 rows and 5074 columns
Presolve time: 0.01s
Presolve: All rows and columns removed

Explored 0 nodes (0 simplex iterations) in 0.01 seconds
Thread count was 1 (of 4 available processors)

Solution count 2: 2090.23 -9923.24 

Optimal solution found (tolerance 1.00e-03)
Best objective 2.090225925000e+03, best bound 2.090225925000e+03, gap 0.0000%
ILP took 90 Milliseconds.
#AggregatedHardFormulas: 0
#AggregatedSoftFormulas: 11
#AggregatedClauses[1]: 3670
#CountingConstraintsAggregatingMoreThanOneClause[1]: 3670
#CountingConstraintsWithMoreThanOneLiteral[1]: 3649
#ConstraintsAggregatedByContingConstraintWithMoreThanOneLiteral[1]: 230676
#CountingConstraintsWithOneLiteral[1]: 21
#ConstraintsAggregatedByContingConstraintWithOneLiteral[1]: 40792
#ZVariables: 6901
#BinaryVariables: 7855
#MixedVariables: 0

---- Start  Loop 1 ----Tue Dec 18 16:29:25 IRST 2018
add 6451 constraints (total number = 6901)
Optimize a model with 6901 rows, 11525 columns and 269597 nonzeros
Variable types: 0 continuous, 11525 integer (7855 binary)
Coefficient statistics:
  Matrix range     [1e+00, 7e+01]
  Objective range  [6e-04, 3e+00]
  Bounds range     [1e+00, 2e+04]
  RHS range        [2e+00, 2e+04]

MIP start produced solution with objective -15790.3 (0.01s)
Loaded MIP start with objective -15790.3

Presolve removed 6043 rows and 9993 columns
Presolve time: 0.30s
Presolved: 858 rows, 1532 columns, 27910 nonzeros
Found heuristic solution: objective 73713.383892
Variable types: 0 continuous, 1532 integer (860 binary)

Root relaxation: objective 8.176958e+04, 876 iterations, 0.07 seconds

    Nodes    |    Current Node    |     Objective Bounds      |     Work
 Expl Unexpl |  Obj  Depth IntInf | Incumbent    BestBd   Gap | It/Node Time

     0     0 81769.5792    0  602 73713.3839 81769.5792  10.9%     -    0s
H    0     0                    80389.281584 81769.5792  1.72%     -    0s
H    0     0                    80468.427843 81769.5792  1.62%     -    0s
H    0     0                    80552.281562 81769.5792  1.51%     -    0s
H    0     0                    80552.427465 81769.5792  1.51%     -    0s
H    0     0                    80563.028228 81769.5792  1.50%     -    0s
H    0     0                    80563.208882 81762.4926  1.49%     -    0s
H    0     0                    80563.586628 81762.4926  1.49%     -    0s
H    0     0                    80568.219996 81762.4926  1.48%     -    0s
     0     0 81686.3643    0  647 80568.2200 81686.3643  1.39%     -    0s
H    0     0                    80612.043392 81686.3643  1.33%     -    0s
     0     0 81465.3143    0  659 80612.0434 81465.3143  1.06%     -    1s
     0     0 81374.6645    0  658 80612.0434 81374.6645  0.95%     -    1s
     0     0 81320.9256    0  653 80612.0434 81320.9256  0.88%     -    1s
     0     0 81320.7315    0  656 80612.0434 81320.7315  0.88%     -    1s
     0     0 81269.6418    0  709 80612.0434 81269.6418  0.82%     -    2s
     0     0 81268.5671    0  704 80612.0434 81268.5671  0.81%     -    2s
     0     0 81262.9271    0  717 80612.0434 81262.9271  0.81%     -    3s
     0     0 81262.9271    0  709 80612.0434 81262.9271  0.81%     -    3s
H    0     0                    80637.445984 81262.9271  0.78%     -    4s
     0     2 81262.9271    0  708 80637.4460 81262.9271  0.78%     -    4s
    11    16 81249.4633    4  731 80637.4460 81253.2622  0.76%   133    5s
H   29    30                    80648.050153 81253.2622  0.75%  80.0    5s
H   59    59                    80650.999918 81253.2622  0.75%  50.7    5s
H  267   267                    80654.693763 81253.2622  0.74%  18.9    6s
  1559  1533 80881.5870  104  709 80654.6938 81249.9157  0.74%  15.5   11s
H 1561  1457                    80656.815152 81249.9157  0.74%  15.4   12s
  1570  1463 81204.0424   21  739 80656.8152 81244.3886  0.73%  15.3   15s
H 1584  1399                    80657.643780 81227.8030  0.71%  15.2   19s
H 1586  1329                    80657.736183 81226.3262  0.70%  15.2   19s
H 1593  1267                    80660.447102 81225.1010  0.70%  15.1   20s
H 1599  1207                    80660.593005 81218.0912  0.69%  15.1   22s
  1602  1209 81024.0114   74  852 80660.5930 81213.1437  0.69%  15.0   25s
H 1611  1153                    80660.738908 81209.0115  0.68%  15.0   31s
  1620  1159 80918.9270   95  878 80660.7389 81205.0373  0.67%  14.9   35s
  1625  1162 80833.9713  120  858 80660.7389 81202.6262  0.67%  14.8   40s
H 1631  1107                    80662.197598 81201.0474  0.67%  14.8   46s
H 1660  1074                    80662.243121 81191.8089  0.66%  23.2   49s
  1679  1079 81099.3780   23  806 80662.2431 81191.8089  0.66%  24.0   50s
  1811  1170 81051.9467   41  781 80662.2431 81191.8089  0.66%  27.1   55s
H 2092  1306                    80662.595521 81191.8089  0.66%  27.6   60s
  2425  1523 80783.6843  122  588 80662.5955 81191.8089  0.66%  28.6   65s
H 2762  1655                    80664.509287 81191.3424  0.65%  29.9   69s
  2763  1660 81156.9748   28  842 80664.5093 81191.3424  0.65%  29.9   70s
  2938  1765 81066.3342   45  818 80664.5093 81191.3424  0.65%  31.3   77s
  3296  2010 80980.8876   68  768 80664.5093 81191.3424  0.65%  30.6   80s
  3677  2226 80877.2393   90  736 80664.5093 81191.3424  0.65%  30.7   85s
  4398  2654 80772.5321  122  630 80664.5093 81191.3424  0.65%  30.9   91s
  4824  3018 80704.1619  154  526 80664.5093 81190.6321  0.65%  30.1   95s
  5709  3817 80696.2339  155  351 80664.5093 81188.1027  0.65%  29.0  100s
  6385  4439 80696.8333  156  365 80664.5093 81185.6053  0.65%  28.4  105s
  6723  4726 80874.3227   72  583 80664.5093 81184.7973  0.65%  29.2  110s
  6875  4864 80688.3045  170  291 80664.5093 81184.7973  0.65%  28.9  121s
  7162  5124 81014.7175   41  719 80664.5093 81183.5354  0.64%  29.1  127s
  7760  5687 81096.2500   27  829 80664.5093 81183.4432  0.64%  29.1  132s
H 8031  5878                    80664.644901 81183.4432  0.64%  28.9  132s
  8032  5931 80835.9034   98  580 80664.6449 81181.5253  0.64%  28.9  135s
  9021  6824 81090.5628   31  808 80664.6449 81178.7776  0.64%  28.7  142s
H 9251  7046                    80664.690987 81178.7776  0.64%  28.5  142s
  9313  7107 80746.4355  117  503 80664.6910 81178.6168  0.64%  28.5  145s
 10117  7784 81084.1809   25  808 80664.6910 81177.4295  0.64%  28.3  150s
 10854  8435 80835.8965   98  686 80664.6910 81174.9736  0.63%  28.3  158s
 11211  8759 81094.4781   26  837 80664.6910 81173.4177  0.63%  28.3  161s
 11634  9171 80699.9464  131  471 80664.6910 81173.4177  0.63%  28.2  166s
 12644 10059 80980.9135   43  685 80664.6910 81169.5751  0.63%  28.0  173s
 13102 10488 81020.2412   46  782 80664.6910 81169.1415  0.63%  28.1  177s
 13609 10973 81155.3472   27  844 80664.6910 81169.1415  0.63%  28.0  181s
 13989 11293 80999.5856   51  796 80664.6910 81169.1415  0.63%  28.2  185s
 15005 12218 81066.5459   25  785 80664.6910 81166.4927  0.62%  28.2  192s
 15351 12537 80742.3541  124  481 80664.6910 81165.2474  0.62%  28.3  196s
 15872 12985 80946.9662   57  690 80664.6910 81164.6953  0.62%  28.2  200s
 16949 13962 80691.5951  146  441 80664.6910 81164.4010  0.62%  27.9  206s
 17338 14327 80847.8713   89  629 80664.6910 81163.8291  0.62%  28.0  210s
 18183 15051 80955.6173   78  756 80664.6910 81163.5128  0.62%  28.0  218s
 18765 15581 80761.6469  144  624 80664.6910 81162.9603  0.62%  27.7  221s
 19723 16437 81074.0531   32  776 80664.6910 81162.0820  0.62%  27.6  228s
 20155 16848     cutoff  173      80664.6910 81160.9263  0.62%  27.7  232s
 20580 17224 80809.1924  114  558 80664.6910 81160.0539  0.61%  27.6  235s
 21066 17663 80751.8201  131  709 80664.6910 81159.9130  0.61%  27.6  281s
 21074 17668 80684.4254  178  719 80664.6910 81159.9130  0.61%  27.6  285s
 21085 17676 80737.9580  148  880 80664.6910 81159.9130  0.61%  27.6  291s
 21088 17678 80953.7185   65  889 80664.6910 81159.9130  0.61%  27.6  295s
 21092 17680 80890.3210   93  871 80664.6910 81159.9130  0.61%  27.6  301s
 21095 17682 80920.0294   61  906 80664.6910 81159.9130  0.61%  27.6  306s
 21098 17684 80982.1291   68  903 80664.6910 81159.9130  0.61%  27.6  311s
 21101 17686 80982.1359   46  914 80664.6910 81159.9130  0.61%  27.6  316s
 21104 17688 80926.8180   63  914 80664.6910 81159.9130  0.61%  27.6  320s
 21107 17690 80964.2515   73  921 80664.6910 81159.9130  0.61%  27.6  326s
 21109 17692 80893.4630   68  923 80664.6910 81159.9130  0.61%  27.6  331s
 21112 17694 80856.6542   90  934 80664.6910 81159.9130  0.61%  27.6  336s
 21115 17696 80960.9273   64  936 80664.6910 81159.9130  0.61%  27.6  340s
 21119 17698 80768.1277  134  925 80664.6910 81159.9130  0.61%  27.6  347s
 21121 17700 80962.5776   66  925 80664.6910 81159.9130  0.61%  27.6  350s
 21125 17702 80909.7152   71  947 80664.6910 81159.9130  0.61%  27.5  355s
 21129 17705 80800.1885  101  941 80664.6910 81159.9130  0.61%  27.5  361s
 21132 17707 80787.7125  123  955 80664.6910 81159.9130  0.61%  27.5  365s
 21135 17709 80755.1376  118  944 80664.6910 81159.9130  0.61%  27.5  370s
 21139 17712 80962.2525   69  951 80664.6910 81159.9130  0.61%  27.5  375s
 21143 17714 80868.7099   98  946 80664.6910 81159.9130  0.61%  27.5  381s
 21146 17716 80817.6869  102  953 80664.6910 81159.9130  0.61%  27.5  385s
 21149 17718 80750.6810  130  961 80664.6910 81159.9130  0.61%  27.5  391s
 21152 17720 80873.5250   66  962 80664.6910 81159.9130  0.61%  27.5  395s
 21155 17722 80923.1564   60  953 80664.6910 81159.9130  0.61%  27.5  400s
 21160 17726 80783.1942  104  954 80664.6910 81159.9130  0.61%  27.5  405s
 21164 17728 81097.8939   28  952 80664.6910 81159.9130  0.61%  27.5  410s
 21168 17731 81034.3399   49  955 80664.6910 81159.9130  0.61%  27.5  415s
 21173 17734 80863.2353   96  975 80664.6910 81159.9130  0.61%  27.5  421s
 21176 17736 80685.5641  201  971 80664.6910 81159.9130  0.61%  27.5  425s
 21180 17739 81033.4833   47  968 80664.6910 81159.9130  0.61%  27.5  430s
H21183 16852                    80664.799166 81159.9130  0.61%  27.5  435s
 21188 16855 80953.7185   65  973 80664.7992 81159.9130  0.61%  27.5  440s
 21192 16858 80890.3210   93  980 80664.7992 81159.9130  0.61%  27.5  445s
 21196 16861 81024.0851   36  981 80664.7992 81159.9130  0.61%  27.5  450s
 21199 16863 80905.6202   74  985 80664.7992 81159.9130  0.61%  27.5  455s
 21203 16865 80804.1621   98  978 80664.7992 81159.9130  0.61%  27.4  460s
 21207 16868 80964.2515   73  985 80664.7992 81159.9130  0.61%  27.4  465s
 21212 16871 80856.6542   90  981 80664.7992 81159.9130  0.61%  27.4  470s
 21216 16874 80971.9642   59  989 80664.7992 81159.9130  0.61%  27.4  475s
 21220 16877 80689.5470  147  993 80664.7992 81159.9130  0.61%  27.4  480s
 21224 16879 80676.8795  183  990 80664.7992 81159.9130  0.61%  27.4  485s
 21228 16882 80990.8623   48  988 80664.7992 81159.9130  0.61%  27.4  490s
 21232 16885 80787.7125  123  986 80664.7992 81159.9130  0.61%  27.4  495s
 21237 16888 80877.0202   77  994 80664.7992 81159.9130  0.61%  27.4  502s
 21240 16890 80963.4373   65  977 80664.7992 81159.9130  0.61%  27.4  505s
 21245 16893 80796.1809  103  985 80664.7992 81159.9130  0.61%  27.4  511s
 21249 16896 80750.6810  130  985 80664.7992 81159.9130  0.61%  27.4  515s
 21254 16899 80774.2242  106  982 80664.7992 81159.9130  0.61%  27.4  520s
 21257 16901 81026.3401   34  980 80664.7992 81159.9130  0.61%  27.4  525s
 21262 16905 80878.2231   90  983 80664.7992 81159.9130  0.61%  27.4  530s
 21266 16907 80751.8201  131  985 80664.7992 81159.9130  0.61%  27.4  535s
 21270 16910 81109.3212   34  980 80664.7992 81159.9130  0.61%  27.4  540s
 21274 16913 80684.4254  178  985 80664.7992 81159.9130  0.61%  27.4  545s
 21279 16916 80825.3784   92  988 80664.7992 81159.9130  0.61%  27.4  550s
 21283 16919 80889.9945   90  981 80664.7992 81159.9130  0.61%  27.3  559s
 21284 16919 80971.0139   79  981 80664.7992 81159.9130  0.61%  27.3  565s
 21285 16923 81124.0877   31  897 80664.7992 81159.9130  0.61%  28.5  575s
 21287 16926 81114.9246   32  882 80664.7992 81159.9130  0.61%  28.5  589s
 21291 16929 81110.5203   33  897 80664.7992 81159.9130  0.61%  28.5  600s

Cutting planes:
  Gomory: 127
  MIR: 489
  StrongCG: 3
  Flow cover: 519
  Zero half: 29

Explored 21295 nodes (610801 simplex iterations) in 600.05 seconds
Thread count was 4 (of 4 available processors)

Solution count 10: 80664.8 80664.7 80664.6 ... 80660.4

Time limit reached
Best objective 8.066479916617e+04, best bound 8.115991304186e+04, gap 0.6138%
ILP took 600164 Milliseconds.
#AggregatedHardFormulas: 0
#AggregatedSoftFormulas: 11
#AggregatedClauses[1]: 3687
#CountingConstraintsAggregatingMoreThanOneClause[1]: 3683
#CountingConstraintsWithMoreThanOneLiteral[1]: 3664
#ConstraintsAggregatedByContingConstraintWithMoreThanOneLiteral[1]: 230716
#CountingConstraintsWithOneLiteral[1]: 23
#ConstraintsAggregatedByContingConstraintWithOneLiteral[1]: 40806
#ZVariables: 6918
#BinaryVariables: 7859
#MixedVariables: 0

---- Start  Loop 2 ----Tue Dec 18 16:39:25 IRST 2018
add 17 constraints (total number = 6918)
Optimize a model with 6918 rows, 11542 columns and 269683 nonzeros
Variable types: 0 continuous, 11542 integer (7859 binary)
Coefficient statistics:
  Matrix range     [1e+00, 7e+01]
  Objective range  [6e-04, 3e+00]
  Bounds range     [1e+00, 2e+04]
  RHS range        [2e+00, 2e+04]

MIP start produced solution with objective 80626.8 (0.01s)
Loaded MIP start with objective 80626.8

Presolve removed 6051 rows and 9999 columns
Presolve time: 0.27s
Presolved: 867 rows, 1543 columns, 27940 nonzeros
Found heuristic solution: objective 80664.963833
Variable types: 0 continuous, 1543 integer (869 binary)

Root relaxation: objective 8.177741e+04, 884 iterations, 0.06 seconds

    Nodes    |    Current Node    |     Objective Bounds      |     Work
 Expl Unexpl |  Obj  Depth IntInf | Incumbent    BestBd   Gap | It/Node Time

     0     0 81777.4053    0  604 80664.9638 81777.4053  1.38%     -    0s
     0     0 81694.5221    0  649 80664.9638 81694.5221  1.28%     -    0s
     0     0 81476.6881    0  654 80664.9638 81476.6881  1.01%     -    1s
     0     0 81343.7278    0  645 80664.9638 81343.7278  0.84%     -    1s
     0     0 81331.2941    0  660 80664.9638 81331.2941  0.83%     -    1s
     0     0 81331.1903    0  660 80664.9638 81331.1903  0.83%     -    1s
     0     0 81277.1736    0  693 80664.9638 81277.1736  0.76%     -    1s
     0     0 81276.0842    0  700 80664.9638 81276.0842  0.76%     -    2s
     0     0 81271.3185    0  741 80664.9638 81271.3185  0.75%     -    2s
     0     0 81271.3185    0  734 80664.9638 81271.3185  0.75%     -    3s
H    0     0                    80665.604167 81271.3185  0.75%     -    3s
     0     2 81271.3185    0  734 80665.6042 81271.3185  0.75%     -    3s
   125   126 81221.8446   20  703 80665.6042 81260.2917  0.74%  26.8    5s
H  217   209                    80667.097233 81260.2917  0.74%  21.5    5s
H 1000  1003                    80669.722945 81260.2917  0.73%  14.0    8s
H 1001  1005                    80671.917063 81260.2917  0.73%  14.0    8s
  1464  1433 80877.3885  109  734 80671.9171 81259.3740  0.73%  12.6   10s
H 1466  1362                    80671.963149 81259.3740  0.73%  12.6   12s
  1474  1368 80699.9471  168  762 80671.9631 81254.3715  0.72%  12.5   15s
H 1487  1307                    80672.314986 81238.3562  0.70%  12.4   19s
  1494  1312 80983.7056   51  832 80672.3150 81229.9756  0.69%  12.4   20s
H 1494  1245                    80672.770706 81229.9756  0.69%  12.4   21s
H 1494  1183                    80672.816792 81229.9756  0.69%  12.4   21s
  1509  1193 81155.3534   28  866 80672.8168 81219.3923  0.68%  12.2   25s
  1519  1200 81033.6962   69  846 80672.8168 81205.1160  0.66%  12.2   30s
H 1531  1146                    80672.962695 81200.1009  0.65%  12.1   36s
  1544  1154 80723.3883  155  919 80672.9627 81197.0067  0.65%  12.0   40s
  1556  1162 80840.2604  126  941 80672.9627 81189.9482  0.64%  11.9   45s
  1560  1165 81141.6307   35  918 80672.9627 81185.6756  0.64%  11.8   51s
  1563  1167 80698.3428  170  930 80672.9627 81184.6380  0.63%  11.8   55s
  1570  1172 81025.7365   71  961 80672.9627 81182.8307  0.63%  11.8   60s
  1577  1176 80951.4743   92  981 80672.9627 81181.8069  0.63%  11.7   65s
  1583  1181 80704.5831  164  604 80672.9627 81181.3753  0.63%  22.6   70s
  1613  1201 81181.3753   19  936 80672.9627 81181.3753  0.63%  22.2   75s
  1624  1209 81097.2350   45  908 80672.9627 81180.5455  0.63%  22.0   82s
  1628  1211 81090.0067   47  934 80672.9627 81179.6807  0.63%  22.0   85s
  1635  1216 80875.9728  109  934 80672.9627 81178.7637  0.63%  21.9   90s
  1636  1217 80835.6418  126  934 80672.9627 81178.7637  0.63%  21.9   95s
  1678  1246 81162.4570   34  908 80672.9627 81171.9606  0.62%  29.1  100s
  1755  1295 81141.7133   42  875 80672.9627 81171.9606  0.62%  32.4  105s
  1923  1410 81062.3911   67  834 80672.9627 81171.9606  0.62%  35.2  111s
  2103  1530 80983.9366   89  806 80672.9627 81171.9606  0.62%  34.4  115s
  2369  1708 80858.4891  120  640 80672.9627 81171.9606  0.62%  36.7  120s
  2662  1904 80745.8410  151  602 80672.9627 81171.9606  0.62%  39.8  126s
  2890  2008 81152.1372   35  925 80672.9627 81171.4353  0.62%  41.2  130s
  3029  2090 81086.6841   49  862 80672.9627 81171.4353  0.62%  45.5  136s
  3317  2297 80994.8875   71  831 80672.9627 81171.4353  0.62%  45.0  140s
  3633  2510 80927.5660   89  797 80672.9627 81171.4353  0.62%  45.5  146s
  3900  2681 80871.0713  101  711 80672.9627 81171.4353  0.62%  46.5  161s
  4275  2890 80798.6186  124  599 80672.9627 81171.4353  0.62%  46.9  167s
  4691  3191 80729.1651  150  544 80672.9627 81171.4353  0.62%  46.1  171s
  4930  3317 80702.1980  165  516 80672.9627 81171.4353  0.62%  46.4  175s
  5287  3523 81098.9233   46  865 80672.9627 81169.1001  0.61%  46.4  181s
  5746  3967 81073.7203   33  738 80672.9627 81167.6287  0.61%  46.9  187s
  6009  4199 80983.6089   52  675 80672.9627 81167.6287  0.61%  47.2  191s
  6561  4721 80760.6836  116  556 80672.9627 81167.1417  0.61%  46.6  197s
  6851  4997 81131.3442   38  907 80672.9627 81167.1417  0.61%  47.1  201s
  7121  5246 80851.0506   91  647 80672.9627 81166.3626  0.61%  47.7  206s
  7430  5502 81130.3861   34  893 80672.9627 81166.1930  0.61%  47.8  211s
  7744  5814 81028.1567   63  799 80672.9627 81166.1930  0.61%  47.8  216s
  8181  6216 80806.4167  119  679 80672.9627 81165.4410  0.61%  47.5  221s
  8625  6646 81064.0933   37  835 80672.9627 81165.4410  0.61%  47.3  225s
  8980  6936 80831.5593  104  624 80672.9627 81165.0329  0.61%  46.9  230s
  9435  7348 80914.0665   71  692 80672.9627 81164.9320  0.61%  46.5  236s
  9994  7855 81016.1802   54  783 80672.9627 81164.8831  0.61%  45.7  241s
 10279  8123 81094.3869   36  734 80672.9627 81164.8831  0.61%  45.7  264s
 10281  8124 81120.5221   36  568 80672.9627 81164.8831  0.61%  45.7  265s
 10295  8134 80674.9944  174  883 80672.9627 81164.8831  0.61%  45.6  270s
 10323  8152 80685.1703  188  921 80672.9627 81164.8831  0.61%  45.5  276s
 10327  8155 81050.0443   52  920 80672.9627 81164.8831  0.61%  45.5  281s
 10329  8156 80897.4866   85  919 80672.9627 81164.8831  0.61%  45.5  287s
 10331  8158 81042.8647   59  916 80672.9627 81164.8831  0.61%  45.5  292s
 10332  8161 81164.8831   36  902 80672.9627 81164.8831  0.61%  46.1  304s
 10334  8165 81116.3708   37  842 80672.9627 81164.8831  0.61%  46.1  318s
 10338  8167 81113.7285   38  860 80672.9627 81164.8831  0.61%  46.2  320s
 10397  8206 81096.4209   47  832 80672.9627 81164.8831  0.61%  46.7  325s
 10470  8251 81067.5910   58  789 80672.9627 81164.8831  0.61%  47.0  330s
 10564  8307 81007.1521   72  713 80672.9627 81164.8831  0.61%  47.7  335s
 10723  8427 80956.2106   96  688 80672.9627 81164.8831  0.61%  48.1  340s
 10915  8551 80861.4406  116  592 80672.9627 81164.8831  0.61%  48.4  345s
 11217  8744 80777.4084  153  494 80672.9627 81164.8831  0.61%  48.7  350s
 11634  8966 81051.8831   44  757 80672.9627 81164.8831  0.61%  48.6  355s
 12168  9299 80942.2523   78  581 80672.9627 81164.8831  0.61%  48.2  360s
 12773  9687 80811.9708  133  477 80672.9627 81164.8831  0.61%  46.9  378s
 12837  9737 80807.0909  134  477 80672.9627 81164.8831  0.61%  46.9  380s
 13812 10361 80724.0574  195  330 80672.9627 81164.8831  0.61%  45.2  385s
 14532 10785 80700.1016  220  233 80672.9627 81164.8831  0.61%  44.6  390s
 15258 11189 81070.8999   46  811 80672.9627 81164.8831  0.61%  44.0  395s
 15525 11354 81019.7917   53  742 80672.9627 81164.8831  0.61%  43.8  407s
H15526 10947                    80673.152084 81164.8831  0.61%  43.8  407s
 15738 11091 80950.3490   70  614 80673.1521 81164.8831  0.61%  44.0  410s
 16650 11615 80763.9747  145  426 80673.1521 81164.8831  0.61%  42.8  415s
 17329 12023 80689.9279  202  243 80673.1521 81160.9085  0.60%  42.5  420s
 17686 12254 80900.5030   80  695 80673.1521 81160.7365  0.60%  42.7  426s
 18479 12746 80706.4656  174  259 80673.1521 81160.1182  0.60%  42.5  431s
 19112 13116 80826.1496  105  602 80673.1521 81159.9876  0.60%  42.6  437s
 19664 13417 81064.8335   62  875 80673.1521 81159.9876  0.60%  42.1  440s
 20407 13853 80906.3424   81  647 80673.1521 81157.1559  0.60%  42.3  447s
 20923 14165 80793.4742  115  734 80673.1521 81157.0587  0.60%  42.2  502s
 20930 14170 80885.1870   94  626 80673.1521 81157.0587  0.60%  42.2  505s
 20940 14176 80850.1813  118  896 80673.1521 81157.0587  0.60%  42.1  510s
 20964 14192 80815.3517  121  923 80673.1521 81157.0587  0.60%  42.1  516s
 20968 14195 80877.2522   89  941 80673.1521 81157.0587  0.60%  42.1  521s
 20971 14197 80842.5017  115  938 80673.1521 81157.0587  0.60%  42.1  526s
 20973 14198 80722.6620  197  948 80673.1521 81157.0587  0.60%  42.1  530s
H20973 13487                    80673.214177 81157.0587  0.60%  42.1  530s
 20976 13489 80677.7359  176  947 80673.2142 81157.0587  0.60%  42.1  535s
 20979 13491 80676.2106  217  954 80673.2142 81157.0587  0.60%  42.1  541s
 20981 13493 80833.3567  107  957 80673.2142 81157.0587  0.60%  42.1  545s
 20984 13495 81146.1061   46  952 80673.2142 81157.0587  0.60%  42.0  550s
 20987 13497 80881.1718   93  958 80673.2142 81157.0587  0.60%  42.0  557s
H20988 12821                    80673.260263 81157.0587  0.60%  42.0  562s
 20991 12823 80824.0981  124  964 80673.2603 81157.0587  0.60%  42.0  565s
 20995 12826 80690.2258  192  967 80673.2603 81157.0587  0.60%  42.0  572s
 20997 12827 81052.2313   51  964 80673.2603 81157.0587  0.60%  42.0  576s
 21000 12829 80676.4555  192  973 80673.2603 81157.0587  0.60%  42.0  580s
 21004 12832 80676.7383  193  975 80673.2603 81157.0587  0.60%  42.0  585s
 21007 12834 80921.3303   99  951 80673.2603 81157.0587  0.60%  42.0  590s
 21010 12836 80859.6585  105  963 80673.2603 81157.0587  0.60%  42.0  595s

Cutting planes:
  Gomory: 185
  MIR: 447
  StrongCG: 2
  Flow cover: 509
  Zero half: 34

Explored 21012 nodes (898647 simplex iterations) in 600.07 seconds
Thread count was 4 (of 4 available processors)

Solution count 10: 80673.3 80673.2 80673.2 ... 80671.9

Time limit reached
Best objective 8.067326026277e+04, best bound 8.115705872884e+04, gap 0.5997%
ILP took 600112 Milliseconds.
#AggregatedHardFormulas: 0
#AggregatedSoftFormulas: 10
#AggregatedClauses[1]: 3687
#CountingConstraintsAggregatingMoreThanOneClause[1]: 3683
#CountingConstraintsWithMoreThanOneLiteral[1]: 3664
#ConstraintsAggregatedByContingConstraintWithMoreThanOneLiteral[1]: 230716
#CountingConstraintsWithOneLiteral[1]: 23
#ConstraintsAggregatedByContingConstraintWithOneLiteral[1]: 40806
#ZVariables: 6918
#BinaryVariables: 7859
#MixedVariables: 0

Total ILP Time: 1200366
Dispose model
Dispose environment
Database connection terminated
=XEGGORA EVAL=CPI true ORDER -1============================================
===== Start Standard Grounder =====Tue Dec 18 16:49:25 IRST 2018
...............................PutDataIntoTables duration: 18

Number of formulas: 24
#Hard Formulas: 0
#Soft Formulas: 24
#GSW Formulas: 0
#Soft Formulas with nonzero weight: 24
#Objective Formulas: 0
#Cardinality Formulas: 0
1299 evidence atoms
Grounding took: 458ms
Soft objective 112403.778011774
Hard objective 0.0
Evaluation took: 572ms
data/lp/prog.mln;data/lp/evidence.db;gap: 0.001;FCA;cpi;not simplified;#iters: 1;ILPtime: 1200366;runtime: 1204558;objective: 112403.778011774;hardObjective: 0.0
