mohammad@mohammad:~/projects/xeggora/data/er$ java -jar ~/tuffy/tuffy.jar -i prog.mln -e evidence.db -q SameBib,SameTitle,SameVenue,SameAuthor -o tuffyOutput.db 
Database schema     = tuffy_mohammad_mohammad_3806
Current directory   = /home/mohammad/projects/xeggora/data/er
Temporary directory = /tmp/tuffy-workspace/tuffy_mohammad_mohammad_3806
*** Welcome to Tuffy 0.3!
>>> Running partition-aware inference.
>>> Connecting to RDBMS at jdbc:postgresql://localhost:5432/postgres
>>> Parsing program file: prog.mln
>>> Parsing evidence file: evidence.db
>>> Storing evidence...
SameAuthor(v1, v2)
SameTitle(v1, v2)
SameVenue(v1, v2)
SameBib(v1, v2)
>>> Grounding...
### atoms = 56,904; clauses = 177,056
>>> Partitioning MRF...
>>> Grouping Components into Buckets...
### 11537 components; 11537 partitions; 1 buckets
>>> Running MAP inference on 11,537 components (grouped into 1 bucket)
>>> Processing Bucket #1 (11,537 components)
    Loading data...
    Running inference with 4 thread(s)...
flushing states of 56904 atoms
### Best answer has cost 15526.42
>>> Writing answer to file: tuffyOutput.db
>>> Cleaning up temporary data
    Removing database schema 'tuffy_mohammad_mohammad_3806'...OK
    Removing temporary dir '/tmp/tuffy-workspace/tuffy_mohammad_mohammad_3806'...OK
*** Tuffy exited at 23:06:38 12/9/18 after running for [16 min, 0.505 sec]

===== Start Standard Grounder =====Sun Dec 09 23:07:02 IRST 2018
.......................PutDataIntoTables duration: 179

Number of formulas: 7717
#Hard Formulas: 8
#Soft Formulas: 7709
#GSW Formulas: 0
#Soft Formulas with nonzero weight: 1265
#Objective Formulas: 0
#Cardinality Formulas: 0
150402 evidence atoms
Grounding took: 550ms
Soft objective 8301.879618779993
Hard objective 10760.0
Evaluation took: 4001ms
No Simplify Tuffy Evaluation: 8301.879618779993

===== Start Standard Grounder =====Sun Dec 09 23:13:59 IRST 2018
.......................PutDataIntoTables duration: 101

Number of formulas: 7717
#Hard Formulas: 8
#Soft Formulas: 7709
#GSW Formulas: 0
#Soft Formulas with nonzero weight: 1265
#Objective Formulas: 0
#Cardinality Formulas: 0
28282 evidence atoms
Grounding took: 490ms
Soft objective -129153.26079199999
Hard objective 3570.0
Evaluation took: 3126ms
No Simplify Empty Evaluation: -129153.26079199999
