Parameters.THREAD_NUMBER 4

*** ITERATION 1 ***
data/lp/prog.mln;data/lp/evidence.db;0.01;no z aggr;cpi;
Academic license - for non-commercial use only
===== Start Standard Grounder =====Mon Dec 10 16:51:32 IRST 2018
..............................PutDataIntoTables duration: 23

Number of formulas: 24
#Hard Formulas: 0
#Soft Formulas: 24
#GSW Formulas: 0
#Soft Formulas with nonzero weight: 24
#Objective Formulas: 0
#Cardinality Formulas: 0
1047 evidence atoms
Aggregation order 0
===== Start Standard Solver =====Mon Dec 10 16:51:32 IRST 2018

#BinaryVariables: 0


#BinaryVariables: 38914

---- Start  Loop 0 ----Mon Dec 10 16:51:33 IRST 2018
add 34290 constraints (total number = 34290)
Optimize a model with 34290 rows, 38914 columns and 69016 nonzeros
Variable types: 0 continuous, 38914 integer (38914 binary)
Coefficient statistics:
  Matrix range     [1e+00, 1e+00]
  Objective range  [5e-02, 2e+00]
  Bounds range     [1e+00, 1e+00]
  RHS range        [1e+00, 1e+00]
Found heuristic solution: objective -9923.242680
Presolve removed 34290 rows and 38914 columns
Presolve time: 0.10s
Presolve: All rows and columns removed

Explored 0 nodes (0 simplex iterations) in 0.12 seconds
Thread count was 1 (of 4 available processors)

Solution count 2: 2090.23 -9923.24 

Optimal solution found (tolerance 1.00e-02)
Best objective 2.090225925000e+03, best bound 2.090225925000e+03, gap 0.0000%
ILP took 530 Milliseconds.

#BinaryVariables: 279323

---- Start  Loop 1 ----Mon Dec 10 16:51:36 IRST 2018
add 240409 constraints (total number = 274699)
Optimize a model with 274699 rows, 279323 columns and 783248 nonzeros
Variable types: 0 continuous, 279323 integer (279323 binary)
Coefficient statistics:
  Matrix range     [1e+00, 2e+00]
  Objective range  [6e-04, 3e+00]
  Bounds range     [1e+00, 1e+00]
  RHS range        [1e+00, 2e+00]

MIP start produced solution with objective -15790.3 (0.30s)
Loaded MIP start with objective -15790.3

Presolve removed 264492 rows and 268748 columns
Presolve time: 1.22s
Presolved: 10207 rows, 10575 columns, 30523 nonzeros
Found heuristic solution: objective 75847.327740
Variable types: 0 continuous, 10575 integer (10575 binary)

Root relaxation: objective 8.173310e+04, 4438 iterations, 0.38 seconds

    Nodes    |    Current Node    |     Objective Bounds      |     Work
 Expl Unexpl |  Obj  Depth IntInf | Incumbent    BestBd   Gap | It/Node Time

     0     0 81733.0984    0  466 75847.3277 81733.0984  7.76%     -    2s
H    0     0                    80385.704517 81733.0984  1.68%     -    2s
H    0     0                    80430.281086 81733.0984  1.62%     -    2s
H    0     0                    80515.123772 81733.0984  1.51%     -    2s
H    0     0                    80528.273335 81733.0984  1.50%     -    2s
H    0     0                    80529.551065 81733.0746  1.49%     -    2s
     0     0 81674.7137    0  532 80529.5511 81674.7137  1.42%     -    3s
H    0     0                    80536.622419 81674.7137  1.41%     -    4s
     0     0 81654.5038    0  542 80536.6224 81654.5038  1.39%     -    4s
     0     0 81652.0769    0  531 80536.6224 81652.0769  1.39%     -    4s
     0     0 81578.2797    0  640 80536.6224 81578.2797  1.29%     -    7s
     0     0 81525.0747    0  702 80536.6224 81525.0747  1.23%     -    9s
     0     0 81460.6110    0  784 80536.6224 81460.6110  1.15%     -   14s
H    0     0                    80541.863746 81460.6110  1.14%     -   16s
     0     0 81421.6811    0  860 80541.8637 81421.6811  1.09%     -   19s
H    0     0                    80570.723953 81421.6811  1.06%     -   20s
H    0     0                    80572.103316 81421.6811  1.05%     -   20s
     0     0 81415.9927    0  832 80572.1033 81415.9927  1.05%     -   21s
     0     0 81414.5818    0  818 80572.1033 81414.5818  1.05%     -   21s
     0     0 81414.3894    0  811 80572.1033 81414.3894  1.05%     -   21s
H    0     0                    80594.030334 81414.3894  1.02%     -   31s
H    0     0                    80618.907505 81414.3894  0.99%     -   31s
H    0     0                    80619.053408 81414.3894  0.99%     -   31s
H    0     0                    80619.345214 81414.3894  0.99%     -   31s
     0     0 81362.9592    0 1117 80619.3452 81362.9592  0.92%     -   31s

Cutting planes:
  Gomory: 20
  MIR: 6405
  Zero half: 2337

Explored 1 nodes (32070 simplex iterations) in 31.75 seconds
Thread count was 4 (of 4 available processors)

Solution count 10: 80619.3 80619.1 80618.9 ... 80528.3

Optimal solution found (tolerance 1.00e-02)
Best objective 8.061934521378e+04, best bound 8.136295923948e+04, gap 0.9224%
ILP took 32860 Milliseconds.

#BinaryVariables: 279379

---- Start  Loop 2 ----Mon Dec 10 16:52:09 IRST 2018
add 56 constraints (total number = 274755)
Optimize a model with 274755 rows, 279379 columns and 783402 nonzeros
Variable types: 0 continuous, 279379 integer (279379 binary)
Coefficient statistics:
  Matrix range     [1e+00, 2e+00]
  Objective range  [6e-04, 3e+00]
  Bounds range     [1e+00, 1e+00]
  RHS range        [1e+00, 2e+00]

MIP start produced solution with objective 80581.4 (0.05s)
Loaded MIP start with objective 80581.4

Presolve removed 264533 rows and 268787 columns
Presolve time: 1.19s
Presolved: 10222 rows, 10592 columns, 30567 nonzeros
Found heuristic solution: objective 80619.705014
Variable types: 0 continuous, 10592 integer (10592 binary)

Root relaxation: objective 8.174188e+04, 4476 iterations, 0.38 seconds

    Nodes    |    Current Node    |     Objective Bounds      |     Work
 Expl Unexpl |  Obj  Depth IntInf | Incumbent    BestBd   Gap | It/Node Time

     0     0 81741.8752    0  469 80619.7050 81741.8752  1.39%     -    1s
H    0     0                    80649.080765 81731.3445  1.34%     -    2s
     0     0 81685.1215    0  539 80649.0808 81685.1215  1.28%     -    3s
H    0     0                    80650.498879 81685.1215  1.28%     -    3s
     0     0 81666.4572    0  521 80650.4989 81666.4572  1.26%     -    3s
     0     0 81660.5633    0  545 80650.4989 81660.5633  1.25%     -    3s
     0     0 81660.5633    0  545 80650.4989 81660.5633  1.25%     -    3s
H    0     0                    80651.549445 81660.5633  1.25%     -    7s
     0     0 81571.6353    0  798 80651.5494 81571.6353  1.14%     -    7s
     0     0 81504.1867    0 1004 80651.5494 81504.1867  1.06%     -   10s
     0     0 81455.8907    0 1248 80651.5494 81455.8907  1.00%     -   13s
     0     0 81455.8907    0 1248 80651.5494 81455.8907  1.00%     -   13s

Cutting planes:
  Gomory: 49
  MIR: 4990
  Zero half: 1553

Explored 1 nodes (20547 simplex iterations) in 13.28 seconds
Thread count was 4 (of 4 available processors)

Solution count 4: 80651.5 80650.5 80649.1 80619.7 

Optimal solution found (tolerance 1.00e-02)
Best objective 8.065154944457e+04, best bound 8.145589073968e+04, gap 0.9973%
ILP took 13729 Milliseconds.

#BinaryVariables: 279383

---- Start  Loop 3 ----Mon Dec 10 16:52:23 IRST 2018
add 4 constraints (total number = 274759)
Optimize a model with 274759 rows, 279383 columns and 783414 nonzeros
Variable types: 0 continuous, 279383 integer (279383 binary)
Coefficient statistics:
  Matrix range     [1e+00, 2e+00]
  Objective range  [6e-04, 3e+00]
  Bounds range     [1e+00, 1e+00]
  RHS range        [1e+00, 2e+00]

MIP start produced solution with objective 80651.5 (0.07s)
Loaded MIP start with objective 80651.5

Presolve removed 264535 rows and 268789 columns
Presolve time: 1.28s
Presolved: 10224 rows, 10594 columns, 30573 nonzeros
Variable types: 0 continuous, 10594 integer (10594 binary)

Root relaxation: objective 8.174341e+04, 4422 iterations, 0.43 seconds

    Nodes    |    Current Node    |     Objective Bounds      |     Work
 Expl Unexpl |  Obj  Depth IntInf | Incumbent    BestBd   Gap | It/Node Time

     0     0 81743.4143    0  469 80651.5494 81743.4143  1.35%     -    1s
H    0     0                    80652.967559 81743.4143  1.35%     -    2s
H    0     0                    80653.783221 81732.8253  1.34%     -    3s
     0     0 81684.3856    0  558 80653.7832 81684.3856  1.28%     -    3s
     0     0 81665.5652    0  572 80653.7832 81665.5652  1.25%     -    3s
     0     0 81664.1042    0  563 80653.7832 81664.1042  1.25%     -    3s
     0     0 81664.1042    0  562 80653.7832 81664.1042  1.25%     -    4s
H    0     0                    80655.086898 81664.1042  1.25%     -    6s
H    0     0                    80655.132984 81664.1042  1.25%     -    6s
     0     0 81602.7661    0  655 80655.1330 81602.7661  1.17%     -    6s
     0     0 81521.8793    0  775 80655.1330 81521.8793  1.07%     -    8s
     0     0 81472.3046    0  809 80655.1330 81472.3046  1.01%     -   12s
     0     0 81451.3567    0  860 80655.1330 81451.3567  0.99%     -   16s
     0     0 81451.3567    0  860 80655.1330 81451.3567  0.99%     -   16s

Cutting planes:
  Gomory: 23
  MIR: 7027
  Zero half: 1347

Explored 1 nodes (21194 simplex iterations) in 16.28 seconds
Thread count was 4 (of 4 available processors)

Solution count 5: 80655.1 80655.1 80653.8 ... 80651.5

Optimal solution found (tolerance 1.00e-02)
Best objective 8.065513298377e+04, best bound 8.145135667962e+04, gap 0.9872%
ILP took 16807 Milliseconds.

#BinaryVariables: 279385

---- Start  Loop 4 ----Mon Dec 10 16:52:39 IRST 2018
add 2 constraints (total number = 274761)
Optimize a model with 274761 rows, 279385 columns and 783420 nonzeros
Variable types: 0 continuous, 279385 integer (279385 binary)
Coefficient statistics:
  Matrix range     [1e+00, 2e+00]
  Objective range  [6e-04, 3e+00]
  Bounds range     [1e+00, 1e+00]
  RHS range        [1e+00, 2e+00]

MIP start produced solution with objective 80655.1 (0.05s)
Loaded MIP start with objective 80655.1

Presolve removed 264536 rows and 268790 columns
Presolve time: 1.20s
Presolved: 10225 rows, 10595 columns, 30576 nonzeros
Variable types: 0 continuous, 10595 integer (10595 binary)

Root relaxation: objective 8.174418e+04, 4412 iterations, 0.37 seconds

    Nodes    |    Current Node    |     Objective Bounds      |     Work
 Expl Unexpl |  Obj  Depth IntInf | Incumbent    BestBd   Gap | It/Node Time

     0     0 81744.1839    0  469 80655.1330 81744.1839  1.35%     -    1s
H    0     0                    80655.610337 81744.1839  1.35%     -    1s
     0     0 81687.1447    0  536 80655.6103 81687.1447  1.28%     -    2s
     0     0 81658.3408    0  565 80655.6103 81658.3408  1.24%     -    3s
     0     0 81657.9560    0  566 80655.6103 81657.9560  1.24%     -    3s
     0     0 81657.7637    0  567 80655.6103 81657.7637  1.24%     -    3s
     0     0 81567.7466    0  759 80655.6103 81567.7466  1.13%     -    6s
     0     0 81497.7321    0  874 80655.6103 81497.7321  1.04%     -    8s
     0     0 81447.2185    0  894 80655.6103 81447.2185  0.98%     -   13s
     0     0 81447.2185    0  894 80655.6103 81447.2185  0.98%     -   13s

Cutting planes:
  Gomory: 23
  MIR: 6057
  Zero half: 1329

Explored 1 nodes (21341 simplex iterations) in 13.57 seconds
Thread count was 4 (of 4 available processors)

Solution count 2: 80655.6 80655.1 

Optimal solution found (tolerance 1.00e-02)
Best objective 8.065561033677e+04, best bound 8.144721853796e+04, gap 0.9815%
ILP took 13960 Milliseconds.

#BinaryVariables: 279385

Total ILP Time: 77886
Dispose model
Dispose environment
Database connection terminated
=XEGGORA EVAL=CPI true=Z-VAR AGGR false ORDER 0============================================
===== Start Standard Grounder =====Mon Dec 10 16:52:54 IRST 2018
...............................PutDataIntoTables duration: 17

Number of formulas: 24
#Hard Formulas: 0
#Soft Formulas: 24
#GSW Formulas: 0
#Soft Formulas with nonzero weight: 24
#Objective Formulas: 0
#Cardinality Formulas: 0
1305 evidence atoms
Grounding took: 478ms
Soft objective 112383.04978177401
Hard objective 0.0
Evaluation took: 630ms
data/lp/prog.mln;data/lp/evidence.db;0.01;no z aggr;cpi;;runtime;82579;objective;112383.04978177401;hardObjective;0.0
Iteration finished. Run Time: 82579, ILP Time: 77886

*** ITERATION 2 ***
data/lp/prog.mln;data/lp/evidence.db;0.01;no z aggr;cpi;
Academic license - for non-commercial use only
===== Start Standard Grounder =====Mon Dec 10 16:52:54 IRST 2018
..............................PutDataIntoTables duration: 16

Number of formulas: 24
#Hard Formulas: 0
#Soft Formulas: 24
#GSW Formulas: 0
#Soft Formulas with nonzero weight: 24
#Objective Formulas: 0
#Cardinality Formulas: 0
1047 evidence atoms
Aggregation order 0
===== Start Standard Solver =====Mon Dec 10 16:52:55 IRST 2018

#BinaryVariables: 0


#BinaryVariables: 38914

---- Start  Loop 0 ----Mon Dec 10 16:52:55 IRST 2018
add 34290 constraints (total number = 34290)
Optimize a model with 34290 rows, 38914 columns and 69016 nonzeros
Variable types: 0 continuous, 38914 integer (38914 binary)
Coefficient statistics:
  Matrix range     [1e+00, 1e+00]
  Objective range  [5e-02, 2e+00]
  Bounds range     [1e+00, 1e+00]
  RHS range        [1e+00, 1e+00]
Found heuristic solution: objective -9923.242680
Presolve removed 34290 rows and 38914 columns
Presolve time: 0.06s
Presolve: All rows and columns removed

Explored 0 nodes (0 simplex iterations) in 0.06 seconds
Thread count was 1 (of 4 available processors)

Solution count 2: 2090.23 -9923.24 

Optimal solution found (tolerance 1.00e-02)
Best objective 2.090225925000e+03, best bound 2.090225925000e+03, gap 0.0000%
ILP took 182 Milliseconds.

#BinaryVariables: 279323

---- Start  Loop 1 ----Mon Dec 10 16:52:57 IRST 2018
add 240409 constraints (total number = 274699)
Optimize a model with 274699 rows, 279323 columns and 783248 nonzeros
Variable types: 0 continuous, 279323 integer (279323 binary)
Coefficient statistics:
  Matrix range     [1e+00, 2e+00]
  Objective range  [6e-04, 3e+00]
  Bounds range     [1e+00, 1e+00]
  RHS range        [1e+00, 2e+00]

MIP start produced solution with objective -15790.3 (0.28s)
Loaded MIP start with objective -15790.3

Presolve removed 264492 rows and 268748 columns
Presolve time: 1.15s
Presolved: 10207 rows, 10575 columns, 30523 nonzeros
Found heuristic solution: objective 75847.327740
Variable types: 0 continuous, 10575 integer (10575 binary)

Root relaxation: objective 8.173310e+04, 4438 iterations, 0.35 seconds

    Nodes    |    Current Node    |     Objective Bounds      |     Work
 Expl Unexpl |  Obj  Depth IntInf | Incumbent    BestBd   Gap | It/Node Time

     0     0 81733.0984    0  466 75847.3277 81733.0984  7.76%     -    1s
H    0     0                    80385.704517 81733.0984  1.68%     -    1s
H    0     0                    80430.281086 81733.0984  1.62%     -    2s
H    0     0                    80515.123772 81733.0984  1.51%     -    2s
H    0     0                    80528.273335 81733.0984  1.50%     -    2s
H    0     0                    80529.551065 81733.0746  1.49%     -    2s
     0     0 81674.7137    0  532 80529.5511 81674.7137  1.42%     -    3s
H    0     0                    80536.622419 81674.7137  1.41%     -    3s
     0     0 81654.5038    0  542 80536.6224 81654.5038  1.39%     -    3s
     0     0 81652.0769    0  531 80536.6224 81652.0769  1.39%     -    3s
     0     0 81578.2797    0  640 80536.6224 81578.2797  1.29%     -    7s
     0     0 81525.0747    0  702 80536.6224 81525.0747  1.23%     -    8s
     0     0 81460.6110    0  784 80536.6224 81460.6110  1.15%     -   12s
H    0     0                    80541.863746 81460.6110  1.14%     -   16s
     0     0 81421.6811    0  860 80541.8637 81421.6811  1.09%     -   16s
H    0     0                    80570.723953 81421.6811  1.06%     -   17s
H    0     0                    80572.103316 81421.6811  1.05%     -   17s
     0     0 81415.9927    0  832 80572.1033 81415.9927  1.05%     -   18s
     0     0 81414.5818    0  818 80572.1033 81414.5818  1.05%     -   18s
     0     0 81414.3894    0  811 80572.1033 81414.3894  1.05%     -   18s
H    0     0                    80594.030334 81414.3894  1.02%     -   28s
H    0     0                    80618.907505 81414.3894  0.99%     -   28s
H    0     0                    80619.053408 81414.3894  0.99%     -   28s
H    0     0                    80619.345214 81414.3894  0.99%     -   28s
     0     0 81362.9592    0 1117 80619.3452 81362.9592  0.92%     -   29s

Cutting planes:
  Gomory: 20
  MIR: 6405
  Zero half: 2337

Explored 1 nodes (32070 simplex iterations) in 29.27 seconds
Thread count was 4 (of 4 available processors)

Solution count 10: 80619.3 80619.1 80618.9 ... 80528.3

Optimal solution found (tolerance 1.00e-02)
Best objective 8.061934521378e+04, best bound 8.136295923948e+04, gap 0.9224%
ILP took 30293 Milliseconds.

#BinaryVariables: 279379

---- Start  Loop 2 ----Mon Dec 10 16:53:28 IRST 2018
add 56 constraints (total number = 274755)
Optimize a model with 274755 rows, 279379 columns and 783402 nonzeros
Variable types: 0 continuous, 279379 integer (279379 binary)
Coefficient statistics:
  Matrix range     [1e+00, 2e+00]
  Objective range  [6e-04, 3e+00]
  Bounds range     [1e+00, 1e+00]
  RHS range        [1e+00, 2e+00]

MIP start produced solution with objective 80581.4 (0.05s)
Loaded MIP start with objective 80581.4

Presolve removed 264533 rows and 268787 columns
Presolve time: 1.12s
Presolved: 10222 rows, 10592 columns, 30567 nonzeros
Found heuristic solution: objective 80619.705014
Variable types: 0 continuous, 10592 integer (10592 binary)

Root relaxation: objective 8.174188e+04, 4476 iterations, 0.37 seconds

    Nodes    |    Current Node    |     Objective Bounds      |     Work
 Expl Unexpl |  Obj  Depth IntInf | Incumbent    BestBd   Gap | It/Node Time

     0     0 81741.8752    0  469 80619.7050 81741.8752  1.39%     -    1s
H    0     0                    80649.080765 81731.3445  1.34%     -    2s
     0     0 81685.1215    0  539 80649.0808 81685.1215  1.28%     -    2s
H    0     0                    80650.498879 81685.1215  1.28%     -    2s
     0     0 81666.4572    0  521 80650.4989 81666.4572  1.26%     -    2s
     0     0 81660.5633    0  545 80650.4989 81660.5633  1.25%     -    3s
     0     0 81660.5633    0  545 80650.4989 81660.5633  1.25%     -    3s
H    0     0                    80651.549445 81660.5633  1.25%     -    5s
     0     0 81571.6353    0  798 80651.5494 81571.6353  1.14%     -    5s
     0     0 81504.1867    0 1004 80651.5494 81504.1867  1.06%     -    9s
     0     0 81455.8907    0 1248 80651.5494 81455.8907  1.00%     -   13s
     0     0 81455.8907    0 1248 80651.5494 81455.8907  1.00%     -   13s

Cutting planes:
  Gomory: 49
  MIR: 4990
  Zero half: 1553

Explored 1 nodes (20547 simplex iterations) in 13.24 seconds
Thread count was 4 (of 4 available processors)

Solution count 4: 80651.5 80650.5 80649.1 80619.7 

Optimal solution found (tolerance 1.00e-02)
Best objective 8.065154944457e+04, best bound 8.145589073968e+04, gap 0.9973%
ILP took 13725 Milliseconds.

#BinaryVariables: 279383

---- Start  Loop 3 ----Mon Dec 10 16:53:41 IRST 2018
add 4 constraints (total number = 274759)
Optimize a model with 274759 rows, 279383 columns and 783414 nonzeros
Variable types: 0 continuous, 279383 integer (279383 binary)
Coefficient statistics:
  Matrix range     [1e+00, 2e+00]
  Objective range  [6e-04, 3e+00]
  Bounds range     [1e+00, 1e+00]
  RHS range        [1e+00, 2e+00]

MIP start produced solution with objective 80651.5 (0.05s)
Loaded MIP start with objective 80651.5

Presolve removed 264535 rows and 268789 columns
Presolve time: 1.16s
Presolved: 10224 rows, 10594 columns, 30573 nonzeros
Variable types: 0 continuous, 10594 integer (10594 binary)

Root relaxation: objective 8.174341e+04, 4422 iterations, 0.36 seconds

    Nodes    |    Current Node    |     Objective Bounds      |     Work
 Expl Unexpl |  Obj  Depth IntInf | Incumbent    BestBd   Gap | It/Node Time

     0     0 81743.4143    0  469 80651.5494 81743.4143  1.35%     -    1s
H    0     0                    80652.967559 81743.4143  1.35%     -    1s
H    0     0                    80653.783221 81732.8253  1.34%     -    3s
     0     0 81684.3856    0  558 80653.7832 81684.3856  1.28%     -    3s
     0     0 81665.5652    0  572 80653.7832 81665.5652  1.25%     -    3s
     0     0 81664.1042    0  563 80653.7832 81664.1042  1.25%     -    3s
     0     0 81664.1042    0  562 80653.7832 81664.1042  1.25%     -    3s
H    0     0                    80655.086898 81664.1042  1.25%     -    6s
H    0     0                    80655.132984 81664.1042  1.25%     -    6s
     0     0 81602.7661    0  655 80655.1330 81602.7661  1.17%     -    6s
     0     0 81521.8793    0  775 80655.1330 81521.8793  1.07%     -    9s
     0     0 81472.3046    0  809 80655.1330 81472.3046  1.01%     -   11s
     0     0 81451.3567    0  860 80655.1330 81451.3567  0.99%     -   15s
     0     0 81451.3567    0  860 80655.1330 81451.3567  0.99%     -   15s

Cutting planes:
  Gomory: 23
  MIR: 7027
  Zero half: 1347

Explored 1 nodes (21194 simplex iterations) in 15.33 seconds
Thread count was 4 (of 4 available processors)

Solution count 5: 80655.1 80655.1 80653.8 ... 80651.5

Optimal solution found (tolerance 1.00e-02)
Best objective 8.065513298377e+04, best bound 8.145135667962e+04, gap 0.9872%
ILP took 15705 Milliseconds.

#BinaryVariables: 279385

---- Start  Loop 4 ----Mon Dec 10 16:53:57 IRST 2018
add 2 constraints (total number = 274761)
Optimize a model with 274761 rows, 279385 columns and 783420 nonzeros
Variable types: 0 continuous, 279385 integer (279385 binary)
Coefficient statistics:
  Matrix range     [1e+00, 2e+00]
  Objective range  [6e-04, 3e+00]
  Bounds range     [1e+00, 1e+00]
  RHS range        [1e+00, 2e+00]

MIP start produced solution with objective 80655.1 (0.05s)
Loaded MIP start with objective 80655.1

Presolve removed 264536 rows and 268790 columns
Presolve time: 1.17s
Presolved: 10225 rows, 10595 columns, 30576 nonzeros
Variable types: 0 continuous, 10595 integer (10595 binary)

Root relaxation: objective 8.174418e+04, 4412 iterations, 0.38 seconds

    Nodes    |    Current Node    |     Objective Bounds      |     Work
 Expl Unexpl |  Obj  Depth IntInf | Incumbent    BestBd   Gap | It/Node Time

     0     0 81744.1839    0  469 80655.1330 81744.1839  1.35%     -    1s
H    0     0                    80655.610337 81744.1839  1.35%     -    1s
     0     0 81687.1447    0  536 80655.6103 81687.1447  1.28%     -    2s
     0     0 81658.3408    0  565 80655.6103 81658.3408  1.24%     -    3s
     0     0 81657.9560    0  566 80655.6103 81657.9560  1.24%     -    3s
     0     0 81657.7637    0  567 80655.6103 81657.7637  1.24%     -    3s
     0     0 81567.7466    0  759 80655.6103 81567.7466  1.13%     -    5s
     0     0 81497.7321    0  874 80655.6103 81497.7321  1.04%     -    7s
     0     0 81447.2185    0  894 80655.6103 81447.2185  0.98%     -   14s
     0     0 81447.2185    0  894 80655.6103 81447.2185  0.98%     -   14s

Cutting planes:
  Gomory: 23
  MIR: 6057
  Zero half: 1329

Explored 1 nodes (21341 simplex iterations) in 14.35 seconds
Thread count was 4 (of 4 available processors)

Solution count 2: 80655.6 80655.1 

Optimal solution found (tolerance 1.00e-02)
Best objective 8.065561033677e+04, best bound 8.144721853796e+04, gap 0.9815%
ILP took 14916 Milliseconds.

#BinaryVariables: 279385

Total ILP Time: 74821
Dispose model
Dispose environment
Database connection terminated
=XEGGORA EVAL=CPI true=Z-VAR AGGR false ORDER 0============================================
===== Start Standard Grounder =====Mon Dec 10 16:54:12 IRST 2018
...............................PutDataIntoTables duration: 19

Number of formulas: 24
#Hard Formulas: 0
#Soft Formulas: 24
#GSW Formulas: 0
#Soft Formulas with nonzero weight: 24
#Objective Formulas: 0
#Cardinality Formulas: 0
1305 evidence atoms
Grounding took: 439ms
Soft objective 112383.04978177401
Hard objective 0.0
Evaluation took: 542ms
data/lp/prog.mln;data/lp/evidence.db;0.01;no z aggr;cpi;;runtime;77910;objective;112383.04978177401;hardObjective;0.0
Iteration finished. Run Time: 77910, ILP Time: 74821

*** ITERATION 3 ***
data/lp/prog.mln;data/lp/evidence.db;0.01;no z aggr;cpi;
Academic license - for non-commercial use only
===== Start Standard Grounder =====Mon Dec 10 16:54:13 IRST 2018
..............................PutDataIntoTables duration: 15

Number of formulas: 24
#Hard Formulas: 0
#Soft Formulas: 24
#GSW Formulas: 0
#Soft Formulas with nonzero weight: 24
#Objective Formulas: 0
#Cardinality Formulas: 0
1047 evidence atoms
Aggregation order 0
===== Start Standard Solver =====Mon Dec 10 16:54:13 IRST 2018

#BinaryVariables: 0


#BinaryVariables: 38914

---- Start  Loop 0 ----Mon Dec 10 16:54:13 IRST 2018
add 34290 constraints (total number = 34290)
Optimize a model with 34290 rows, 38914 columns and 69016 nonzeros
Variable types: 0 continuous, 38914 integer (38914 binary)
Coefficient statistics:
  Matrix range     [1e+00, 1e+00]
  Objective range  [5e-02, 2e+00]
  Bounds range     [1e+00, 1e+00]
  RHS range        [1e+00, 1e+00]
Found heuristic solution: objective -9923.242680
Presolve removed 34290 rows and 38914 columns
Presolve time: 0.06s
Presolve: All rows and columns removed

Explored 0 nodes (0 simplex iterations) in 0.06 seconds
Thread count was 1 (of 4 available processors)

Solution count 2: 2090.23 -9923.24 

Optimal solution found (tolerance 1.00e-02)
Best objective 2.090225925000e+03, best bound 2.090225925000e+03, gap 0.0000%
ILP took 191 Milliseconds.

#BinaryVariables: 279323

---- Start  Loop 1 ----Mon Dec 10 16:54:16 IRST 2018
add 240409 constraints (total number = 274699)
Optimize a model with 274699 rows, 279323 columns and 783248 nonzeros
Variable types: 0 continuous, 279323 integer (279323 binary)
Coefficient statistics:
  Matrix range     [1e+00, 2e+00]
  Objective range  [6e-04, 3e+00]
  Bounds range     [1e+00, 1e+00]
  RHS range        [1e+00, 2e+00]

MIP start produced solution with objective -15790.3 (0.30s)
Loaded MIP start with objective -15790.3

Presolve removed 264492 rows and 268748 columns
Presolve time: 1.14s
Presolved: 10207 rows, 10575 columns, 30523 nonzeros
Found heuristic solution: objective 75847.327740
Variable types: 0 continuous, 10575 integer (10575 binary)

Root relaxation: objective 8.173310e+04, 4438 iterations, 0.36 seconds

    Nodes    |    Current Node    |     Objective Bounds      |     Work
 Expl Unexpl |  Obj  Depth IntInf | Incumbent    BestBd   Gap | It/Node Time

     0     0 81733.0984    0  466 75847.3277 81733.0984  7.76%     -    1s
H    0     0                    80385.704517 81733.0984  1.68%     -    1s
H    0     0                    80430.281086 81733.0984  1.62%     -    2s
H    0     0                    80515.123772 81733.0984  1.51%     -    2s
H    0     0                    80528.273335 81733.0984  1.50%     -    2s
H    0     0                    80529.551065 81733.0746  1.49%     -    2s
     0     0 81674.7137    0  532 80529.5511 81674.7137  1.42%     -    3s
H    0     0                    80536.622419 81674.7137  1.41%     -    3s
     0     0 81654.5038    0  542 80536.6224 81654.5038  1.39%     -    3s
     0     0 81652.0769    0  531 80536.6224 81652.0769  1.39%     -    3s
     0     0 81578.2797    0  640 80536.6224 81578.2797  1.29%     -    5s
     0     0 81525.0747    0  702 80536.6224 81525.0747  1.23%     -    7s
     0     0 81460.6110    0  784 80536.6224 81460.6110  1.15%     -   13s
H    0     0                    80541.863746 81460.6110  1.14%     -   15s
     0     0 81421.6811    0  860 80541.8637 81421.6811  1.09%     -   18s
H    0     0                    80570.723953 81421.6811  1.06%     -   19s
H    0     0                    80572.103316 81421.6811  1.05%     -   19s
     0     0 81415.9927    0  832 80572.1033 81415.9927  1.05%     -   19s
     0     0 81414.5818    0  818 80572.1033 81414.5818  1.05%     -   20s
     0     0 81414.3894    0  811 80572.1033 81414.3894  1.05%     -   20s
H    0     0                    80594.030334 81414.3894  1.02%     -   30s
H    0     0                    80618.907505 81414.3894  0.99%     -   30s
H    0     0                    80619.053408 81414.3894  0.99%     -   30s
H    0     0                    80619.345214 81414.3894  0.99%     -   30s
     0     0 81362.9592    0 1117 80619.3452 81362.9592  0.92%     -   30s

Cutting planes:
  Gomory: 20
  MIR: 6405
  Zero half: 2337

Explored 1 nodes (32070 simplex iterations) in 30.59 seconds
Thread count was 4 (of 4 available processors)

Solution count 10: 80619.3 80619.1 80618.9 ... 80528.3

Optimal solution found (tolerance 1.00e-02)
Best objective 8.061934521378e+04, best bound 8.136295923948e+04, gap 0.9224%
ILP took 31989 Milliseconds.

#BinaryVariables: 279379

---- Start  Loop 2 ----Mon Dec 10 16:54:48 IRST 2018
add 56 constraints (total number = 274755)
Optimize a model with 274755 rows, 279379 columns and 783402 nonzeros
Variable types: 0 continuous, 279379 integer (279379 binary)
Coefficient statistics:
  Matrix range     [1e+00, 2e+00]
  Objective range  [6e-04, 3e+00]
  Bounds range     [1e+00, 1e+00]
  RHS range        [1e+00, 2e+00]

MIP start produced solution with objective 80581.4 (0.05s)
Loaded MIP start with objective 80581.4

Presolve removed 264533 rows and 268787 columns
Presolve time: 1.18s
Presolved: 10222 rows, 10592 columns, 30567 nonzeros
Found heuristic solution: objective 80619.705014
Variable types: 0 continuous, 10592 integer (10592 binary)

Root relaxation: objective 8.174188e+04, 4476 iterations, 0.37 seconds

    Nodes    |    Current Node    |     Objective Bounds      |     Work
 Expl Unexpl |  Obj  Depth IntInf | Incumbent    BestBd   Gap | It/Node Time

     0     0 81741.8752    0  469 80619.7050 81741.8752  1.39%     -    1s
H    0     0                    80649.080765 81731.3445  1.34%     -    2s
     0     0 81685.1215    0  539 80649.0808 81685.1215  1.28%     -    3s
H    0     0                    80650.498879 81685.1215  1.28%     -    3s
     0     0 81666.4572    0  521 80650.4989 81666.4572  1.26%     -    3s
     0     0 81660.5633    0  545 80650.4989 81660.5633  1.25%     -    3s
     0     0 81660.5633    0  545 80650.4989 81660.5633  1.25%     -    3s
H    0     0                    80651.549445 81660.5633  1.25%     -    7s
     0     0 81571.6353    0  798 80651.5494 81571.6353  1.14%     -    7s
     0     0 81504.1867    0 1004 80651.5494 81504.1867  1.06%     -    9s
     0     0 81455.8907    0 1248 80651.5494 81455.8907  1.00%     -   12s
     0     0 81455.8907    0 1248 80651.5494 81455.8907  1.00%     -   12s

Cutting planes:
  Gomory: 49
  MIR: 4990
  Zero half: 1553

Explored 1 nodes (20547 simplex iterations) in 12.69 seconds
Thread count was 4 (of 4 available processors)

Solution count 4: 80651.5 80650.5 80649.1 80619.7 

Optimal solution found (tolerance 1.00e-02)
Best objective 8.065154944457e+04, best bound 8.145589073968e+04, gap 0.9973%
ILP took 13299 Milliseconds.

#BinaryVariables: 279383

---- Start  Loop 3 ----Mon Dec 10 16:55:01 IRST 2018
add 4 constraints (total number = 274759)
Optimize a model with 274759 rows, 279383 columns and 783414 nonzeros
Variable types: 0 continuous, 279383 integer (279383 binary)
Coefficient statistics:
  Matrix range     [1e+00, 2e+00]
  Objective range  [6e-04, 3e+00]
  Bounds range     [1e+00, 1e+00]
  RHS range        [1e+00, 2e+00]

MIP start produced solution with objective 80651.5 (0.05s)
Loaded MIP start with objective 80651.5

Presolve removed 264535 rows and 268789 columns
Presolve time: 1.16s
Presolved: 10224 rows, 10594 columns, 30573 nonzeros
Variable types: 0 continuous, 10594 integer (10594 binary)

Root relaxation: objective 8.174341e+04, 4422 iterations, 0.37 seconds

    Nodes    |    Current Node    |     Objective Bounds      |     Work
 Expl Unexpl |  Obj  Depth IntInf | Incumbent    BestBd   Gap | It/Node Time

     0     0 81743.4143    0  469 80651.5494 81743.4143  1.35%     -    1s
H    0     0                    80652.967559 81743.4143  1.35%     -    1s
H    0     0                    80653.783221 81732.8253  1.34%     -    2s
     0     0 81684.3856    0  558 80653.7832 81684.3856  1.28%     -    2s
     0     0 81665.5652    0  572 80653.7832 81665.5652  1.25%     -    3s
     0     0 81664.1042    0  563 80653.7832 81664.1042  1.25%     -    3s
     0     0 81664.1042    0  562 80653.7832 81664.1042  1.25%     -    3s
H    0     0                    80655.086898 81664.1042  1.25%     -    5s
H    0     0                    80655.132984 81664.1042  1.25%     -    5s
     0     0 81602.7661    0  655 80655.1330 81602.7661  1.17%     -    5s
     0     0 81521.8793    0  775 80655.1330 81521.8793  1.07%     -    7s
     0     0 81472.3046    0  809 80655.1330 81472.3046  1.01%     -   11s
     0     0 81451.3567    0  860 80655.1330 81451.3567  0.99%     -   15s
     0     0 81451.3567    0  860 80655.1330 81451.3567  0.99%     -   15s

Cutting planes:
  Gomory: 23
  MIR: 7027
  Zero half: 1347

Explored 1 nodes (21194 simplex iterations) in 15.12 seconds
Thread count was 4 (of 4 available processors)

Solution count 5: 80655.1 80655.1 80653.8 ... 80651.5

Optimal solution found (tolerance 1.00e-02)
Best objective 8.065513298377e+04, best bound 8.145135667962e+04, gap 0.9872%
ILP took 15730 Milliseconds.

#BinaryVariables: 279385

---- Start  Loop 4 ----Mon Dec 10 16:55:17 IRST 2018
add 2 constraints (total number = 274761)
Optimize a model with 274761 rows, 279385 columns and 783420 nonzeros
Variable types: 0 continuous, 279385 integer (279385 binary)
Coefficient statistics:
  Matrix range     [1e+00, 2e+00]
  Objective range  [6e-04, 3e+00]
  Bounds range     [1e+00, 1e+00]
  RHS range        [1e+00, 2e+00]

MIP start produced solution with objective 80655.1 (0.05s)
Loaded MIP start with objective 80655.1

Presolve removed 264536 rows and 268790 columns
Presolve time: 1.15s
Presolved: 10225 rows, 10595 columns, 30576 nonzeros
Variable types: 0 continuous, 10595 integer (10595 binary)

Root relaxation: objective 8.174418e+04, 4412 iterations, 0.38 seconds

    Nodes    |    Current Node    |     Objective Bounds      |     Work
 Expl Unexpl |  Obj  Depth IntInf | Incumbent    BestBd   Gap | It/Node Time

     0     0 81744.1839    0  469 80655.1330 81744.1839  1.35%     -    1s
H    0     0                    80655.610337 81744.1839  1.35%     -    1s
     0     0 81687.1447    0  536 80655.6103 81687.1447  1.28%     -    3s
     0     0 81658.3408    0  565 80655.6103 81658.3408  1.24%     -    3s
     0     0 81657.9560    0  566 80655.6103 81657.9560  1.24%     -    3s
     0     0 81657.7637    0  567 80655.6103 81657.7637  1.24%     -    3s
     0     0 81567.7466    0  759 80655.6103 81567.7466  1.13%     -    6s
     0     0 81497.7321    0  874 80655.6103 81497.7321  1.04%     -    8s
     0     0 81447.2185    0  894 80655.6103 81447.2185  0.98%     -   14s
     0     0 81447.2185    0  894 80655.6103 81447.2185  0.98%     -   14s

Cutting planes:
  Gomory: 23
  MIR: 6057
  Zero half: 1329

Explored 1 nodes (21341 simplex iterations) in 14.57 seconds
Thread count was 4 (of 4 available processors)

Solution count 2: 80655.6 80655.1 

Optimal solution found (tolerance 1.00e-02)
Best objective 8.065561033677e+04, best bound 8.144721853796e+04, gap 0.9815%
ILP took 15119 Milliseconds.

#BinaryVariables: 279385

Total ILP Time: 76328
Dispose model
Dispose environment
Database connection terminated
=XEGGORA EVAL=CPI true=Z-VAR AGGR false ORDER 0============================================
===== Start Standard Grounder =====Mon Dec 10 16:55:32 IRST 2018
...............................PutDataIntoTables duration: 18

Number of formulas: 24
#Hard Formulas: 0
#Soft Formulas: 24
#GSW Formulas: 0
#Soft Formulas with nonzero weight: 24
#Objective Formulas: 0
#Cardinality Formulas: 0
1305 evidence atoms
Grounding took: 539ms
Soft objective 112383.04978177401
Hard objective 0.0
Evaluation took: 659ms
data/lp/prog.mln;data/lp/evidence.db;0.01;no z aggr;cpi;;runtime;79312;objective;112383.04978177401;hardObjective;0.0
Iteration finished. Run Time: 79312, ILP Time: 76328

*** ITERATION 4 ***
data/lp/prog.mln;data/lp/evidence.db;0.01;no z aggr;cpi;
Academic license - for non-commercial use only
===== Start Standard Grounder =====Mon Dec 10 16:55:33 IRST 2018
..............................PutDataIntoTables duration: 17

Number of formulas: 24
#Hard Formulas: 0
#Soft Formulas: 24
#GSW Formulas: 0
#Soft Formulas with nonzero weight: 24
#Objective Formulas: 0
#Cardinality Formulas: 0
1047 evidence atoms
Aggregation order 0
===== Start Standard Solver =====Mon Dec 10 16:55:33 IRST 2018

#BinaryVariables: 0


#BinaryVariables: 38914

---- Start  Loop 0 ----Mon Dec 10 16:55:34 IRST 2018
add 34290 constraints (total number = 34290)
Optimize a model with 34290 rows, 38914 columns and 69016 nonzeros
Variable types: 0 continuous, 38914 integer (38914 binary)
Coefficient statistics:
  Matrix range     [1e+00, 1e+00]
  Objective range  [5e-02, 2e+00]
  Bounds range     [1e+00, 1e+00]
  RHS range        [1e+00, 1e+00]
Found heuristic solution: objective -9923.242680
Presolve removed 34290 rows and 38914 columns
Presolve time: 0.05s
Presolve: All rows and columns removed

Explored 0 nodes (0 simplex iterations) in 0.06 seconds
Thread count was 1 (of 4 available processors)

Solution count 2: 2090.23 -9923.24 

Optimal solution found (tolerance 1.00e-02)
Best objective 2.090225925000e+03, best bound 2.090225925000e+03, gap 0.0000%
ILP took 185 Milliseconds.

#BinaryVariables: 279323

---- Start  Loop 1 ----Mon Dec 10 16:55:35 IRST 2018
add 240409 constraints (total number = 274699)
Optimize a model with 274699 rows, 279323 columns and 783248 nonzeros
Variable types: 0 continuous, 279323 integer (279323 binary)
Coefficient statistics:
  Matrix range     [1e+00, 2e+00]
  Objective range  [6e-04, 3e+00]
  Bounds range     [1e+00, 1e+00]
  RHS range        [1e+00, 2e+00]

MIP start produced solution with objective -15790.3 (0.27s)
Loaded MIP start with objective -15790.3

Presolve removed 264492 rows and 268748 columns
Presolve time: 1.16s
Presolved: 10207 rows, 10575 columns, 30523 nonzeros
Found heuristic solution: objective 75847.327740
Variable types: 0 continuous, 10575 integer (10575 binary)

Root relaxation: objective 8.173310e+04, 4438 iterations, 0.35 seconds

    Nodes    |    Current Node    |     Objective Bounds      |     Work
 Expl Unexpl |  Obj  Depth IntInf | Incumbent    BestBd   Gap | It/Node Time

     0     0 81733.0984    0  466 75847.3277 81733.0984  7.76%     -    1s
H    0     0                    80385.704517 81733.0984  1.68%     -    1s
H    0     0                    80430.281086 81733.0984  1.62%     -    2s
H    0     0                    80515.123772 81733.0984  1.51%     -    2s
H    0     0                    80528.273335 81733.0984  1.50%     -    2s
H    0     0                    80529.551065 81733.0746  1.49%     -    2s
     0     0 81674.7137    0  532 80529.5511 81674.7137  1.42%     -    3s
H    0     0                    80536.622419 81674.7137  1.41%     -    3s
     0     0 81654.5038    0  542 80536.6224 81654.5038  1.39%     -    3s
     0     0 81652.0769    0  531 80536.6224 81652.0769  1.39%     -    4s
     0     0 81578.2797    0  640 80536.6224 81578.2797  1.29%     -    7s
     0     0 81525.0747    0  702 80536.6224 81525.0747  1.23%     -    8s
     0     0 81460.6110    0  784 80536.6224 81460.6110  1.15%     -   13s
H    0     0                    80541.863746 81460.6110  1.14%     -   16s
     0     0 81421.6811    0  860 80541.8637 81421.6811  1.09%     -   19s
H    0     0                    80570.723953 81421.6811  1.06%     -   20s
H    0     0                    80572.103316 81421.6811  1.05%     -   20s
     0     0 81415.9927    0  832 80572.1033 81415.9927  1.05%     -   20s
     0     0 81414.5818    0  818 80572.1033 81414.5818  1.05%     -   21s
     0     0 81414.3894    0  811 80572.1033 81414.3894  1.05%     -   21s
H    0     0                    80594.030334 81414.3894  1.02%     -   28s
H    0     0                    80618.907505 81414.3894  0.99%     -   28s
H    0     0                    80619.053408 81414.3894  0.99%     -   28s
H    0     0                    80619.345214 81414.3894  0.99%     -   28s
     0     0 81362.9592    0 1117 80619.3452 81362.9592  0.92%     -   31s

Cutting planes:
  Gomory: 20
  MIR: 6405
  Zero half: 2337

Explored 1 nodes (32070 simplex iterations) in 31.29 seconds
Thread count was 4 (of 4 available processors)

Solution count 10: 80619.3 80619.1 80618.9 ... 80528.3

Optimal solution found (tolerance 1.00e-02)
Best objective 8.061934521378e+04, best bound 8.136295923948e+04, gap 0.9224%
ILP took 32425 Milliseconds.

#BinaryVariables: 279379

---- Start  Loop 2 ----Mon Dec 10 16:56:08 IRST 2018
add 56 constraints (total number = 274755)
Optimize a model with 274755 rows, 279379 columns and 783402 nonzeros
Variable types: 0 continuous, 279379 integer (279379 binary)
Coefficient statistics:
  Matrix range     [1e+00, 2e+00]
  Objective range  [6e-04, 3e+00]
  Bounds range     [1e+00, 1e+00]
  RHS range        [1e+00, 2e+00]

MIP start produced solution with objective 80581.4 (0.05s)
Loaded MIP start with objective 80581.4

Presolve removed 264533 rows and 268787 columns
Presolve time: 1.18s
Presolved: 10222 rows, 10592 columns, 30567 nonzeros
Found heuristic solution: objective 80619.705014
Variable types: 0 continuous, 10592 integer (10592 binary)

Root relaxation: objective 8.174188e+04, 4476 iterations, 0.37 seconds

    Nodes    |    Current Node    |     Objective Bounds      |     Work
 Expl Unexpl |  Obj  Depth IntInf | Incumbent    BestBd   Gap | It/Node Time

     0     0 81741.8752    0  469 80619.7050 81741.8752  1.39%     -    1s
H    0     0                    80649.080765 81731.3445  1.34%     -    2s
     0     0 81685.1215    0  539 80649.0808 81685.1215  1.28%     -    3s
H    0     0                    80650.498879 81685.1215  1.28%     -    3s
     0     0 81666.4572    0  521 80650.4989 81666.4572  1.26%     -    3s
     0     0 81660.5633    0  545 80650.4989 81660.5633  1.25%     -    3s
     0     0 81660.5633    0  545 80650.4989 81660.5633  1.25%     -    3s
H    0     0                    80651.549445 81660.5633  1.25%     -    7s
     0     0 81571.6353    0  798 80651.5494 81571.6353  1.14%     -    7s
     0     0 81504.1867    0 1004 80651.5494 81504.1867  1.06%     -   10s
     0     0 81455.8907    0 1248 80651.5494 81455.8907  1.00%     -   14s
     0     0 81455.8907    0 1248 80651.5494 81455.8907  1.00%     -   14s

Cutting planes:
  Gomory: 49
  MIR: 4990
  Zero half: 1553

Explored 1 nodes (20547 simplex iterations) in 14.10 seconds
Thread count was 4 (of 4 available processors)

Solution count 4: 80651.5 80650.5 80649.1 80619.7 

Optimal solution found (tolerance 1.00e-02)
Best objective 8.065154944457e+04, best bound 8.145589073968e+04, gap 0.9973%
ILP took 14483 Milliseconds.

#BinaryVariables: 279383

---- Start  Loop 3 ----Mon Dec 10 16:56:23 IRST 2018
add 4 constraints (total number = 274759)
Optimize a model with 274759 rows, 279383 columns and 783414 nonzeros
Variable types: 0 continuous, 279383 integer (279383 binary)
Coefficient statistics:
  Matrix range     [1e+00, 2e+00]
  Objective range  [6e-04, 3e+00]
  Bounds range     [1e+00, 1e+00]
  RHS range        [1e+00, 2e+00]

MIP start produced solution with objective 80651.5 (0.05s)
Loaded MIP start with objective 80651.5

Presolve removed 264535 rows and 268789 columns
Presolve time: 1.16s
Presolved: 10224 rows, 10594 columns, 30573 nonzeros
Variable types: 0 continuous, 10594 integer (10594 binary)

Root relaxation: objective 8.174341e+04, 4422 iterations, 0.36 seconds

    Nodes    |    Current Node    |     Objective Bounds      |     Work
 Expl Unexpl |  Obj  Depth IntInf | Incumbent    BestBd   Gap | It/Node Time

     0     0 81743.4143    0  469 80651.5494 81743.4143  1.35%     -    1s
H    0     0                    80652.967559 81743.4143  1.35%     -    1s
H    0     0                    80653.783221 81732.8253  1.34%     -    2s
     0     0 81684.3856    0  558 80653.7832 81684.3856  1.28%     -    2s
     0     0 81665.5652    0  572 80653.7832 81665.5652  1.25%     -    3s
     0     0 81664.1042    0  563 80653.7832 81664.1042  1.25%     -    3s
     0     0 81664.1042    0  562 80653.7832 81664.1042  1.25%     -    3s
H    0     0                    80655.086898 81664.1042  1.25%     -    5s
H    0     0                    80655.132984 81664.1042  1.25%     -    5s
     0     0 81602.7661    0  655 80655.1330 81602.7661  1.17%     -    5s
     0     0 81521.8793    0  775 80655.1330 81521.8793  1.07%     -    7s
     0     0 81472.3046    0  809 80655.1330 81472.3046  1.01%     -   11s
     0     0 81451.3567    0  860 80655.1330 81451.3567  0.99%     -   15s
     0     0 81451.3567    0  860 80655.1330 81451.3567  0.99%     -   15s

Cutting planes:
  Gomory: 23
  MIR: 7027
  Zero half: 1347

Explored 1 nodes (21194 simplex iterations) in 15.16 seconds
Thread count was 4 (of 4 available processors)

Solution count 5: 80655.1 80655.1 80653.8 ... 80651.5

Optimal solution found (tolerance 1.00e-02)
Best objective 8.065513298377e+04, best bound 8.145135667962e+04, gap 0.9872%
ILP took 15758 Milliseconds.

#BinaryVariables: 279385

---- Start  Loop 4 ----Mon Dec 10 16:56:38 IRST 2018
add 2 constraints (total number = 274761)
Optimize a model with 274761 rows, 279385 columns and 783420 nonzeros
Variable types: 0 continuous, 279385 integer (279385 binary)
Coefficient statistics:
  Matrix range     [1e+00, 2e+00]
  Objective range  [6e-04, 3e+00]
  Bounds range     [1e+00, 1e+00]
  RHS range        [1e+00, 2e+00]

MIP start produced solution with objective 80655.1 (0.05s)
Loaded MIP start with objective 80655.1

Presolve removed 264536 rows and 268790 columns
Presolve time: 1.16s
Presolved: 10225 rows, 10595 columns, 30576 nonzeros
Variable types: 0 continuous, 10595 integer (10595 binary)

Root relaxation: objective 8.174418e+04, 4412 iterations, 0.37 seconds

    Nodes    |    Current Node    |     Objective Bounds      |     Work
 Expl Unexpl |  Obj  Depth IntInf | Incumbent    BestBd   Gap | It/Node Time

     0     0 81744.1839    0  469 80655.1330 81744.1839  1.35%     -    1s
H    0     0                    80655.610337 81744.1839  1.35%     -    1s
     0     0 81687.1447    0  536 80655.6103 81687.1447  1.28%     -    2s
     0     0 81658.3408    0  565 80655.6103 81658.3408  1.24%     -    3s
     0     0 81657.9560    0  566 80655.6103 81657.9560  1.24%     -    3s
     0     0 81657.7637    0  567 80655.6103 81657.7637  1.24%     -    3s
     0     0 81567.7466    0  759 80655.6103 81567.7466  1.13%     -    5s
     0     0 81497.7321    0  874 80655.6103 81497.7321  1.04%     -    7s
     0     0 81447.2185    0  894 80655.6103 81447.2185  0.98%     -   14s
     0     0 81447.2185    0  894 80655.6103 81447.2185  0.98%     -   14s

Cutting planes:
  Gomory: 23
  MIR: 6057
  Zero half: 1329

Explored 1 nodes (21341 simplex iterations) in 14.65 seconds
Thread count was 4 (of 4 available processors)

Solution count 2: 80655.6 80655.1 

Optimal solution found (tolerance 1.00e-02)
Best objective 8.065561033677e+04, best bound 8.144721853796e+04, gap 0.9815%
ILP took 15232 Milliseconds.

#BinaryVariables: 279385

Total ILP Time: 78083
Dispose model
Dispose environment
Database connection terminated
=XEGGORA EVAL=CPI true=Z-VAR AGGR false ORDER 0============================================
===== Start Standard Grounder =====Mon Dec 10 16:56:54 IRST 2018
...............................PutDataIntoTables duration: 14

Number of formulas: 24
#Hard Formulas: 0
#Soft Formulas: 24
#GSW Formulas: 0
#Soft Formulas with nonzero weight: 24
#Objective Formulas: 0
#Cardinality Formulas: 0
1305 evidence atoms
Grounding took: 437ms
Soft objective 112383.04978177401
Hard objective 0.0
Evaluation took: 541ms
data/lp/prog.mln;data/lp/evidence.db;0.01;no z aggr;cpi;;runtime;81058;objective;112383.04978177401;hardObjective;0.0
Iteration finished. Run Time: 81058, ILP Time: 78083

*** ITERATION 5 ***
data/lp/prog.mln;data/lp/evidence.db;0.01;no z aggr;cpi;
Academic license - for non-commercial use only
===== Start Standard Grounder =====Mon Dec 10 16:56:54 IRST 2018
..............................PutDataIntoTables duration: 15

Number of formulas: 24
#Hard Formulas: 0
#Soft Formulas: 24
#GSW Formulas: 0
#Soft Formulas with nonzero weight: 24
#Objective Formulas: 0
#Cardinality Formulas: 0
1047 evidence atoms
Aggregation order 0
===== Start Standard Solver =====Mon Dec 10 16:56:55 IRST 2018

#BinaryVariables: 0


#BinaryVariables: 38914

---- Start  Loop 0 ----Mon Dec 10 16:56:55 IRST 2018
add 34290 constraints (total number = 34290)
Optimize a model with 34290 rows, 38914 columns and 69016 nonzeros
Variable types: 0 continuous, 38914 integer (38914 binary)
Coefficient statistics:
  Matrix range     [1e+00, 1e+00]
  Objective range  [5e-02, 2e+00]
  Bounds range     [1e+00, 1e+00]
  RHS range        [1e+00, 1e+00]
Found heuristic solution: objective -9923.242680
Presolve removed 34290 rows and 38914 columns
Presolve time: 0.06s
Presolve: All rows and columns removed

Explored 0 nodes (0 simplex iterations) in 0.07 seconds
Thread count was 1 (of 4 available processors)

Solution count 2: 2090.23 -9923.24 

Optimal solution found (tolerance 1.00e-02)
Best objective 2.090225925000e+03, best bound 2.090225925000e+03, gap 0.0000%
ILP took 179 Milliseconds.

#BinaryVariables: 279323

---- Start  Loop 1 ----Mon Dec 10 16:56:57 IRST 2018
add 240409 constraints (total number = 274699)
Optimize a model with 274699 rows, 279323 columns and 783248 nonzeros
Variable types: 0 continuous, 279323 integer (279323 binary)
Coefficient statistics:
  Matrix range     [1e+00, 2e+00]
  Objective range  [6e-04, 3e+00]
  Bounds range     [1e+00, 1e+00]
  RHS range        [1e+00, 2e+00]

MIP start produced solution with objective -15790.3 (0.28s)
Loaded MIP start with objective -15790.3

Presolve removed 264492 rows and 268748 columns
Presolve time: 1.20s
Presolved: 10207 rows, 10575 columns, 30523 nonzeros
Found heuristic solution: objective 75847.327740
Variable types: 0 continuous, 10575 integer (10575 binary)

Root relaxation: objective 8.173310e+04, 4438 iterations, 0.36 seconds

    Nodes    |    Current Node    |     Objective Bounds      |     Work
 Expl Unexpl |  Obj  Depth IntInf | Incumbent    BestBd   Gap | It/Node Time

     0     0 81733.0984    0  466 75847.3277 81733.0984  7.76%     -    1s
H    0     0                    80385.704517 81733.0984  1.68%     -    1s
H    0     0                    80430.281086 81733.0984  1.62%     -    2s
H    0     0                    80515.123772 81733.0984  1.51%     -    2s
H    0     0                    80528.273335 81733.0984  1.50%     -    2s
H    0     0                    80529.551065 81733.0746  1.49%     -    2s
     0     0 81674.7137    0  532 80529.5511 81674.7137  1.42%     -    3s
H    0     0                    80536.622419 81674.7137  1.41%     -    3s
     0     0 81654.5038    0  542 80536.6224 81654.5038  1.39%     -    3s
     0     0 81652.0769    0  531 80536.6224 81652.0769  1.39%     -    4s
     0     0 81578.2797    0  640 80536.6224 81578.2797  1.29%     -    7s
     0     0 81525.0747    0  702 80536.6224 81525.0747  1.23%     -    9s
     0     0 81460.6110    0  784 80536.6224 81460.6110  1.15%     -   14s
H    0     0                    80541.863746 81460.6110  1.14%     -   17s
     0     0 81421.6811    0  860 80541.8637 81421.6811  1.09%     -   19s
H    0     0                    80570.723953 81421.6811  1.06%     -   20s
H    0     0                    80572.103316 81421.6811  1.05%     -   20s
     0     0 81415.9927    0  832 80572.1033 81415.9927  1.05%     -   20s
     0     0 81414.5818    0  818 80572.1033 81414.5818  1.05%     -   21s
     0     0 81414.3894    0  811 80572.1033 81414.3894  1.05%     -   21s
H    0     0                    80594.030334 81414.3894  1.02%     -   31s
H    0     0                    80618.907505 81414.3894  0.99%     -   31s
H    0     0                    80619.053408 81414.3894  0.99%     -   31s
H    0     0                    80619.345214 81414.3894  0.99%     -   31s
     0     0 81362.9592    0 1117 80619.3452 81362.9592  0.92%     -   31s

Cutting planes:
  Gomory: 20
  MIR: 6405
  Zero half: 2337

Explored 1 nodes (32070 simplex iterations) in 32.03 seconds
Thread count was 4 (of 4 available processors)

Solution count 10: 80619.3 80619.1 80618.9 ... 80528.3

Optimal solution found (tolerance 1.00e-02)
Best objective 8.061934521378e+04, best bound 8.136295923948e+04, gap 0.9224%
ILP took 33246 Milliseconds.

#BinaryVariables: 279379

---- Start  Loop 2 ----Mon Dec 10 16:57:30 IRST 2018
add 56 constraints (total number = 274755)
Optimize a model with 274755 rows, 279379 columns and 783402 nonzeros
Variable types: 0 continuous, 279379 integer (279379 binary)
Coefficient statistics:
  Matrix range     [1e+00, 2e+00]
  Objective range  [6e-04, 3e+00]
  Bounds range     [1e+00, 1e+00]
  RHS range        [1e+00, 2e+00]

MIP start produced solution with objective 80581.4 (0.05s)
Loaded MIP start with objective 80581.4

Presolve removed 264533 rows and 268787 columns
Presolve time: 1.17s
Presolved: 10222 rows, 10592 columns, 30567 nonzeros
Found heuristic solution: objective 80619.705014
Variable types: 0 continuous, 10592 integer (10592 binary)

Root relaxation: objective 8.174188e+04, 4476 iterations, 0.37 seconds

    Nodes    |    Current Node    |     Objective Bounds      |     Work
 Expl Unexpl |  Obj  Depth IntInf | Incumbent    BestBd   Gap | It/Node Time

     0     0 81741.8752    0  469 80619.7050 81741.8752  1.39%     -    1s
H    0     0                    80649.080765 81731.3445  1.34%     -    2s
     0     0 81685.1215    0  539 80649.0808 81685.1215  1.28%     -    2s
H    0     0                    80650.498879 81685.1215  1.28%     -    3s
     0     0 81666.4572    0  521 80650.4989 81666.4572  1.26%     -    3s
     0     0 81660.5633    0  545 80650.4989 81660.5633  1.25%     -    3s
     0     0 81660.5633    0  545 80650.4989 81660.5633  1.25%     -    3s
H    0     0                    80651.549445 81660.5633  1.25%     -    6s
     0     0 81571.6353    0  798 80651.5494 81571.6353  1.14%     -    6s
     0     0 81504.1867    0 1004 80651.5494 81504.1867  1.06%     -   10s
     0     0 81455.8907    0 1248 80651.5494 81455.8907  1.00%     -   13s
     0     0 81455.8907    0 1248 80651.5494 81455.8907  1.00%     -   13s

Cutting planes:
  Gomory: 49
  MIR: 4990
  Zero half: 1553

Explored 1 nodes (20547 simplex iterations) in 13.89 seconds
Thread count was 4 (of 4 available processors)

Solution count 4: 80651.5 80650.5 80649.1 80619.7 

Optimal solution found (tolerance 1.00e-02)
Best objective 8.065154944457e+04, best bound 8.145589073968e+04, gap 0.9973%
ILP took 14326 Milliseconds.

#BinaryVariables: 279383

---- Start  Loop 3 ----Mon Dec 10 16:57:45 IRST 2018
add 4 constraints (total number = 274759)
Optimize a model with 274759 rows, 279383 columns and 783414 nonzeros
Variable types: 0 continuous, 279383 integer (279383 binary)
Coefficient statistics:
  Matrix range     [1e+00, 2e+00]
  Objective range  [6e-04, 3e+00]
  Bounds range     [1e+00, 1e+00]
  RHS range        [1e+00, 2e+00]

MIP start produced solution with objective 80651.5 (0.05s)
Loaded MIP start with objective 80651.5

Presolve removed 264535 rows and 268789 columns
Presolve time: 1.16s
Presolved: 10224 rows, 10594 columns, 30573 nonzeros
Variable types: 0 continuous, 10594 integer (10594 binary)

Root relaxation: objective 8.174341e+04, 4422 iterations, 0.36 seconds

    Nodes    |    Current Node    |     Objective Bounds      |     Work
 Expl Unexpl |  Obj  Depth IntInf | Incumbent    BestBd   Gap | It/Node Time

     0     0 81743.4143    0  469 80651.5494 81743.4143  1.35%     -    1s
H    0     0                    80652.967559 81743.4143  1.35%     -    1s
H    0     0                    80653.783221 81732.8253  1.34%     -    2s
     0     0 81684.3856    0  558 80653.7832 81684.3856  1.28%     -    2s
     0     0 81665.5652    0  572 80653.7832 81665.5652  1.25%     -    3s
     0     0 81664.1042    0  563 80653.7832 81664.1042  1.25%     -    3s
     0     0 81664.1042    0  562 80653.7832 81664.1042  1.25%     -    3s
H    0     0                    80655.086898 81664.1042  1.25%     -    5s
H    0     0                    80655.132984 81664.1042  1.25%     -    5s
     0     0 81602.7661    0  655 80655.1330 81602.7661  1.17%     -    5s
     0     0 81521.8793    0  775 80655.1330 81521.8793  1.07%     -    7s
     0     0 81472.3046    0  809 80655.1330 81472.3046  1.01%     -   11s
     0     0 81451.3567    0  860 80655.1330 81451.3567  0.99%     -   15s
     0     0 81451.3567    0  860 80655.1330 81451.3567  0.99%     -   15s

Cutting planes:
  Gomory: 23
  MIR: 7027
  Zero half: 1347

Explored 1 nodes (21194 simplex iterations) in 15.20 seconds
Thread count was 4 (of 4 available processors)

Solution count 5: 80655.1 80655.1 80653.8 ... 80651.5

Optimal solution found (tolerance 1.00e-02)
Best objective 8.065513298377e+04, best bound 8.145135667962e+04, gap 0.9872%
ILP took 15693 Milliseconds.

#BinaryVariables: 279385

---- Start  Loop 4 ----Mon Dec 10 16:58:00 IRST 2018
add 2 constraints (total number = 274761)
Optimize a model with 274761 rows, 279385 columns and 783420 nonzeros
Variable types: 0 continuous, 279385 integer (279385 binary)
Coefficient statistics:
  Matrix range     [1e+00, 2e+00]
  Objective range  [6e-04, 3e+00]
  Bounds range     [1e+00, 1e+00]
  RHS range        [1e+00, 2e+00]

MIP start produced solution with objective 80655.1 (0.05s)
Loaded MIP start with objective 80655.1

Presolve removed 264536 rows and 268790 columns
Presolve time: 1.21s
Presolved: 10225 rows, 10595 columns, 30576 nonzeros
Variable types: 0 continuous, 10595 integer (10595 binary)

Root relaxation: objective 8.174418e+04, 4412 iterations, 0.37 seconds

    Nodes    |    Current Node    |     Objective Bounds      |     Work
 Expl Unexpl |  Obj  Depth IntInf | Incumbent    BestBd   Gap | It/Node Time

     0     0 81744.1839    0  469 80655.1330 81744.1839  1.35%     -    1s
H    0     0                    80655.610337 81744.1839  1.35%     -    1s
     0     0 81687.1447    0  536 80655.6103 81687.1447  1.28%     -    2s
     0     0 81658.3408    0  565 80655.6103 81658.3408  1.24%     -    3s
     0     0 81657.9560    0  566 80655.6103 81657.9560  1.24%     -    3s
     0     0 81657.7637    0  567 80655.6103 81657.7637  1.24%     -    3s
     0     0 81567.7466    0  759 80655.6103 81567.7466  1.13%     -    5s
     0     0 81497.7321    0  874 80655.6103 81497.7321  1.04%     -    7s
     0     0 81447.2185    0  894 80655.6103 81447.2185  0.98%     -   14s
     0     0 81447.2185    0  894 80655.6103 81447.2185  0.98%     -   14s

Cutting planes:
  Gomory: 23
  MIR: 6057
  Zero half: 1329

Explored 1 nodes (21341 simplex iterations) in 14.79 seconds
Thread count was 4 (of 4 available processors)

Solution count 2: 80655.6 80655.1 

Optimal solution found (tolerance 1.00e-02)
Best objective 8.065561033677e+04, best bound 8.144721853796e+04, gap 0.9815%
ILP took 15296 Milliseconds.

#BinaryVariables: 279385

Total ILP Time: 78740
Dispose model
Dispose environment
Database connection terminated
=XEGGORA EVAL=CPI true=Z-VAR AGGR false ORDER 0============================================
===== Start Standard Grounder =====Mon Dec 10 16:58:16 IRST 2018
...............................PutDataIntoTables duration: 14

Number of formulas: 24
#Hard Formulas: 0
#Soft Formulas: 24
#GSW Formulas: 0
#Soft Formulas with nonzero weight: 24
#Objective Formulas: 0
#Cardinality Formulas: 0
1305 evidence atoms
Grounding took: 453ms
Soft objective 112383.04978177401
Hard objective 0.0
Evaluation took: 551ms
data/lp/prog.mln;data/lp/evidence.db;0.01;no z aggr;cpi;;runtime;81580;objective;112383.04978177401;hardObjective;0.0
Iteration finished. Run Time: 81580, ILP Time: 78740
#iterations: 5
Average Runtime: 80487
Average ILP Time: 77171
==========================

data/lp/prog.mln;data/lp/evidence.db;0.01;no z aggr;cpi;;runtime;82579;objective;112383.04978177401;hardObjective;0.0
duration:82579
data/lp/prog.mln;data/lp/evidence.db;0.01;no z aggr;cpi;;runtime;77910;objective;112383.04978177401;hardObjective;0.0
duration:77910
data/lp/prog.mln;data/lp/evidence.db;0.01;no z aggr;cpi;;runtime;79312;objective;112383.04978177401;hardObjective;0.0
duration:79312
data/lp/prog.mln;data/lp/evidence.db;0.01;no z aggr;cpi;;runtime;81058;objective;112383.04978177401;hardObjective;0.0
duration:81058
data/lp/prog.mln;data/lp/evidence.db;0.01;no z aggr;cpi;;runtime;81580;objective;112383.04978177401;hardObjective;0.0
duration:81580

