Parameters.THREAD_NUMBER 4

*** ITERATION 1 ***
data/ie/prog.mln;data/ie/evidence.db;1.0E-6;z aggr;no cpi;
Academic license - for non-commercial use only
===== Start Standard Grounder =====Mon Dec 10 23:06:21 IRST 2018
............................................................................................................................................................................................................................................................................................................................................................................................................................................................................................................................................................................................................................................................................................................................................................................................................................................................................................................................................................................................................................................................................PutDataIntoTables duration: 650

Number of formulas: 1024
#Hard Formulas: 3
#Soft Formulas: 1021
#GSW Formulas: 0
#Soft Formulas with nonzero weight: 1021
#Objective Formulas: 0
#Cardinality Formulas: 0
263150 evidence atoms
Aggregation order -1
===== Start Standard Solver =====Mon Dec 10 23:06:38 IRST 2018
#AggregatedHardFormulas: 0
#AggregatedSoftFormulas: 0
#ZVariables: 0
#BinaryVariables: 0
#MixedVariables: 0

#AggregatedHardFormulas: 0
#AggregatedSoftFormulas: 1021
#AggregatedClauses[1]: 12
#CountingConstraintsAggregatingMoreThanOneClause[1]: 12
#CountingConstraintsWithMoreThanOneLiteral[1]: 0
#ConstraintsAggregatedByContingConstraintWithMoreThanOneLiteral[1]: 0
#CountingConstraintsWithOneLiteral[1]: 12
#ConstraintsAggregatedByContingConstraintWithOneLiteral[1]: 269805
#ZVariables: 12
#BinaryVariables: 336670
#MixedVariables: 0

---- Start  Loop 0 ----Mon Dec 10 23:06:41 IRST 2018
add 72486 constraints (total number = 72486)
Optimize a model with 72486 rows, 336682 columns and 414765 nonzeros
Variable types: 0 continuous, 336682 integer (336670 binary)
Coefficient statistics:
  Matrix range     [1e+00, 1e+00]
  Objective range  [2e-02, 5e+00]
  Bounds range     [1e+00, 3e+05]
  RHS range        [1e+00, 6e+02]
Found heuristic solution: objective 251.2586146
Presolve removed 72486 rows and 336682 columns
Presolve time: 0.11s
Presolve: All rows and columns removed

Explored 0 nodes (0 simplex iterations) in 0.19 seconds
Thread count was 1 (of 4 available processors)

Solution count 2: 1013.28 251.259 

Optimal solution found (tolerance 1.00e-06)
Best objective 1.013282888500e+03, best bound 1.013282888500e+03, gap 0.0000%
ILP took 1231 Milliseconds.
#AggregatedHardFormulas: 0
#AggregatedSoftFormulas: 1021
#AggregatedClauses[1]: 12
#CountingConstraintsAggregatingMoreThanOneClause[1]: 12
#CountingConstraintsWithMoreThanOneLiteral[1]: 0
#ConstraintsAggregatedByContingConstraintWithMoreThanOneLiteral[1]: 0
#CountingConstraintsWithOneLiteral[1]: 12
#ConstraintsAggregatedByContingConstraintWithOneLiteral[1]: 269805
#ZVariables: 12
#BinaryVariables: 336670
#MixedVariables: 0

Total ILP Time: 1231
Dispose model
Dispose environment
Database connection terminated
=XEGGORA EVAL=CPI false=Z-VAR AGGR true ORDER -1============================================
===== Start Standard Grounder =====Mon Dec 10 23:06:43 IRST 2018
..............................................................................................................................................................................................................................................................................................................................................................................................................................................................................................................................................................................................................................................................................................................................................................................................................................................................................................................................................................................................................................................................................PutDataIntoTables duration: 621

Number of formulas: 1024
#Hard Formulas: 3
#Soft Formulas: 1021
#GSW Formulas: 0
#Soft Formulas with nonzero weight: 1021
#Objective Formulas: 0
#Cardinality Formulas: 0
267028 evidence atoms
Grounding took: 16496ms
Soft objective 1013.2828885000001
Hard objective 72474.0
Evaluation took: 18151ms
data/ie/prog.mln;data/ie/evidence.db;1.0E-6;z aggr;no cpi;;runtime;23107;objective;1013.2828885000001;hardObjective;72474.0
Iteration finished. Run Time: 23107, ILP Time: 1231

*** ITERATION 2 ***
data/ie/prog.mln;data/ie/evidence.db;1.0E-6;z aggr;no cpi;
Academic license - for non-commercial use only
===== Start Standard Grounder =====Mon Dec 10 23:07:02 IRST 2018
............................................................................................................................................................................................................................................................................................................................................................................................................................................................................................................................................................................................................................................................................................................................................................................................................................................................................................................................................................................................................................................................................PutDataIntoTables duration: 494

Number of formulas: 1024
#Hard Formulas: 3
#Soft Formulas: 1021
#GSW Formulas: 0
#Soft Formulas with nonzero weight: 1021
#Objective Formulas: 0
#Cardinality Formulas: 0
263150 evidence atoms
Aggregation order -1
===== Start Standard Solver =====Mon Dec 10 23:07:18 IRST 2018
#AggregatedHardFormulas: 0
#AggregatedSoftFormulas: 0
#ZVariables: 0
#BinaryVariables: 0
#MixedVariables: 0

#AggregatedHardFormulas: 0
#AggregatedSoftFormulas: 1021
#AggregatedClauses[1]: 12
#CountingConstraintsAggregatingMoreThanOneClause[1]: 12
#CountingConstraintsWithMoreThanOneLiteral[1]: 0
#ConstraintsAggregatedByContingConstraintWithMoreThanOneLiteral[1]: 0
#CountingConstraintsWithOneLiteral[1]: 12
#ConstraintsAggregatedByContingConstraintWithOneLiteral[1]: 269805
#ZVariables: 12
#BinaryVariables: 336670
#MixedVariables: 0

---- Start  Loop 0 ----Mon Dec 10 23:07:20 IRST 2018
add 72486 constraints (total number = 72486)
Optimize a model with 72486 rows, 336682 columns and 414765 nonzeros
Variable types: 0 continuous, 336682 integer (336670 binary)
Coefficient statistics:
  Matrix range     [1e+00, 1e+00]
  Objective range  [2e-02, 5e+00]
  Bounds range     [1e+00, 3e+05]
  RHS range        [1e+00, 6e+02]
Found heuristic solution: objective 251.2586146
Presolve removed 72486 rows and 336682 columns
Presolve time: 0.09s
Presolve: All rows and columns removed

Explored 0 nodes (0 simplex iterations) in 0.15 seconds
Thread count was 1 (of 4 available processors)

Solution count 2: 1013.28 251.259 

Optimal solution found (tolerance 1.00e-06)
Best objective 1.013282888500e+03, best bound 1.013282888500e+03, gap 0.0000%
ILP took 927 Milliseconds.
#AggregatedHardFormulas: 0
#AggregatedSoftFormulas: 1021
#AggregatedClauses[1]: 12
#CountingConstraintsAggregatingMoreThanOneClause[1]: 12
#CountingConstraintsWithMoreThanOneLiteral[1]: 0
#ConstraintsAggregatedByContingConstraintWithMoreThanOneLiteral[1]: 0
#CountingConstraintsWithOneLiteral[1]: 12
#ConstraintsAggregatedByContingConstraintWithOneLiteral[1]: 269805
#ZVariables: 12
#BinaryVariables: 336670
#MixedVariables: 0

Total ILP Time: 927
Dispose model
Dispose environment
Database connection terminated
=XEGGORA EVAL=CPI false=Z-VAR AGGR true ORDER -1============================================
===== Start Standard Grounder =====Mon Dec 10 23:07:22 IRST 2018
..............................................................................................................................................................................................................................................................................................................................................................................................................................................................................................................................................................................................................................................................................................................................................................................................................................................................................................................................................................................................................................................................................PutDataIntoTables duration: 561

Number of formulas: 1024
#Hard Formulas: 3
#Soft Formulas: 1021
#GSW Formulas: 0
#Soft Formulas with nonzero weight: 1021
#Objective Formulas: 0
#Cardinality Formulas: 0
267028 evidence atoms
Grounding took: 16651ms
Soft objective 1013.2828885000001
Hard objective 72474.0
Evaluation took: 17713ms
data/ie/prog.mln;data/ie/evidence.db;1.0E-6;z aggr;no cpi;;runtime;20535;objective;1013.2828885000001;hardObjective;72474.0
Iteration finished. Run Time: 20535, ILP Time: 927

*** ITERATION 3 ***
data/ie/prog.mln;data/ie/evidence.db;1.0E-6;z aggr;no cpi;
Academic license - for non-commercial use only
===== Start Standard Grounder =====Mon Dec 10 23:07:40 IRST 2018
............................................................................................................................................................................................................................................................................................................................................................................................................................................................................................................................................................................................................................................................................................................................................................................................................................................................................................................................................................................................................................................................................PutDataIntoTables duration: 581

Number of formulas: 1024
#Hard Formulas: 3
#Soft Formulas: 1021
#GSW Formulas: 0
#Soft Formulas with nonzero weight: 1021
#Objective Formulas: 0
#Cardinality Formulas: 0
263150 evidence atoms
Aggregation order -1
===== Start Standard Solver =====Mon Dec 10 23:07:57 IRST 2018
#AggregatedHardFormulas: 0
#AggregatedSoftFormulas: 0
#ZVariables: 0
#BinaryVariables: 0
#MixedVariables: 0

#AggregatedHardFormulas: 0
#AggregatedSoftFormulas: 1021
#AggregatedClauses[1]: 12
#CountingConstraintsAggregatingMoreThanOneClause[1]: 12
#CountingConstraintsWithMoreThanOneLiteral[1]: 0
#ConstraintsAggregatedByContingConstraintWithMoreThanOneLiteral[1]: 0
#CountingConstraintsWithOneLiteral[1]: 12
#ConstraintsAggregatedByContingConstraintWithOneLiteral[1]: 269805
#ZVariables: 12
#BinaryVariables: 336670
#MixedVariables: 0

---- Start  Loop 0 ----Mon Dec 10 23:07:58 IRST 2018
add 72486 constraints (total number = 72486)
Optimize a model with 72486 rows, 336682 columns and 414765 nonzeros
Variable types: 0 continuous, 336682 integer (336670 binary)
Coefficient statistics:
  Matrix range     [1e+00, 1e+00]
  Objective range  [2e-02, 5e+00]
  Bounds range     [1e+00, 3e+05]
  RHS range        [1e+00, 6e+02]
Found heuristic solution: objective 251.2586146
Presolve removed 72486 rows and 336682 columns
Presolve time: 0.08s
Presolve: All rows and columns removed

Explored 0 nodes (0 simplex iterations) in 0.15 seconds
Thread count was 1 (of 4 available processors)

Solution count 2: 1013.28 251.259 

Optimal solution found (tolerance 1.00e-06)
Best objective 1.013282888500e+03, best bound 1.013282888500e+03, gap 0.0000%
ILP took 1042 Milliseconds.
#AggregatedHardFormulas: 0
#AggregatedSoftFormulas: 1021
#AggregatedClauses[1]: 12
#CountingConstraintsAggregatingMoreThanOneClause[1]: 12
#CountingConstraintsWithMoreThanOneLiteral[1]: 0
#ConstraintsAggregatedByContingConstraintWithMoreThanOneLiteral[1]: 0
#CountingConstraintsWithOneLiteral[1]: 12
#ConstraintsAggregatedByContingConstraintWithOneLiteral[1]: 269805
#ZVariables: 12
#BinaryVariables: 336670
#MixedVariables: 0

Total ILP Time: 1042
Dispose model
Dispose environment
Database connection terminated
=XEGGORA EVAL=CPI false=Z-VAR AGGR true ORDER -1============================================
===== Start Standard Grounder =====Mon Dec 10 23:08:00 IRST 2018
..............................................................................................................................................................................................................................................................................................................................................................................................................................................................................................................................................................................................................................................................................................................................................................................................................................................................................................................................................................................................................................................................................PutDataIntoTables duration: 693

Number of formulas: 1024
#Hard Formulas: 3
#Soft Formulas: 1021
#GSW Formulas: 0
#Soft Formulas with nonzero weight: 1021
#Objective Formulas: 0
#Cardinality Formulas: 0
267028 evidence atoms
Grounding took: 18733ms
Soft objective 1013.2828885000001
Hard objective 72474.0
Evaluation took: 19959ms
data/ie/prog.mln;data/ie/evidence.db;1.0E-6;z aggr;no cpi;;runtime;20670;objective;1013.2828885000001;hardObjective;72474.0
Iteration finished. Run Time: 20670, ILP Time: 1042

*** ITERATION 4 ***
data/ie/prog.mln;data/ie/evidence.db;1.0E-6;z aggr;no cpi;
Academic license - for non-commercial use only
===== Start Standard Grounder =====Mon Dec 10 23:08:20 IRST 2018
............................................................................................................................................................................................................................................................................................................................................................................................................................................................................................................................................................................................................................................................................................................................................................................................................................................................................................................................................................................................................................................................................PutDataIntoTables duration: 527

Number of formulas: 1024
#Hard Formulas: 3
#Soft Formulas: 1021
#GSW Formulas: 0
#Soft Formulas with nonzero weight: 1021
#Objective Formulas: 0
#Cardinality Formulas: 0
263150 evidence atoms
Aggregation order -1
===== Start Standard Solver =====Mon Dec 10 23:08:40 IRST 2018
#AggregatedHardFormulas: 0
#AggregatedSoftFormulas: 0
#ZVariables: 0
#BinaryVariables: 0
#MixedVariables: 0

#AggregatedHardFormulas: 0
#AggregatedSoftFormulas: 1021
#AggregatedClauses[1]: 12
#CountingConstraintsAggregatingMoreThanOneClause[1]: 12
#CountingConstraintsWithMoreThanOneLiteral[1]: 0
#ConstraintsAggregatedByContingConstraintWithMoreThanOneLiteral[1]: 0
#CountingConstraintsWithOneLiteral[1]: 12
#ConstraintsAggregatedByContingConstraintWithOneLiteral[1]: 269805
#ZVariables: 12
#BinaryVariables: 336670
#MixedVariables: 0

---- Start  Loop 0 ----Mon Dec 10 23:08:42 IRST 2018
add 72486 constraints (total number = 72486)
Optimize a model with 72486 rows, 336682 columns and 414765 nonzeros
Variable types: 0 continuous, 336682 integer (336670 binary)
Coefficient statistics:
  Matrix range     [1e+00, 1e+00]
  Objective range  [2e-02, 5e+00]
  Bounds range     [1e+00, 3e+05]
  RHS range        [1e+00, 6e+02]
Found heuristic solution: objective 251.2586146
Presolve removed 72486 rows and 336682 columns
Presolve time: 0.08s
Presolve: All rows and columns removed

Explored 0 nodes (0 simplex iterations) in 0.14 seconds
Thread count was 1 (of 4 available processors)

Solution count 2: 1013.28 251.259 

Optimal solution found (tolerance 1.00e-06)
Best objective 1.013282888500e+03, best bound 1.013282888500e+03, gap 0.0000%
ILP took 801 Milliseconds.
#AggregatedHardFormulas: 0
#AggregatedSoftFormulas: 1021
#AggregatedClauses[1]: 12
#CountingConstraintsAggregatingMoreThanOneClause[1]: 12
#CountingConstraintsWithMoreThanOneLiteral[1]: 0
#ConstraintsAggregatedByContingConstraintWithMoreThanOneLiteral[1]: 0
#CountingConstraintsWithOneLiteral[1]: 12
#ConstraintsAggregatedByContingConstraintWithOneLiteral[1]: 269805
#ZVariables: 12
#BinaryVariables: 336670
#MixedVariables: 0

Total ILP Time: 801
Dispose model
Dispose environment
Database connection terminated
=XEGGORA EVAL=CPI false=Z-VAR AGGR true ORDER -1============================================
===== Start Standard Grounder =====Mon Dec 10 23:08:44 IRST 2018
..............................................................................................................................................................................................................................................................................................................................................................................................................................................................................................................................................................................................................................................................................................................................................................................................................................................................................................................................................................................................................................................................................PutDataIntoTables duration: 580

Number of formulas: 1024
#Hard Formulas: 3
#Soft Formulas: 1021
#GSW Formulas: 0
#Soft Formulas with nonzero weight: 1021
#Objective Formulas: 0
#Cardinality Formulas: 0
267028 evidence atoms
Grounding took: 18070ms
Soft objective 1013.2828885000001
Hard objective 72474.0
Evaluation took: 19162ms
data/ie/prog.mln;data/ie/evidence.db;1.0E-6;z aggr;no cpi;;runtime;23709;objective;1013.2828885000001;hardObjective;72474.0
Iteration finished. Run Time: 23709, ILP Time: 801

*** ITERATION 5 ***
data/ie/prog.mln;data/ie/evidence.db;1.0E-6;z aggr;no cpi;
Academic license - for non-commercial use only
===== Start Standard Grounder =====Mon Dec 10 23:09:03 IRST 2018
............................................................................................................................................................................................................................................................................................................................................................................................................................................................................................................................................................................................................................................................................................................................................................................................................................................................................................................................................................................................................................................................................PutDataIntoTables duration: 584

Number of formulas: 1024
#Hard Formulas: 3
#Soft Formulas: 1021
#GSW Formulas: 0
#Soft Formulas with nonzero weight: 1021
#Objective Formulas: 0
#Cardinality Formulas: 0
263150 evidence atoms
Aggregation order -1
===== Start Standard Solver =====Mon Dec 10 23:09:19 IRST 2018
#AggregatedHardFormulas: 0
#AggregatedSoftFormulas: 0
#ZVariables: 0
#BinaryVariables: 0
#MixedVariables: 0

#AggregatedHardFormulas: 0
#AggregatedSoftFormulas: 1021
#AggregatedClauses[1]: 12
#CountingConstraintsAggregatingMoreThanOneClause[1]: 12
#CountingConstraintsWithMoreThanOneLiteral[1]: 0
#ConstraintsAggregatedByContingConstraintWithMoreThanOneLiteral[1]: 0
#CountingConstraintsWithOneLiteral[1]: 12
#ConstraintsAggregatedByContingConstraintWithOneLiteral[1]: 269805
#ZVariables: 12
#BinaryVariables: 336670
#MixedVariables: 0

---- Start  Loop 0 ----Mon Dec 10 23:09:21 IRST 2018
add 72486 constraints (total number = 72486)
Optimize a model with 72486 rows, 336682 columns and 414765 nonzeros
Variable types: 0 continuous, 336682 integer (336670 binary)
Coefficient statistics:
  Matrix range     [1e+00, 1e+00]
  Objective range  [2e-02, 5e+00]
  Bounds range     [1e+00, 3e+05]
  RHS range        [1e+00, 6e+02]
Found heuristic solution: objective 251.2586146
Presolve removed 72486 rows and 336682 columns
Presolve time: 0.09s
Presolve: All rows and columns removed

Explored 0 nodes (0 simplex iterations) in 0.16 seconds
Thread count was 1 (of 4 available processors)

Solution count 2: 1013.28 251.259 

Optimal solution found (tolerance 1.00e-06)
Best objective 1.013282888500e+03, best bound 1.013282888500e+03, gap 0.0000%
ILP took 1289 Milliseconds.
#AggregatedHardFormulas: 0
#AggregatedSoftFormulas: 1021
#AggregatedClauses[1]: 12
#CountingConstraintsAggregatingMoreThanOneClause[1]: 12
#CountingConstraintsWithMoreThanOneLiteral[1]: 0
#ConstraintsAggregatedByContingConstraintWithMoreThanOneLiteral[1]: 0
#CountingConstraintsWithOneLiteral[1]: 12
#ConstraintsAggregatedByContingConstraintWithOneLiteral[1]: 269805
#ZVariables: 12
#BinaryVariables: 336670
#MixedVariables: 0

Total ILP Time: 1289
Dispose model
Dispose environment
Database connection terminated
=XEGGORA EVAL=CPI false=Z-VAR AGGR true ORDER -1============================================
===== Start Standard Grounder =====Mon Dec 10 23:09:23 IRST 2018
..............................................................................................................................................................................................................................................................................................................................................................................................................................................................................................................................................................................................................................................................................................................................................................................................................................................................................................................................................................................................................................................................................PutDataIntoTables duration: 669

Number of formulas: 1024
#Hard Formulas: 3
#Soft Formulas: 1021
#GSW Formulas: 0
#Soft Formulas with nonzero weight: 1021
#Objective Formulas: 0
#Cardinality Formulas: 0
267028 evidence atoms
Grounding took: 16069ms
Soft objective 1013.2828885000001
Hard objective 72474.0
Evaluation took: 17179ms
data/ie/prog.mln;data/ie/evidence.db;1.0E-6;z aggr;no cpi;;runtime;20321;objective;1013.2828885000001;hardObjective;72474.0
Iteration finished. Run Time: 20321, ILP Time: 1289
#iterations: 5
Average Runtime: 21668
Average ILP Time: 1058
==========================

data/ie/prog.mln;data/ie/evidence.db;1.0E-6;z aggr;no cpi;;runtime;23107;objective;1013.2828885000001;hardObjective;72474.0
duration:23107
data/ie/prog.mln;data/ie/evidence.db;1.0E-6;z aggr;no cpi;;runtime;20535;objective;1013.2828885000001;hardObjective;72474.0
duration:20535
data/ie/prog.mln;data/ie/evidence.db;1.0E-6;z aggr;no cpi;;runtime;20670;objective;1013.2828885000001;hardObjective;72474.0
duration:20670
data/ie/prog.mln;data/ie/evidence.db;1.0E-6;z aggr;no cpi;;runtime;23709;objective;1013.2828885000001;hardObjective;72474.0
duration:23709
data/ie/prog.mln;data/ie/evidence.db;1.0E-6;z aggr;no cpi;;runtime;20321;objective;1013.2828885000001;hardObjective;72474.0
duration:20321

