Parameters.THREAD_NUMBER 4

*** ITERATION 1 ***
data/er/prog.mln;data/er/evidence.db;0.3;z aggr;cpi;
Academic license - for non-commercial use only
===== Start Standard Grounder =====Thu Jun 07 20:26:31 IRDT 2018
...................PutDataIntoTables duration: 74

Number of formulas: 7717
28282 evidence atoms
Aggregation order -1
===== Start Standard Solver =====Thu Jun 07 20:26:31 IRDT 2018
#AggregatedHardFormulas: 8
#AggregatedSoftFormulas: 0
#AggregatedClauses[1]: 8
#CountingConstraintsAggregatingMoreThanOneClause[1]: 8
#CountingConstraintsWithMoreThanOneLiteral[1]: 0
#ConstraintsAggregatedByContingConstraintWithMoreThanOneLiteral[1]: 0
#CountingConstraintsWithOneLiteral[1]: 8
#ConstraintsAggregatedByContingConstraintWithOneLiteral[1]: 10760
#ZVariables: 0
#MixedVariables: 0

#AggregatedHardFormulas: 8
#AggregatedSoftFormulas: 1264
#AggregatedClauses[1]: 1447
#CountingConstraintsAggregatingMoreThanOneClause[1]: 1009
#CountingConstraintsWithMoreThanOneLiteral[1]: 1422
#ConstraintsAggregatedByContingConstraintWithMoreThanOneLiteral[1]: 44402
#CountingConstraintsWithOneLiteral[1]: 25
#ConstraintsAggregatedByContingConstraintWithOneLiteral[1]: 169706
#AggregatedClauses[2]: 967
#CountingConstraintsAggregatingMoreThanOneClause[2]: 967
#CountingConstraintsWithMoreThanOneLiteral[2]: 966
#ConstraintsAggregatedByContingConstraintWithMoreThanOneLiteral[2]: 31878
#CountingConstraintsWithOneLiteral[2]: 1
#ConstraintsAggregatedByContingConstraintWithOneLiteral[2]: 528
#ZVariables: 2406
#MixedVariables: 23142

---- Start  Loop 0 ----Thu Jun 07 20:26:33 IRDT 2018
add 27944 constraints (total number = 27944)
Optimize a model with 27944 rows, 93616 columns and 322142 nonzeros
Variable types: 0 continuous, 93616 integer (91648 binary)
Coefficient statistics:
  Matrix range     [1e+00, 1e+03]
  Objective range  [1e-01, 2e+00]
  Bounds range     [1e+00, 5e+04]
  RHS range        [1e+00, 5e+04]
Found heuristic solution: objective 6497.3057550
Presolve removed 2870 rows and 68542 columns
Presolve time: 0.40s
Presolved: 25074 rows, 25074 columns, 102506 nonzeros
Found heuristic solution: objective 8699.3961480
Variable types: 0 continuous, 25074 integer (24108 binary)

Deterministic concurrent LP optimizer: primal and dual simplex
Showing first log only...

Presolve removed 24106 rows and 24106 columns
Presolved: 968 rows, 968 columns, 53620 nonzeros

Concurrent spin time: 0.01s

Solved with dual simplex

Root relaxation: objective 1.458091e+04, 972 iterations, 2.66 seconds

    Nodes    |    Current Node    |     Objective Bounds      |     Work
 Expl Unexpl |  Obj  Depth IntInf | Incumbent    BestBd   Gap | It/Node Time

     0     0 14580.9082    0 24574 8699.39615 14580.9082  67.6%     -    5s
H    0     0                    9087.4537230 14580.9082  60.5%     -    5s
H    0     0                    9979.3026300 14580.9082  46.1%     -    5s
H    0     0                    10036.634799 14580.9082  45.3%     -   88s
H    0     0                    10036.651329 14578.6458  45.3%     -   89s
     0     0 14523.8614    0 25074 10036.6513 14523.8614  44.7%     -   93s
H    0     0                    10643.918961 14523.8614  36.5%     -   93s
     0     0 14520.5410    0 25050 10643.9190 14520.5410  36.4%     -   95s
     0     0 14517.2051    0 25020 10643.9190 14517.2051  36.4%     -   96s
     0     0 14513.8783    0 24998 10643.9190 14513.8783  36.4%     -   96s
     0     0 14510.5478    0 24970 10643.9190 14510.5478  36.3%     -   97s
     0     0 14507.2305    0 24944 10643.9190 14507.2305  36.3%     -   98s
     0     0 14503.9080    0 24921 10643.9190 14503.9080  36.3%     -   98s
     0     0 14500.5885    0 24899 10643.9190 14500.5885  36.2%     -   99s
     0     0 14497.2662    0 24869 10643.9190 14497.2662  36.2%     -   99s
     0     0 14493.9405    0 24845 10643.9190 14493.9405  36.2%     -  100s
     0     0 14490.6330    0 24822 10643.9190 14490.6330  36.1%     -  101s
     0     0 14487.3144    0 24795 10643.9190 14487.3144  36.1%     -  101s
     0     0 14483.9986    0 24768 10643.9190 14483.9986  36.1%     -  102s
     0     0 14480.6767    0 24738 10643.9190 14480.6767  36.0%     -  103s
     0     0 14477.3732    0 24719 10643.9190 14477.3732  36.0%     -  103s
     0     0 14474.0654    0 24700 10643.9190 14474.0654  36.0%     -  104s
     0     0 14470.7581    0 24677 10643.9190 14470.7581  36.0%     -  105s
     0     0 14467.5044    0 24650 10643.9190 14467.5044  35.9%     -  105s
     0     0 14464.2037    0 24631 10643.9190 14464.2037  35.9%     -  106s
     0     0 14460.9062    0 24612 10643.9190 14460.9062  35.9%     -  107s
     0     0 14457.6101    0 24593 10643.9190 14457.6101  35.8%     -  107s
     0     0 14454.3688    0 24570 10643.9190 14454.3688  35.8%     -  108s
     0     0 14451.1225    0 24544 10643.9190 14451.1225  35.8%     -  109s
     0     0 14447.8818    0 24520 10643.9190 14447.8818  35.7%     -  110s
     0     0 14444.6356    0 24493 10643.9190 14444.6356  35.7%     -  110s
     0     0 14441.3974    0 24470 10643.9190 14441.3974  35.7%     -  111s
     0     0 14438.1501    0 24447 10643.9190 14438.1501  35.6%     -  112s
     0     0 14434.9052    0 24422 10643.9190 14434.9052  35.6%     -  112s
     0     0 14431.7214    0 24395 10643.9190 14431.7214  35.6%     -  113s
     0     0 14428.5419    0 24369 10643.9190 14428.5419  35.6%     -  114s
     0     0 14425.3671    0 24344 10643.9190 14425.3671  35.5%     -  115s
     0     0 14422.1803    0 24313 10643.9190 14422.1803  35.5%     -  115s
     0     0 14419.0068    0 24286 10643.9190 14419.0068  35.5%     -  116s
     0     0 14415.8341    0 24259 10643.9190 14415.8341  35.4%     -  117s
     0     0 14412.6759    0 24234 10643.9190 14412.6759  35.4%     -  118s
     0     0 14409.5208    0 24215 10643.9190 14409.5208  35.4%     -  119s
     0     0 14406.3578    0 24189 10643.9190 14406.3578  35.3%     -  119s
     0     0 14403.2373    0 24165 10643.9190 14403.2373  35.3%     -  120s
     0     0 14400.1282    0 24144 10643.9190 14400.1282  35.3%     -  121s
     0     0 14396.9826    0 24125 10643.9190 14396.9826  35.3%     -  122s
     0     0 14393.8723    0 24101 10643.9190 14393.8723  35.2%     -  122s
     0     0 14390.7586    0 24078 10643.9190 14390.7586  35.2%     -  123s
     0     0 14387.6542    0 24052 10643.9190 14387.6542  35.2%     -  124s
     0     0 14384.5542    0 24026 10643.9190 14384.5542  35.1%     -  124s
     0     0 14381.4478    0 24002 10643.9190 14381.4478  35.1%     -  125s
     0     0 14378.3289    0 23978 10643.9190 14378.3289  35.1%     -  125s
     0     0 14375.2671    0 23947 10643.9190 14375.2671  35.1%     -  126s
     0     0 14372.1722    0 23925 10643.9190 14372.1722  35.0%     -  127s
     0     0 14369.0317    0 23906 10643.9190 14369.0317  35.0%     -  128s
     0     0 14365.9712    0 23875 10643.9190 14365.9712  35.0%     -  128s
     0     0 14362.9141    0 23846 10643.9190 14362.9141  34.9%     -  129s
     0     0 14359.8778    0 23820 10643.9190 14359.8778  34.9%     -  130s
     0     0 14356.8544    0 23796 10643.9190 14356.8544  34.9%     -  131s
     0     0 14353.8437    0 23773 10643.9190 14353.8437  34.9%     -  131s
     0     0 14350.8509    0 23754 10643.9190 14350.8509  34.8%     -  132s
     0     0 14347.8804    0 23728 10643.9190 14347.8804  34.8%     -  133s
     0     0 14344.9055    0 23707 10643.9190 14344.9055  34.8%     -  134s
     0     0 14341.9518    0 23685 10643.9190 14341.9518  34.7%     -  134s
     0     0 14339.0120    0 23654 10643.9190 14339.0120  34.7%     -  135s
     0     0 14336.0245    0 23635 10643.9190 14336.0245  34.7%     -  136s
     0     0 14333.0611    0 23611 10643.9190 14333.0611  34.7%     -  137s
     0     0 14330.1199    0 23582 10643.9190 14330.1199  34.6%     -  138s
     0     0 14327.2232    0 23558 10643.9190 14327.2232  34.6%     -  138s
     0     0 14324.2898    0 23527 10643.9190 14324.2898  34.6%     -  139s
     0     0 14321.3469    0 23496 10643.9190 14321.3469  34.5%     -  140s
     0     0 14318.4577    0 23473 10643.9190 14318.4577  34.5%     -  140s
     0     0 14315.5307    0 23454 10643.9190 14315.5307  34.5%     -  141s
     0     0 14312.6266    0 23431 10643.9190 14312.6266  34.5%     -  142s
     0     0 14309.7431    0 23403 10643.9190 14309.7431  34.4%     -  142s
     0     0 14306.8251    0 23384 10643.9190 14306.8251  34.4%     -  143s
     0     0 14303.9353    0 23358 10643.9190 14303.9353  34.4%     -  144s
     0     0 14301.0853    0 23331 10643.9190 14301.0853  34.4%     -  145s
     0     0 14298.2094    0 23309 10643.9190 14298.2094  34.3%     -  145s
     0     0 14295.3388    0 23290 10643.9190 14295.3388  34.3%     -  146s
     0     0 14292.5014    0 23264 10643.9190 14292.5014  34.3%     -  147s
     0     0 14289.6590    0 23242 10643.9190 14289.6590  34.3%     -  148s
     0     0 14286.8173    0 23219 10643.9190 14286.8173  34.2%     -  149s
     0     0 14283.9969    0 23190 10643.9190 14283.9969  34.2%     -  149s
     0     0 14281.1613    0 23164 10643.9190 14281.1613  34.2%     -  150s
     0     0 14278.3202    0 23137 10643.9190 14278.3202  34.1%     -  151s
     0     0 14275.4681    0 23113 10643.9190 14275.4681  34.1%     -  152s
     0     0 14272.6306    0 23087 10643.9190 14272.6306  34.1%     -  152s
     0     0 14269.8018    0 23057 10643.9190 14269.8018  34.1%     -  153s
     0     0 14266.9881    0 23030 10643.9190 14266.9881  34.0%     -  154s
     0     0 14264.2206    0 23000 10643.9190 14264.2206  34.0%     -  155s
     0     0 14261.4294    0 22981 10643.9190 14261.4294  34.0%     -  155s
     0     0 14258.6430    0 22962 10643.9190 14258.6430  34.0%     -  156s
     0     0 14255.9152    0 22936 10643.9190 14255.9152  33.9%     -  157s
     0     0 14253.1497    0 22906 10643.9190 14253.1497  33.9%     -  157s
     0     0 14250.4204    0 22881 10643.9190 14250.4204  33.9%     -  158s
     0     0 14247.7107    0 22858 10643.9190 14247.7107  33.9%     -  159s
     0     0 14244.9859    0 22834 10643.9190 14244.9859  33.8%     -  159s
     0     0 14242.2672    0 22808 10643.9190 14242.2672  33.8%     -  160s
     0     0 14239.5482    0 22779 10643.9190 14239.5482  33.8%     -  161s
     0     0 14236.8097    0 22755 10643.9190 14236.8097  33.8%     -  162s
     0     0 14234.1028    0 22733 10643.9190 14234.1028  33.7%     -  162s
     0     0 14231.3780    0 22714 10643.9190 14231.3780  33.7%     -  163s
     0     0 14228.6676    0 22689 10643.9190 14228.6676  33.7%     -  164s
     0     0 14225.9467    0 22670 10643.9190 14225.9467  33.7%     -  165s
     0     0 14223.2335    0 22647 10643.9190 14223.2335  33.6%     -  165s
     0     0 14220.5705    0 22620 10643.9190 14220.5705  33.6%     -  166s
     0     0 14217.8923    0 22594 10643.9190 14217.8923  33.6%     -  167s
     0     0 14215.2591    0 22570 10643.9190 14215.2591  33.6%     -  167s
     0     0 14212.5825    0 22547 10643.9190 14212.5825  33.5%     -  168s
     0     0 14209.9504    0 22522 10643.9190 14209.9504  33.5%     -  169s
     0     0 14207.3230    0 22500 10643.9190 14207.3230  33.5%     -  169s
     0     0 14204.7065    0 22475 10643.9190 14204.7065  33.5%     -  170s
     0     0 14202.1035    0 22454 10643.9190 14202.1035  33.4%     -  171s
     0     0 14199.4846    0 22428 10643.9190 14199.4846  33.4%     -  172s
     0     0 14196.8456    0 22409 10643.9190 14196.8456  33.4%     -  173s
     0     0 14194.2214    0 22388 10643.9190 14194.2214  33.4%     -  174s
     0     0 14191.6094    0 22365 10643.9190 14191.6094  33.3%     -  175s
     0     0 14188.9914    0 22341 10643.9190 14188.9914  33.3%     -  175s
     0     0 14186.3715    0 22313 10643.9190 14186.3715  33.3%     -  176s
     0     0 14183.8208    0 22287 10643.9190 14183.8208  33.3%     -  177s
     0     0 14181.2271    0 22268 10643.9190 14181.2271  33.2%     -  178s
     0     0 14178.6575    0 22244 10643.9190 14178.6575  33.2%     -  179s
     0     0 14176.0936    0 22221 10643.9190 14176.0936  33.2%     -  179s
     0     0 14173.5272    0 22200 10643.9190 14173.5272  33.2%     -  180s
     0     0 14170.9622    0 22181 10643.9190 14170.9622  33.1%     -  181s
     0     0 14168.4327    0 22163 10643.9190 14168.4327  33.1%     -  182s
     0     0 14165.9239    0 22139 10643.9190 14165.9239  33.1%     -  183s
     0     0 14163.4203    0 22117 10643.9190 14163.4203  33.1%     -  183s
     0     0 14160.9023    0 22091 10643.9190 14160.9023  33.0%     -  185s
     0     0 14158.4174    0 22068 10643.9190 14158.4174  33.0%     -  185s
     0     0 14155.9250    0 22042 10643.9190 14155.9250  33.0%     -  186s
     0     0 14153.4540    0 22020 10643.9190 14153.4540  33.0%     -  188s
     0     0 14150.9832    0 21999 10643.9190 14150.9832  32.9%     -  188s
     0     0 14148.5164    0 21976 10643.9190 14148.5164  32.9%     -  189s
     0     0 14146.0270    0 21957 10643.9190 14146.0270  32.9%     -  190s
     0     0 14143.5684    0 21933 10643.9190 14143.5684  32.9%     -  191s
     0     0 14141.1095    0 21910 10643.9190 14141.1095  32.9%     -  192s
     0     0 14138.6368    0 21888 10643.9190 14138.6368  32.8%     -  193s
     0     0 14136.1802    0 21863 10643.9190 14136.1802  32.8%     -  194s
     0     0 14133.7493    0 21840 10643.9190 14133.7493  32.8%     -  195s
     0     0 14131.3172    0 21821 10643.9190 14131.3172  32.8%     -  196s
     0     0 14128.8944    0 21793 10643.9190 14128.8944  32.7%     -  197s
     0     0 14126.5093    0 21770 10643.9190 14126.5093  32.7%     -  198s
     0     0 14124.0912    0 21746 10643.9190 14124.0912  32.7%     -  199s
     0     0 14121.7147    0 21722 10643.9190 14121.7147  32.7%     -  200s
     0     0 14119.3162    0 21695 10643.9190 14119.3162  32.7%     -  201s
     0     0 14116.9389    0 21676 10643.9190 14116.9389  32.6%     -  202s
     0     0 14114.5541    0 21656 10643.9190 14114.5541  32.6%     -  203s
     0     0 14112.1933    0 21629 10643.9190 14112.1933  32.6%     -  204s
     0     0 14109.8080    0 21607 10643.9190 14109.8080  32.6%     -  205s
     0     0 14107.4480    0 21583 10643.9190 14107.4480  32.5%     -  206s
     0     0 14105.0920    0 21560 10643.9190 14105.0920  32.5%     -  207s
     0     0 14102.7458    0 21535 10643.9190 14102.7458  32.5%     -  208s
     0     0 14100.4174    0 21510 10643.9190 14100.4174  32.5%     -  209s
     0     0 14098.0791    0 21492 10643.9190 14098.0791  32.5%     -  210s
     0     0 14095.7606    0 21467 10643.9190 14095.7606  32.4%     -  211s
     0     0 14093.4374    0 21447 10643.9190 14093.4374  32.4%     -  213s
     0     0 14091.1300    0 21424 10643.9190 14091.1300  32.4%     -  214s
     0     0 14088.8266    0 21401 10643.9190 14088.8266  32.4%     -  215s
     0     0 14086.5326    0 21377 10643.9190 14086.5326  32.3%     -  216s
     0     0 14084.2441    0 21353 10643.9190 14084.2441  32.3%     -  217s
     0     0 14081.9407    0 21331 10643.9190 14081.9407  32.3%     -  218s
     0     0 14079.6617    0 21311 10643.9190 14079.6617  32.3%     -  219s
     0     0 14077.4053    0 21290 10643.9190 14077.4053  32.3%     -  221s
     0     0 14075.1574    0 21272 10643.9190 14075.1574  32.2%     -  222s
     0     0 14072.9233    0 21252 10643.9190 14072.9233  32.2%     -  223s
     0     0 14070.6894    0 21230 10643.9190 14070.6894  32.2%     -  224s
     0     0 14068.4423    0 21206 10643.9190 14068.4423  32.2%     -  226s
     0     0 14068.4423    0 21201 10643.9190 14068.4423  32.2%     -  235s
H    0     2                    10648.976712 14068.4423  32.1%     -  344s
     0     2 14068.4423    0 21185 10648.9767 14068.4423  32.1%     -  344s
     1     4 14051.4439    1 21068 10648.9767 14065.9296  32.1%   553  345s
    23    24 14035.9369    6 20919 10648.9767 14056.9960  32.0%  49.9  350s
    47    47 14023.2264   10 20805 10648.9767 14056.9960  32.0%  36.4  355s
    76    77 14016.0977   14 20729 10648.9767 14056.9960  32.0%  30.2  360s
   100   101 14008.2058   17 20647 10648.9767 14056.9960  32.0%  28.8  366s
   123   122 14000.1734   20 20566 10648.9767 14056.9960  32.0%  28.1  370s
   154   154 13987.3909   25 20448 10648.9767 14056.9960  32.0%  26.2  376s
H  181   180                    10652.301378 14056.9960  32.0%  25.3  381s
   201   202 13964.7396   34 20236 10652.3014 14056.9960  32.0%  24.4  385s
   239   238 13947.6815   39 20087 10652.3014 14056.9960  32.0%  22.9  391s
   264   267 13938.1799   43 19999 10652.3014 14056.9960  32.0%  22.5  396s
   294   294 13927.1867   47 19896 10652.3014 14056.9960  32.0%  21.8  400s
   320   321 13917.9916   51 19811 10652.3014 14056.9960  32.0%  21.5  405s
   346   346 13906.1529   55 19700 10652.3014 14056.9960  32.0%  21.1  410s
   383   381 13889.0145   61 19557 10652.3014 14056.9960  32.0%  20.9  415s
   410   407 13875.0198   65 19419 10652.3014 14056.9960  32.0%  21.0  421s
   437   439 13867.2548   69 19327 10652.3014 14056.9960  32.0%  21.0  427s
   462   462 13854.1426   73 19215 10652.3014 14056.9960  32.0%  20.9  435s
   494   497 13841.4917   77 19104 10652.3014 14056.9960  32.0%  20.9  482s
   506   505 13841.7890   78 19088 10652.3014 14056.9960  32.0%  20.7  486s
   535   536 13830.0873   82 18978 10652.3014 14056.9960  32.0%  20.8  490s
   598   602 13806.6503   91 18760 10652.3014 14056.9960  32.0%  20.6  498s
   629   629 13790.1182   96 18607 10652.3014 14056.9960  32.0%  20.7  503s
   663   666 13778.2512  100 18498 10652.3014 14056.9960  32.0%  20.7  507s
   697   696 13767.7869  104 18397 10652.3014 14056.9960  32.0%  20.7  512s
   733   733 13756.3365  108 18295 10652.3014 14056.9960  32.0%  20.7  517s
   772   775 13741.6985  113 18162 10652.3014 14056.9960  32.0%  20.8  522s
   812   813 13721.6666  119 18004 10652.3014 14056.9960  32.0%  20.8  526s
   840   841 13708.2270  123 17888 10652.3014 14056.9960  32.0%  20.9  532s
H  882   882                    10665.265329 14056.9960  31.8%  20.9  551s
H  888   888                    10676.310918 14056.9960  31.7%  20.9  551s
H  895   896                    10691.309607 14056.9960  31.5%  21.0  551s
   901   901 13689.6989  130 17699 10691.3096 14056.9960  31.5%  21.0  556s
   942   945 13673.5576  135 17554 10691.3096 14056.9960  31.5%  21.3  562s
   991   992 13654.5883  141 17400 10691.3096 14056.9960  31.5%  21.4  569s
  1041  1043 13632.0585  148 17234 10691.3096 14056.9960  31.5%  21.5  576s
  1094  1093 13609.8955  155 17035 10691.3096 14056.9960  31.5%  21.6  582s
  1142  1142 13591.2016  161 16870 10691.3096 14056.9960  31.5%  21.9  589s
  1197  1200 13569.2625  168 16663 10691.3096 14056.9960  31.5%  22.1  596s
  1251  1251 13549.1667  174 16609 10691.3096 14056.9960  31.5%  22.4  603s
H 1308  1310                    10697.070510 14056.9960  31.4%  22.5  610s
  1345  1347 13516.6965  184 16412 10697.0705 14056.9960  31.4%  22.7  617s
H 1396  1395                    10698.241530 14056.9960  31.4%  23.1  625s
H 1403  1403                    10699.910778 14056.9960  31.4%  23.1  625s
  1430  1430 13487.3759  193 16249 10699.9108 14056.9960  31.4%  23.5  632s
H 1481  1485                    10701.820959 14056.9960  31.4%  23.9  645s
H 1487  1491                    10720.208151 14056.9960  31.1%  24.1  645s
  1506  1507 13459.1823  202 16060 10720.2082 14056.9960  31.1%  24.3  653s
  1552  1551 13442.6837  207 16044 10720.2082 14056.9960  31.1%  25.0  661s
H 1604  1607                    10747.174335 14056.9960  30.8%  25.7  811s
H 1605  1607                    10763.717715 14056.9960  30.6%  25.7  811s
  1608  1608 13422.6207  213 15931 10763.7177 14056.9960  30.6%  25.9  820s
  1649  1650 13403.1168  219 15770 10763.7177 14056.9960  30.6%  26.7  828s
  1683  1684 13383.2188  225 15694 10763.7177 14056.9960  30.6%  27.8  836s
  1721  1721 13360.5383  231 15635 10763.7177 14056.9960  30.6%  28.8  844s
  1752  1753 13348.1721  235 15528 10763.7177 14056.9960  30.6%  29.8  853s
  1794  1796 13331.9037  240 15642 10763.7177 14056.9960  30.6%  30.8  862s
  1837  1836 13307.0249  247 15505 10763.7177 14056.9960  30.6%  31.7  872s
  1881  1883 13294.8202  251 15614 10763.7177 14056.9960  30.6%  32.6  881s
  1916  1916 13276.0682  257 15524 10763.7177 14056.9960  30.6%  33.6  891s
  1964  1966 13258.9130  262 15525 10763.7177 14056.9960  30.6%  34.5  901s
H 1983  1974                    10777.545384 14056.9960  30.4%  35.0  901s
  2008  2007 13246.2130  266 15591 10777.5454 14056.9960  30.4%  35.4  912s
  2064  2069 13224.2457  273 15522 10777.5454 14056.9960  30.4%  36.3  923s
  2115  2115 13195.3183  281 15317 10777.5454 14056.9960  30.4%  37.0  934s
  2168  2169 13176.1951  287 15176 10777.5454 14056.9960  30.4%  37.9  945s
  2220  2221 13150.5870  294 15078 10777.5454 14056.9960  30.4%  38.8  957s
  2278  2278 13125.0396  302 14934 10777.5454 14056.9960  30.4%  39.7  970s
  2336  2340 13099.0144  310 14889 10777.5454 14056.9960  30.4%  40.5  985s
  2414  2413 13057.5739  322 14451 10777.5454 14056.9960  30.4%  41.2 1000s
  2493  2492 13027.6600  331 14417 10777.5454 14056.9960  30.4%  41.8 1016s
  2589  2590 12988.0994  343 14376 10777.5454 14056.9960  30.4%  42.1 1035s
  2722  2725 12927.0685  361 13807 10777.5454 14056.9960  30.4%  41.8 1058s
  2994  2994 12797.9600  398 12620 10777.5454 14056.9960  30.4%  39.6 1075s
  3103  3103 12744.0353  413 12102 10777.5454 14056.9960  30.4%  38.8 1100s
  3476  3477 12555.1992  464 10468 10777.5454 14056.9960  30.4%  36.3 1122s
  3894  3898 12288.6070  534 8575 10777.5454 14056.9960  30.4%  34.1 1146s
  4277  4278 12069.1275  593 7086 10777.5454 14056.9960  30.4%  32.4 1167s
  4896  4892 11630.0497  704 4585 10777.5454 14056.9960  30.4%  30.1 1186s
H 5727  5436                    10781.000256 14056.9960  30.4%  27.8 1384s
H 5729  5166                    10784.455128 14056.9960  30.3%  27.8 1755s
  5730  5166 13194.2526  285 25074 10784.4551 14056.9960  30.3%  27.7 1761s
  5731  5167 11487.0318  740 24972 10784.4551 14056.9960  30.3%  27.7 1902s
  5732  5168 13423.0882  213 24870 10784.4551 14056.9960  30.3%  27.7 1942s
  5733  5168 13494.0017  191 24767 10784.4551 14056.9960  30.3%  27.7 1990s
  5734  5169 12911.9676  367 24666 10784.4551 14056.9960  30.3%  27.7 2054s
  5735  5170 12634.9960  441 24574 10784.4551 14056.9960  30.3%  27.7 2106s
  5736  5170 13135.1529  300 24481 10784.4551 14056.9960  30.3%  27.7 2201s
  5737  5171 11334.3199  772 24392 10784.4551 14056.9960  30.3%  27.7 2353s
  5738  5172 13945.3985   40 24291 10784.4551 14056.9960  30.3%  27.7 2496s
  5739  5172 12408.9160  502 24238 10784.4551 14056.9960  30.3%  27.7 2549s
  5740  5173 11454.6724  743 23959 10784.4551 14056.9960  30.3%  27.7 2594s
  5741  5174 13540.9994  179 23876 10784.4551 14056.9960  30.3%  27.7 2627s
  5742  5174 11927.9251  607 23806 10784.4551 14056.9960  30.3%  27.7 2664s
  5743  5175 11176.0718  811 23708 10784.4551 14056.9960  30.3%  27.7 2680s
  5744  5176 13005.2252  337 23650 10784.4551 14056.9960  30.3%  27.7 2689s
  5745  5176 13854.3318   73 23606 10784.4551 14056.9960  30.3%  27.7 2706s
  5746  5177 13121.4176  303 23462 10784.4551 14056.9960  30.3%  27.7 2734s
  5747  5178 13055.8954  324 23348 10784.4551 14056.9960  30.3%  27.7 2773s
  5748  5178 11361.3020  770 23306 10784.4551 14056.9960  30.3%  27.7 2788s
  5749  5179 12480.3261  485 23242 10784.4551 14056.9960  30.3%  27.7 2803s
  5750  5180 12802.5927  399 23199 10784.4551 14056.9960  30.3%  27.6 2826s
  5751  5180 12320.7956  527 23086 10784.4551 14056.9960  30.3%  27.6 2839s
  5752  5181 13180.0726  286 23019 10784.4551 14056.9960  30.3%  27.6 2859s
  5753  5182 11697.4337  685 22896 10784.4551 14056.9960  30.3%  27.6 2875s
  5754  5182 12744.4428  413 22836 10784.4551 14056.9960  30.3%  27.6 2887s
  5755  5183 12205.5985  557 22782 10784.4551 14050.9303  30.3%  27.6 2899s
  5756  5184 13768.0677  104 22717 10784.4551 14037.0045  30.2%  27.6 2915s
  5757  5184 12065.8725  592 22645 10784.4551 14023.2527  30.0%  27.6 2933s

Cutting planes:
  Gomory: 164
  Projected implied bound: 236
  MIR: 9
  Flow cover: 24

Explored 5757 nodes (327639 simplex iterations) in 3051.56 seconds
Thread count was 4 (of 4 available processors)

Solution count 10: 10784.5 10781 10777.5 ... 10697.1

Time limit reached
Best objective 1.078445512800e+04, best bound 1.402325266762e+04, gap 30.0321%
ILP took 3051755 Milliseconds.
#AggregatedHardFormulas: 8
#AggregatedSoftFormulas: 1886
#AggregatedClauses[1]: 1447
#CountingConstraintsAggregatingMoreThanOneClause[1]: 1009
#CountingConstraintsWithMoreThanOneLiteral[1]: 1422
#ConstraintsAggregatedByContingConstraintWithMoreThanOneLiteral[1]: 44402
#CountingConstraintsWithOneLiteral[1]: 25
#ConstraintsAggregatedByContingConstraintWithOneLiteral[1]: 169706
#AggregatedClauses[2]: 967
#CountingConstraintsAggregatingMoreThanOneClause[2]: 967
#CountingConstraintsWithMoreThanOneLiteral[2]: 966
#ConstraintsAggregatedByContingConstraintWithMoreThanOneLiteral[2]: 31878
#CountingConstraintsWithOneLiteral[2]: 1
#ConstraintsAggregatedByContingConstraintWithOneLiteral[2]: 528
#ZVariables: 2406
#MixedVariables: 23142

Dispose model
Dispose environment
Database connection terminated
=XEGGORA EVAL=CPI true=Z-VAR AGGR true ORDER -1============================================
===== Start Standard Grounder =====Thu Jun 07 21:17:26 IRDT 2018
.......................PutDataIntoTables duration: 67

Number of formulas: 7717
28282 evidence atoms
Soft objective -129153.26079199999
Hard objective 3570.0
data/er/prog.mln;data/er/evidence.db;0.3;z aggr;cpi;;runtime;3056487;objective;-129153.26079199999;hardObjective;3570.0
Iteration finished. Run Time: 3056487, ILP Time: 3051755
#iterations: 1
Average Runtime: 3056487
Average ILP Time: 3051755
==========================

data/er/prog.mln;data/er/evidence.db;0.3;z aggr;cpi;;runtime;3056487;objective;-129153.26079199999;hardObjective;3570.0
duration:3056487

