Parameters.THREAD_NUMBER 4

*** ITERATION 1 ***
data/rc/prog.mln;data/rc/evidence.db;1.0E-6;no z aggr;no cpi;
Academic license - for non-commercial use only
===== Start Standard Grounder =====Mon Dec 10 23:20:24 IRST 2018
...................PutDataIntoTables duration: 197

Number of formulas: 17
#Hard Formulas: 2
#Soft Formulas: 15
#GSW Formulas: 0
#Soft Formulas with nonzero weight: 15
#Objective Formulas: 0
#Cardinality Formulas: 0
99183 evidence atoms
Aggregation order 0
===== Start Standard Solver =====Mon Dec 10 23:20:25 IRST 2018

#BinaryVariables: 59700


#BinaryVariables: 271505

---- Start  Loop 0 ----Mon Dec 10 23:20:28 IRST 2018
add 261855 constraints (total number = 261855)
Optimize a model with 261855 rows, 271505 columns and 539380 nonzeros
Variable types: 0 continuous, 271505 integer (271505 binary)
Coefficient statistics:
  Matrix range     [1e+00, 1e+00]
  Objective range  [2e-02, 1e+01]
  Bounds range     [1e+00, 1e+00]
  RHS range        [1e+00, 2e+00]
Found heuristic solution: objective 982872.00000
Presolve removed 256755 rows and 265724 columns
Presolve time: 1.10s
Presolved: 5100 rows, 5781 columns, 15300 nonzeros
Found heuristic solution: objective 986861.74000
Variable types: 0 continuous, 5781 integer (5781 binary)

Root relaxation: objective 9.869038e+05, 27 iterations, 0.00 seconds

    Nodes    |    Current Node    |     Objective Bounds      |     Work
 Expl Unexpl |  Obj  Depth IntInf | Incumbent    BestBd   Gap | It/Node Time

*    0     0               0    986903.76000 986903.760  0.00%     -    1s

Explored 0 nodes (27 simplex iterations) in 1.25 seconds
Thread count was 4 (of 4 available processors)

Solution count 3: 986904 986862 986642 

Optimal solution found (tolerance 1.00e-06)
Best objective 9.869037600000e+05, best bound 9.869037600000e+05, gap 0.0000%
ILP took 3032 Milliseconds.

#BinaryVariables: 271505

Total ILP Time: 3032
Dispose model
Dispose environment
Database connection terminated
=XEGGORA EVAL=CPI false=Z-VAR AGGR false ORDER 0============================================
===== Start Standard Grounder =====Mon Dec 10 23:20:32 IRST 2018
....................PutDataIntoTables duration: 230

Number of formulas: 17
#Hard Formulas: 2
#Soft Formulas: 15
#GSW Formulas: 0
#Soft Formulas with nonzero weight: 15
#Objective Formulas: 0
#Cardinality Formulas: 0
112785 evidence atoms
Grounding took: 529ms
Soft objective 7062859.859999999
Hard objective 59700.0
Evaluation took: 1100ms
data/rc/prog.mln;data/rc/evidence.db;1.0E-6;no z aggr;no cpi;;runtime;9598;objective;7062859.859999999;hardObjective;59700.0
Iteration finished. Run Time: 9598, ILP Time: 3032

*** ITERATION 2 ***
data/rc/prog.mln;data/rc/evidence.db;1.0E-6;no z aggr;no cpi;
Academic license - for non-commercial use only
===== Start Standard Grounder =====Mon Dec 10 23:20:33 IRST 2018
...................PutDataIntoTables duration: 108

Number of formulas: 17
#Hard Formulas: 2
#Soft Formulas: 15
#GSW Formulas: 0
#Soft Formulas with nonzero weight: 15
#Objective Formulas: 0
#Cardinality Formulas: 0
99183 evidence atoms
Aggregation order 0
===== Start Standard Solver =====Mon Dec 10 23:20:34 IRST 2018

#BinaryVariables: 59700


#BinaryVariables: 271505

---- Start  Loop 0 ----Mon Dec 10 23:20:36 IRST 2018
add 261855 constraints (total number = 261855)
Optimize a model with 261855 rows, 271505 columns and 539380 nonzeros
Variable types: 0 continuous, 271505 integer (271505 binary)
Coefficient statistics:
  Matrix range     [1e+00, 1e+00]
  Objective range  [2e-02, 1e+01]
  Bounds range     [1e+00, 1e+00]
  RHS range        [1e+00, 2e+00]
Found heuristic solution: objective 982872.00000
Presolve removed 256755 rows and 265724 columns
Presolve time: 1.06s
Presolved: 5100 rows, 5781 columns, 15300 nonzeros
Found heuristic solution: objective 986861.74000
Variable types: 0 continuous, 5781 integer (5781 binary)

Root relaxation: objective 9.869038e+05, 27 iterations, 0.00 seconds

    Nodes    |    Current Node    |     Objective Bounds      |     Work
 Expl Unexpl |  Obj  Depth IntInf | Incumbent    BestBd   Gap | It/Node Time

*    0     0               0    986903.76000 986903.760  0.00%     -    1s

Explored 0 nodes (27 simplex iterations) in 1.17 seconds
Thread count was 4 (of 4 available processors)

Solution count 3: 986904 986862 986642 

Optimal solution found (tolerance 1.00e-06)
Best objective 9.869037600000e+05, best bound 9.869037600000e+05, gap 0.0000%
ILP took 2521 Milliseconds.

#BinaryVariables: 271505

Total ILP Time: 2521
Dispose model
Dispose environment
Database connection terminated
=XEGGORA EVAL=CPI false=Z-VAR AGGR false ORDER 0============================================
===== Start Standard Grounder =====Mon Dec 10 23:20:40 IRST 2018
....................PutDataIntoTables duration: 141

Number of formulas: 17
#Hard Formulas: 2
#Soft Formulas: 15
#GSW Formulas: 0
#Soft Formulas with nonzero weight: 15
#Objective Formulas: 0
#Cardinality Formulas: 0
112785 evidence atoms
Grounding took: 424ms
Soft objective 7062859.859999999
Hard objective 59700.0
Evaluation took: 830ms
data/rc/prog.mln;data/rc/evidence.db;1.0E-6;no z aggr;no cpi;;runtime;6526;objective;7062859.859999999;hardObjective;59700.0
Iteration finished. Run Time: 6526, ILP Time: 2521

*** ITERATION 3 ***
data/rc/prog.mln;data/rc/evidence.db;1.0E-6;no z aggr;no cpi;
Academic license - for non-commercial use only
===== Start Standard Grounder =====Mon Dec 10 23:20:41 IRST 2018
...................PutDataIntoTables duration: 152

Number of formulas: 17
#Hard Formulas: 2
#Soft Formulas: 15
#GSW Formulas: 0
#Soft Formulas with nonzero weight: 15
#Objective Formulas: 0
#Cardinality Formulas: 0
99183 evidence atoms
Aggregation order 0
===== Start Standard Solver =====Mon Dec 10 23:20:41 IRST 2018

#BinaryVariables: 59700


#BinaryVariables: 271505

---- Start  Loop 0 ----Mon Dec 10 23:20:44 IRST 2018
add 261855 constraints (total number = 261855)
Optimize a model with 261855 rows, 271505 columns and 539380 nonzeros
Variable types: 0 continuous, 271505 integer (271505 binary)
Coefficient statistics:
  Matrix range     [1e+00, 1e+00]
  Objective range  [2e-02, 1e+01]
  Bounds range     [1e+00, 1e+00]
  RHS range        [1e+00, 2e+00]
Found heuristic solution: objective 982872.00000
Presolve removed 256755 rows and 265724 columns
Presolve time: 1.04s
Presolved: 5100 rows, 5781 columns, 15300 nonzeros
Found heuristic solution: objective 986861.74000
Variable types: 0 continuous, 5781 integer (5781 binary)

Root relaxation: objective 9.869038e+05, 27 iterations, 0.00 seconds

    Nodes    |    Current Node    |     Objective Bounds      |     Work
 Expl Unexpl |  Obj  Depth IntInf | Incumbent    BestBd   Gap | It/Node Time

*    0     0               0    986903.76000 986903.760  0.00%     -    1s

Explored 0 nodes (27 simplex iterations) in 1.16 seconds
Thread count was 4 (of 4 available processors)

Solution count 3: 986904 986862 986642 

Optimal solution found (tolerance 1.00e-06)
Best objective 9.869037600000e+05, best bound 9.869037600000e+05, gap 0.0000%
ILP took 2263 Milliseconds.

#BinaryVariables: 271505

Total ILP Time: 2263
Dispose model
Dispose environment
Database connection terminated
=XEGGORA EVAL=CPI false=Z-VAR AGGR false ORDER 0============================================
===== Start Standard Grounder =====Mon Dec 10 23:20:47 IRST 2018
....................PutDataIntoTables duration: 138

Number of formulas: 17
#Hard Formulas: 2
#Soft Formulas: 15
#GSW Formulas: 0
#Soft Formulas with nonzero weight: 15
#Objective Formulas: 0
#Cardinality Formulas: 0
112785 evidence atoms
Grounding took: 449ms
Soft objective 7062859.859999999
Hard objective 59700.0
Evaluation took: 806ms
data/rc/prog.mln;data/rc/evidence.db;1.0E-6;no z aggr;no cpi;;runtime;6288;objective;7062859.859999999;hardObjective;59700.0
Iteration finished. Run Time: 6288, ILP Time: 2263

*** ITERATION 4 ***
data/rc/prog.mln;data/rc/evidence.db;1.0E-6;no z aggr;no cpi;
Academic license - for non-commercial use only
===== Start Standard Grounder =====Mon Dec 10 23:20:48 IRST 2018
...................PutDataIntoTables duration: 181

Number of formulas: 17
#Hard Formulas: 2
#Soft Formulas: 15
#GSW Formulas: 0
#Soft Formulas with nonzero weight: 15
#Objective Formulas: 0
#Cardinality Formulas: 0
99183 evidence atoms
Aggregation order 0
===== Start Standard Solver =====Mon Dec 10 23:20:48 IRST 2018

#BinaryVariables: 59700


#BinaryVariables: 271505

---- Start  Loop 0 ----Mon Dec 10 23:20:51 IRST 2018
add 261855 constraints (total number = 261855)
Optimize a model with 261855 rows, 271505 columns and 539380 nonzeros
Variable types: 0 continuous, 271505 integer (271505 binary)
Coefficient statistics:
  Matrix range     [1e+00, 1e+00]
  Objective range  [2e-02, 1e+01]
  Bounds range     [1e+00, 1e+00]
  RHS range        [1e+00, 2e+00]
Found heuristic solution: objective 982872.00000
Presolve removed 256755 rows and 265724 columns
Presolve time: 1.02s
Presolved: 5100 rows, 5781 columns, 15300 nonzeros
Found heuristic solution: objective 986861.74000
Variable types: 0 continuous, 5781 integer (5781 binary)

Root relaxation: objective 9.869038e+05, 27 iterations, 0.00 seconds

    Nodes    |    Current Node    |     Objective Bounds      |     Work
 Expl Unexpl |  Obj  Depth IntInf | Incumbent    BestBd   Gap | It/Node Time

*    0     0               0    986903.76000 986903.760  0.00%     -    1s

Explored 0 nodes (27 simplex iterations) in 1.14 seconds
Thread count was 4 (of 4 available processors)

Solution count 3: 986904 986862 986642 

Optimal solution found (tolerance 1.00e-06)
Best objective 9.869037600000e+05, best bound 9.869037600000e+05, gap 0.0000%
ILP took 2272 Milliseconds.

#BinaryVariables: 271505

Total ILP Time: 2272
Dispose model
Dispose environment
Database connection terminated
=XEGGORA EVAL=CPI false=Z-VAR AGGR false ORDER 0============================================
===== Start Standard Grounder =====Mon Dec 10 23:20:54 IRST 2018
....................PutDataIntoTables duration: 145

Number of formulas: 17
#Hard Formulas: 2
#Soft Formulas: 15
#GSW Formulas: 0
#Soft Formulas with nonzero weight: 15
#Objective Formulas: 0
#Cardinality Formulas: 0
112785 evidence atoms
Grounding took: 422ms
Soft objective 7062859.859999999
Hard objective 59700.0
Evaluation took: 792ms
data/rc/prog.mln;data/rc/evidence.db;1.0E-6;no z aggr;no cpi;;runtime;6208;objective;7062859.859999999;hardObjective;59700.0
Iteration finished. Run Time: 6208, ILP Time: 2272

*** ITERATION 5 ***
data/rc/prog.mln;data/rc/evidence.db;1.0E-6;no z aggr;no cpi;
Academic license - for non-commercial use only
===== Start Standard Grounder =====Mon Dec 10 23:20:55 IRST 2018
...................PutDataIntoTables duration: 168

Number of formulas: 17
#Hard Formulas: 2
#Soft Formulas: 15
#GSW Formulas: 0
#Soft Formulas with nonzero weight: 15
#Objective Formulas: 0
#Cardinality Formulas: 0
99183 evidence atoms
Aggregation order 0
===== Start Standard Solver =====Mon Dec 10 23:20:55 IRST 2018

#BinaryVariables: 59700


#BinaryVariables: 271505

---- Start  Loop 0 ----Mon Dec 10 23:20:58 IRST 2018
add 261855 constraints (total number = 261855)
Optimize a model with 261855 rows, 271505 columns and 539380 nonzeros
Variable types: 0 continuous, 271505 integer (271505 binary)
Coefficient statistics:
  Matrix range     [1e+00, 1e+00]
  Objective range  [2e-02, 1e+01]
  Bounds range     [1e+00, 1e+00]
  RHS range        [1e+00, 2e+00]
Found heuristic solution: objective 982872.00000
Presolve removed 256755 rows and 265724 columns
Presolve time: 1.05s
Presolved: 5100 rows, 5781 columns, 15300 nonzeros
Found heuristic solution: objective 986861.74000
Variable types: 0 continuous, 5781 integer (5781 binary)

Root relaxation: objective 9.869038e+05, 27 iterations, 0.00 seconds

    Nodes    |    Current Node    |     Objective Bounds      |     Work
 Expl Unexpl |  Obj  Depth IntInf | Incumbent    BestBd   Gap | It/Node Time

*    0     0               0    986903.76000 986903.760  0.00%     -    1s

Explored 0 nodes (27 simplex iterations) in 1.18 seconds
Thread count was 4 (of 4 available processors)

Solution count 3: 986904 986862 986642 

Optimal solution found (tolerance 1.00e-06)
Best objective 9.869037600000e+05, best bound 9.869037600000e+05, gap 0.0000%
ILP took 2474 Milliseconds.

#BinaryVariables: 271505

Total ILP Time: 2474
Dispose model
Dispose environment
Database connection terminated
=XEGGORA EVAL=CPI false=Z-VAR AGGR false ORDER 0============================================
===== Start Standard Grounder =====Mon Dec 10 23:21:01 IRST 2018
....................PutDataIntoTables duration: 155

Number of formulas: 17
#Hard Formulas: 2
#Soft Formulas: 15
#GSW Formulas: 0
#Soft Formulas with nonzero weight: 15
#Objective Formulas: 0
#Cardinality Formulas: 0
112785 evidence atoms
Grounding took: 430ms
Soft objective 7062859.859999999
Hard objective 59700.0
Evaluation took: 795ms
data/rc/prog.mln;data/rc/evidence.db;1.0E-6;no z aggr;no cpi;;runtime;6652;objective;7062859.859999999;hardObjective;59700.0
Iteration finished. Run Time: 6652, ILP Time: 2474
#iterations: 5
Average Runtime: 7054
Average ILP Time: 2512
==========================

data/rc/prog.mln;data/rc/evidence.db;1.0E-6;no z aggr;no cpi;;runtime;9598;objective;7062859.859999999;hardObjective;59700.0
duration:9598
data/rc/prog.mln;data/rc/evidence.db;1.0E-6;no z aggr;no cpi;;runtime;6526;objective;7062859.859999999;hardObjective;59700.0
duration:6526
data/rc/prog.mln;data/rc/evidence.db;1.0E-6;no z aggr;no cpi;;runtime;6288;objective;7062859.859999999;hardObjective;59700.0
duration:6288
data/rc/prog.mln;data/rc/evidence.db;1.0E-6;no z aggr;no cpi;;runtime;6208;objective;7062859.859999999;hardObjective;59700.0
duration:6208
data/rc/prog.mln;data/rc/evidence.db;1.0E-6;no z aggr;no cpi;;runtime;6652;objective;7062859.859999999;hardObjective;59700.0
duration:6652

