Parameters.THREAD_NUMBER 4

*** ITERATION 1 ***
data/er/prog.mln;data/er/evidence.db;0.1;z aggr;no cpi;
Academic license - for non-commercial use only
===== Start Standard Grounder =====Thu Dec 13 15:02:39 IRST 2018
...................PutDataIntoTables duration: 126

Number of formulas: 7717
#Hard Formulas: 8
#Soft Formulas: 7709
#GSW Formulas: 0
#Soft Formulas with nonzero weight: 1265
#Objective Formulas: 0
#Cardinality Formulas: 0
28282 evidence atoms
Aggregation order -1
===== Start Standard Solver =====Thu Dec 13 15:02:39 IRST 2018
#AggregatedHardFormulas: 8
#AggregatedSoftFormulas: 0
#AggregatedClauses[1]: 8
#CountingConstraintsAggregatingMoreThanOneClause[1]: 8
#CountingConstraintsWithMoreThanOneLiteral[1]: 0
#ConstraintsAggregatedByContingConstraintWithMoreThanOneLiteral[1]: 0
#CountingConstraintsWithOneLiteral[1]: 8
#ConstraintsAggregatedByContingConstraintWithOneLiteral[1]: 10760
#ZVariables: 0
#BinaryVariables: 10760
#MixedVariables: 0

#AggregatedHardFormulas: 8
#AggregatedSoftFormulas: 1265
#AggregatedClauses[1]: 3030
#CountingConstraintsAggregatingMoreThanOneClause[1]: 2154
#CountingConstraintsWithMoreThanOneLiteral[1]: 2844
#ConstraintsAggregatedByContingConstraintWithMoreThanOneLiteral[1]: 88804
#CountingConstraintsWithOneLiteral[1]: 186
#ConstraintsAggregatedByContingConstraintWithOneLiteral[1]: 191021
#AggregatedClauses[2]: 967
#CountingConstraintsAggregatingMoreThanOneClause[2]: 967
#CountingConstraintsWithMoreThanOneLiteral[2]: 966
#ConstraintsAggregatedByContingConstraintWithMoreThanOneLiteral[2]: 31878
#CountingConstraintsWithOneLiteral[2]: 1
#ConstraintsAggregatedByContingConstraintWithOneLiteral[2]: 528
#ZVariables: 3989
#BinaryVariables: 92086
#MixedVariables: 23142

---- Start  Loop 0 ----Thu Dec 13 15:02:42 IRST 2018
add 29089 constraints (total number = 29089)
Optimize a model with 29089 rows, 95199 columns and 390426 nonzeros
Variable types: 0 continuous, 95199 integer (92086 binary)
Coefficient statistics:
  Matrix range     [1e+00, 1e+03]
  Objective range  [7e-03, 2e+01]
  Bounds range     [1e+00, 5e+04]
  RHS range        [1e+00, 5e+04]
Found heuristic solution: objective 14943.776980
Presolve removed 4015 rows and 70125 columns
Presolve time: 0.46s
Presolved: 25074 rows, 25074 columns, 102323 nonzeros
Found heuristic solution: objective 18841.052939
Variable types: 0 continuous, 25074 integer (24108 binary)

Deterministic concurrent LP optimizer: primal and dual simplex
Showing first log only...

Presolve removed 24106 rows and 24106 columns
Presolved: 968 rows, 968 columns, 53620 nonzeros

Concurrent spin time: 0.00s

Solved with dual simplex

Root relaxation: objective 2.445387e+04, 948 iterations, 2.92 seconds

    Nodes    |    Current Node    |     Objective Bounds      |     Work
 Expl Unexpl |  Obj  Depth IntInf | Incumbent    BestBd   Gap | It/Node Time

     0     0 24453.8736    0 24574 18841.0529 24453.8736  29.8%     -    5s
H    0     0                    19122.199079 24453.8736  27.9%     -    5s
H    0     0                    20048.181783 24453.8736  22.0%     -    5s
H    0     0                    20388.484687 24453.8736  19.9%     -    5s
H    0     0                    20430.918716 24453.8736  19.7%     -   94s
H    0     0                    20481.162234 24453.8736  19.4%     -   94s
     0     0 24440.5777    0 25074 20481.1622 24440.5777  19.3%     -   98s
     0     0 24437.4217    0 25048 20481.1622 24437.4217  19.3%     -   99s
     0     0 24433.9233    0 25048 20481.1622 24433.9233  19.3%     -  100s
     0     0 24431.2214    0 25019 20481.1622 24431.2214  19.3%     -  100s
     0     0 24427.6402    0 25019 20481.1622 24427.6402  19.3%     -  101s
     0     0 24424.4818    0 24992 20481.1622 24424.4818  19.3%     -  102s
     0     0 24421.1610    0 24973 20481.1622 24421.1610  19.2%     -  102s
     0     0 24418.6523    0 24947 20481.1622 24418.6523  19.2%     -  103s
     0     0 24415.3010    0 24924 20481.1622 24415.3010  19.2%     -  104s
     0     0 24411.9271    0 24893 20481.1622 24411.9271  19.2%     -  104s
     0     0 24408.6171    0 24867 20481.1622 24408.6171  19.2%     -  105s
     0     0 24405.2715    0 24848 20481.1622 24405.2715  19.2%     -  106s
     0     0 24402.2480    0 24824 20481.1622 24402.2480  19.1%     -  106s
     0     0 24398.7986    0 24797 20481.1622 24398.7986  19.1%     -  107s
     0     0 24395.5294    0 24767 20481.1622 24395.5294  19.1%     -  108s
     0     0 24392.3570    0 24743 20481.1622 24392.3570  19.1%     -  109s
     0     0 24389.0484    0 24724 20481.1622 24389.0484  19.1%     -  109s
     0     0 24385.9120    0 24701 20481.1622 24385.9120  19.1%     -  110s
     0     0 24382.5214    0 24674 20481.1622 24382.5214  19.0%     -  111s
     0     0 24379.4309    0 24650 20481.1622 24379.4309  19.0%     -  112s
     0     0 24376.3426    0 24631 20481.1622 24376.3426  19.0%     -  112s
     0     0 24373.2686    0 24606 20481.1622 24373.2686  19.0%     -  113s
     0     0 24370.1931    0 24587 20481.1622 24370.1931  19.0%     -  114s
     0     0 24367.1129    0 24568 20481.1622 24367.1129  19.0%     -  115s
     0     0 24364.5844    0 24545 20481.1622 24364.5844  19.0%     -  116s
     0     0 24361.1646    0 24545 20481.1622 24361.1646  18.9%     -  116s
     0     0 24357.8632    0 24521 20481.1622 24357.8632  18.9%     -  117s
     0     0 24354.7348    0 24497 20481.1622 24354.7348  18.9%     -  118s
     0     0 24351.5546    0 24471 20481.1622 24351.5546  18.9%     -  119s
     0     0 24348.6394    0 24442 20481.1622 24348.6394  18.9%     -  120s
     0     0 24345.6269    0 24411 20481.1622 24345.6269  18.9%     -  121s
     0     0 24342.6115    0 24392 20481.1622 24342.6115  18.9%     -  122s
     0     0 24339.4827    0 24361 20481.1622 24339.4827  18.8%     -  122s
     0     0 24336.1334    0 24361 20481.1622 24336.1334  18.8%     -  123s
     0     0 24332.9946    0 24338 20481.1622 24332.9946  18.8%     -  124s
     0     0 24329.9993    0 24315 20481.1622 24329.9993  18.8%     -  124s
     0     0 24327.0608    0 24296 20481.1622 24327.0608  18.8%     -  125s
     0     0 24324.0951    0 24269 20481.1622 24324.0951  18.8%     -  126s
H    0     0                    20512.133104 24324.0951  18.6%     -  127s
     0     0 24321.8942    0 24241 20512.1331 24321.8942  18.6%     -  127s
     0     0 24318.8181    0 24217 20512.1331 24318.8181  18.6%     -  127s
     0     0 24315.9498    0 24198 20512.1331 24315.9498  18.5%     -  128s
     0     0 24312.9500    0 24174 20512.1331 24312.9500  18.5%     -  129s
     0     0 24310.1437    0 24149 20512.1331 24310.1437  18.5%     -  130s
     0     0 24307.1694    0 24130 20512.1331 24307.1694  18.5%     -  131s
     0     0 24304.4603    0 24102 20512.1331 24304.4603  18.5%     -  132s
     0     0 24302.0373    0 24079 20512.1331 24302.0373  18.5%     -  133s
     0     0 24299.2286    0 24048 20512.1331 24299.2286  18.5%     -  133s
     0     0 24296.1542    0 24024 20512.1331 24296.1542  18.4%     -  134s
     0     0 24293.1271    0 23999 20512.1331 24293.1271  18.4%     -  135s
     0     0 24290.3986    0 23980 20512.1331 24290.3986  18.4%     -  135s
     0     0 24287.6359    0 23957 20512.1331 24287.6359  18.4%     -  136s
     0     0 24284.6227    0 23930 20512.1331 24284.6227  18.4%     -  137s
     0     0 24281.5431    0 23909 20512.1331 24281.5431  18.4%     -  137s
     0     0 24278.8613    0 23890 20512.1331 24278.8613  18.4%     -  138s
     0     0 24276.3072    0 23866 20512.1331 24276.3072  18.4%     -  139s
     0     0 24273.3515    0 23843 20512.1331 24273.3515  18.3%     -  140s
     0     0 24270.2015    0 23843 20512.1331 24270.2015  18.3%     -  140s
     0     0 24267.5379    0 23819 20512.1331 24267.5379  18.3%     -  141s
     0     0 24264.5966    0 23797 20512.1331 24264.5966  18.3%     -  142s
     0     0 24261.4459    0 23771 20512.1331 24261.4459  18.3%     -  143s
     0     0 24258.4891    0 23747 20512.1331 24258.4891  18.3%     -  144s
     0     0 24255.4249    0 23747 20512.1331 24255.4249  18.2%     -  144s
     0     0 24252.6987    0 23718 20512.1331 24252.6987  18.2%     -  145s
H    0     0                    20518.210843 24252.6987  18.2%     -  146s
     0     0 24249.8463    0 23690 20518.2108 24249.8463  18.2%     -  146s
     0     0 24247.3043    0 23671 20518.2108 24247.3043  18.2%     -  147s
     0     0 24244.4977    0 23648 20518.2108 24244.4977  18.2%     -  148s
     0     0 24241.5032    0 23648 20518.2108 24241.5032  18.1%     -  148s
     0     0 24238.7098    0 23626 20518.2108 24238.7098  18.1%     -  149s
     0     0 24235.9142    0 23597 20518.2108 24235.9142  18.1%     -  150s
     0     0 24233.1400    0 23575 20518.2108 24233.1400  18.1%     -  151s
     0     0 24230.3989    0 23548 20518.2108 24230.3989  18.1%     -  151s
     0     0 24227.5603    0 23522 20518.2108 24227.5603  18.1%     -  152s
     0     0 24224.8129    0 23499 20518.2108 24224.8129  18.1%     -  153s
     0     0 24222.3601    0 23480 20518.2108 24222.3601  18.1%     -  154s
     0     0 24219.5689    0 23455 20518.2108 24219.5689  18.0%     -  154s
     0     0 24216.8701    0 23433 20518.2108 24216.8701  18.0%     -  155s
     0     0 24214.2547    0 23409 20518.2108 24214.2547  18.0%     -  156s
     0     0 24211.3804    0 23409 20518.2108 24211.3804  18.0%     -  157s
     0     0 24208.7043    0 23383 20518.2108 24208.7043  18.0%     -  158s
     0     0 24205.9629    0 23357 20518.2108 24205.9629  18.0%     -  159s
     0     0 24203.3645    0 23330 20518.2108 24203.3645  18.0%     -  159s
     0     0 24200.7081    0 23306 20518.2108 24200.7081  17.9%     -  160s
     0     0 24197.8979    0 23306 20518.2108 24197.8979  17.9%     -  161s
     0     0 24195.3096    0 23281 20518.2108 24195.3096  17.9%     -  162s
     0     0 24192.6809    0 23257 20518.2108 24192.6809  17.9%     -  163s
H    0     0                    20524.261008 24192.6809  17.9%     -  163s
     0     0 24189.9147    0 23257 20524.2610 24189.9147  17.9%     -  163s
     0     0 24187.2652    0 23236 20524.2610 24187.2652  17.8%     -  164s
     0     0 24184.7691    0 23209 20524.2610 24184.7691  17.8%     -  165s
     0     0 24182.2016    0 23186 20524.2610 24182.2016  17.8%     -  165s
     0     0 24179.5480    0 23160 20524.2610 24179.5480  17.8%     -  166s
     0     0 24177.0200    0 23135 20524.2610 24177.0200  17.8%     -  167s
     0     0 24174.2857    0 23135 20524.2610 24174.2857  17.8%     -  168s
     0     0 24171.7353    0 23113 20524.2610 24171.7353  17.8%     -  169s
     0     0 24169.2016    0 23089 20524.2610 24169.2016  17.8%     -  170s
     0     0 24166.5158    0 23089 20524.2610 24166.5158  17.7%     -  170s
     0     0 24163.9851    0 23067 20524.2610 24163.9851  17.7%     -  171s
     0     0 24161.3974    0 23042 20524.2610 24161.3974  17.7%     -  172s
     0     0 24158.9164    0 23021 20524.2610 24158.9164  17.7%     -  173s
     0     0 24156.4278    0 22997 20524.2610 24156.4278  17.7%     -  174s
     0     0 24153.9583    0 22973 20524.2610 24153.9583  17.7%     -  175s
     0     0 24151.3026    0 22948 20524.2610 24151.3026  17.7%     -  175s
     0     0 24148.9028    0 22926 20524.2610 24148.9028  17.7%     -  176s
     0     0 24146.4494    0 22904 20524.2610 24146.4494  17.6%     -  177s
H    0     0                    20525.988444 24146.4494  17.6%     -  178s
     0     0 24143.9719    0 22883 20525.9884 24143.9719  17.6%     -  178s
     0     0 24141.4730    0 22859 20525.9884 24141.4730  17.6%     -  179s
     0     0 24139.1167    0 22834 20525.9884 24139.1167  17.6%     -  180s
     0     0 24136.5185    0 22810 20525.9884 24136.5185  17.6%     -  181s
     0     0 24134.0787    0 22791 20525.9884 24134.0787  17.6%     -  181s
     0     0 24131.6874    0 22767 20525.9884 24131.6874  17.6%     -  182s
     0     0 24129.3462    0 22743 20525.9884 24129.3462  17.6%     -  183s
     0     0 24127.0176    0 22721 20525.9884 24127.0176  17.5%     -  184s
     0     0 24124.5987    0 22696 20525.9884 24124.5987  17.5%     -  185s
H    0     0                    20526.420303 24124.5987  17.5%     -  186s
     0     0 24122.2880    0 22677 20526.4203 24122.2880  17.5%     -  186s
     0     0 24119.8191    0 22677 20526.4203 24119.8191  17.5%     -  186s
     0     0 24117.5680    0 22654 20526.4203 24117.5680  17.5%     -  187s
     0     0 24115.2599    0 22632 20526.4203 24115.2599  17.5%     -  188s
     0     0 24112.9523    0 22610 20526.4203 24112.9523  17.5%     -  188s
     0     0 24110.6305    0 22590 20526.4203 24110.6305  17.5%     -  189s
     0     0 24108.1552    0 22565 20526.4203 24108.1552  17.4%     -  189s
     0     0 24105.8095    0 22548 20526.4203 24105.8095  17.4%     -  190s
     0     0 24103.5240    0 22527 20526.4203 24103.5240  17.4%     -  191s
     0     0 24101.2446    0 22504 20526.4203 24101.2446  17.4%     -  192s
     0     0 24098.9522    0 22481 20526.4203 24098.9522  17.4%     -  192s
     0     0 24096.6858    0 22459 20526.4203 24096.6858  17.4%     -  193s
     0     0 24094.2692    0 22459 20526.4203 24094.2692  17.4%     -  194s
     0     0 24092.0582    0 22436 20526.4203 24092.0582  17.4%     -  194s
     0     0 24089.7518    0 22411 20526.4203 24089.7518  17.4%     -  195s
     0     0 24087.5968    0 22390 20526.4203 24087.5968  17.3%     -  196s
H    0     0                    20530.941515 24087.5968  17.3%     -  197s
     0     0 24085.3781    0 22368 20530.9415 24085.3781  17.3%     -  197s
     0     0 24083.2163    0 22349 20530.9415 24083.2163  17.3%     -  198s
     0     0 24080.8636    0 22325 20530.9415 24080.8636  17.3%     -  198s
     0     0 24078.7165    0 22305 20530.9415 24078.7165  17.3%     -  199s
     0     0 24076.5557    0 22285 20530.9415 24076.5557  17.3%     -  200s
     0     0 24074.2266    0 22284 20530.9415 24074.2266  17.3%     -  200s
     0     0 24072.0590    0 22262 20530.9415 24072.0590  17.2%     -  201s
H    0     0                    20531.706396 24072.0590  17.2%     -  202s
     0     0 24069.7679    0 22262 20531.7064 24069.7679  17.2%     -  202s
     0     0 24067.6588    0 22244 20531.7064 24067.6588  17.2%     -  203s
     0     0 24065.5558    0 22222 20531.7064 24065.5558  17.2%     -  203s
     0     0 24063.4694    0 22206 20531.7064 24063.4694  17.2%     -  204s
     0     0 24061.3546    0 22185 20531.7064 24061.3546  17.2%     -  205s
     0     0 24059.2430    0 22162 20531.7064 24059.2430  17.2%     -  206s
     0     0 24057.0309    0 22162 20531.7064 24057.0309  17.2%     -  207s
     0     0 24054.9398    0 22142 20531.7064 24054.9398  17.2%     -  207s
     0     0 24052.9426    0 22128 20531.7064 24052.9426  17.2%     -  208s
     0     0 24050.9224    0 22109 20531.7064 24050.9224  17.1%     -  209s
     0     0 24048.9132    0 22089 20531.7064 24048.9132  17.1%     -  210s
     0     0 24046.8250    0 22071 20531.7064 24046.8250  17.1%     -  211s
     0     0 24044.8002    0 22050 20531.7064 24044.8002  17.1%     -  211s
H    0     0                    20535.192981 24044.8002  17.1%     -  212s
     0     0 24042.6324    0 22050 20535.1930 24042.6324  17.1%     -  212s
     0     0 24040.4681    0 22050 20535.1930 24040.4681  17.1%     -  213s
     0     0 24038.4628    0 22031 20535.1930 24038.4628  17.1%     -  214s
     0     0 24036.4577    0 22013 20535.1930 24036.4577  17.1%     -  215s
     0     0 24034.4972    0 21999 20535.1930 24034.4972  17.0%     -  215s
     0     0 24032.5094    0 21976 20535.1930 24032.5094  17.0%     -  216s
     0     0 24030.5058    0 21958 20535.1930 24030.5058  17.0%     -  217s
     0     0 24028.3879    0 21958 20535.1930 24028.3879  17.0%     -  218s
     0     0 24026.4674    0 21936 20535.1930 24026.4674  17.0%     -  219s
     0     0 24024.3463    0 21912 20535.1930 24024.3463  17.0%     -  220s
     0     0 24022.3937    0 21894 20535.1930 24022.3937  17.0%     -  221s
     0     0 24020.4439    0 21875 20535.1930 24020.4439  17.0%     -  222s
H    0     0                    20540.623594 24020.4439  16.9%     -  222s
     0     0 24018.4898    0 21861 20540.6236 24018.4898  16.9%     -  222s
     0     0 24016.4487    0 21860 20540.6236 24016.4487  16.9%     -  223s
     0     0 24014.5714    0 21846 20540.6236 24014.5714  16.9%     -  224s
     0     0 24014.5714    0 21846 20540.6236 24014.5714  16.9%     -  229s
     0     2 24014.5714    0 21817 20540.6236 24014.5714  16.9%     -  334s
     1     4 24001.8749    1 21784 20540.6236 24012.6053  16.9%  1305  336s
    11    16 23981.0665    4 21674 20540.6236 24009.0102  16.9%   194  341s
    19    22 23985.7949    5 21700 20540.6236 24007.1440  16.9%   161  345s
    31    28 23988.3618    6 21621 20540.6236 24003.3337  16.9%   130  350s
    46    49 23980.3568   10 21514 20540.6236 24002.9994  16.9%   109  357s
    54    56 23978.1084   11 21486 20540.6236 24002.9994  16.9%   102  360s

Cutting planes:
  Gomory: 162
  Implied bound: 49

Explored 62 nodes (7954 simplex iterations) in 360.03 seconds
Thread count was 4 (of 4 available processors)

Solution count 10: 20540.6 20535.2 20531.7 ... 20481.2

Time limit reached
Best objective 2.054062359414e+04, best bound 2.400299935948e+04, gap 16.8562%
ILP took 360868 Milliseconds.
#AggregatedHardFormulas: 8
#AggregatedSoftFormulas: 1265
#AggregatedClauses[1]: 3030
#CountingConstraintsAggregatingMoreThanOneClause[1]: 2154
#CountingConstraintsWithMoreThanOneLiteral[1]: 2844
#ConstraintsAggregatedByContingConstraintWithMoreThanOneLiteral[1]: 88804
#CountingConstraintsWithOneLiteral[1]: 186
#ConstraintsAggregatedByContingConstraintWithOneLiteral[1]: 191021
#AggregatedClauses[2]: 967
#CountingConstraintsAggregatingMoreThanOneClause[2]: 967
#CountingConstraintsWithMoreThanOneLiteral[2]: 966
#ConstraintsAggregatedByContingConstraintWithMoreThanOneLiteral[2]: 31878
#CountingConstraintsWithOneLiteral[2]: 1
#ConstraintsAggregatedByContingConstraintWithOneLiteral[2]: 528
#ZVariables: 3989
#BinaryVariables: 92086
#MixedVariables: 23142

Total ILP Time: 360868
Dispose model
Dispose environment
Database connection terminated
=XEGGORA EVAL=CPI false=Z-VAR AGGR true ORDER -1============================================
===== Start Standard Grounder =====Thu Dec 13 15:08:45 IRST 2018
.......................PutDataIntoTables duration: 196

Number of formulas: 7717
#Hard Formulas: 8
#Soft Formulas: 7709
#GSW Formulas: 0
#Soft Formulas with nonzero weight: 1265
#Objective Formulas: 0
#Cardinality Formulas: 0
150288 evidence atoms
Grounding took: 515ms
Soft objective 7987.157003439991
Hard objective 10760.0
Evaluation took: 2315ms
data/er/prog.mln;data/er/evidence.db;0.1;z aggr;no cpi;;runtime;366516;objective;7987.157003439991;hardObjective;10760.0
Iteration finished. Run Time: 366516, ILP Time: 360868
#iterations: 1
Average Runtime: 366516
Average ILP Time: 360868
==========================

data/er/prog.mln;data/er/evidence.db;0.1;z aggr;no cpi;;runtime;366516;objective;7987.157003439991;hardObjective;10760.0
duration:366516

