Parameters.THREAD_NUMBER 4

*** ITERATION 1 ***
data/er/prog.mln;data/er/evidence.db;0.1;no z aggr;no cpi;
Academic license - for non-commercial use only
===== Start Standard Grounder =====Sat Dec 15 00:39:05 IRST 2018
...................PutDataIntoTables duration: 92

Number of formulas: 7717
#Hard Formulas: 8
#Soft Formulas: 7709
#GSW Formulas: 0
#Soft Formulas with nonzero weight: 1265
#Objective Formulas: 0
#Cardinality Formulas: 0
28282 evidence atoms
Aggregation order 0
===== Start Standard Solver =====Sat Dec 15 00:39:05 IRST 2018

#BinaryVariables: 10760


#BinaryVariables: 369539

---- Start  Loop 0 ----Sat Dec 15 00:39:09 IRST 2018
add 312231 constraints (total number = 312231)
Optimize a model with 312231 rows, 369539 columns and 753660 nonzeros
Variable types: 0 continuous, 369539 integer (369539 binary)
Coefficient statistics:
  Matrix range     [1e+00, 3e+00]
  Objective range  [7e-03, 2e+01]
  Bounds range     [1e+00, 1e+00]
  RHS range        [1e+00, 2e+00]
Found heuristic solution: objective 13300.451976
Presolve removed 281849 rows and 338191 columns
Presolve time: 0.76s
Presolved: 30382 rows, 31348 columns, 113850 nonzeros
Found heuristic solution: objective 18960.595446
Variable types: 0 continuous, 31348 integer (31348 binary)

Deterministic concurrent LP optimizer: primal and dual simplex
Showing first log only...

Presolve removed 30382 rows and 31348 columns
Presolve: All rows and columns removed
Concurrent spin time: 0.01s

Solved with primal simplex

Root relaxation: objective 2.694100e+04, 0 iterations, 0.08 seconds

    Nodes    |    Current Node    |     Objective Bounds      |     Work
 Expl Unexpl |  Obj  Depth IntInf | Incumbent    BestBd   Gap | It/Node Time

H    0     0                    20243.522314 26941.0003  33.1%     -    3s
H    0     0                    20257.290730 26941.0003  33.0%     -    3s
     0     0 26544.3023    0 30061 20257.2907 26544.3023  31.0%     -    7s
H    0     0                    20340.025106 26544.3023  30.5%     -    8s
     0     0 26132.6421    0 29973 20340.0251 26132.6421  28.5%     -   10s
     0     0 25589.0506    0 29920 20340.0251 25589.0506  25.8%     -   21s
H    0     0                    20345.812119 25589.0506  25.8%     -  123s
H    0     0                    20364.753670 25589.0506  25.7%     -  123s
     0     0 25040.7326    0 30191 20364.7537 25040.7326  23.0%     -  124s
H    0     0                    20546.428294 25040.7326  21.9%     -  462s
H    0     0                    20579.306155 25040.7326  21.7%     -  462s
H    0     0                    20616.940086 25040.7326  21.5%     -  462s
H    0     0                    20677.399127 25040.7326  21.1%     -  462s
H    0     0                    20691.378644 25040.7326  21.0%     -  462s
H    0     0                    20691.406218 25040.7326  21.0%     -  462s
H    0     0                    20696.895828 25040.7326  21.0%     -  462s
H    0     0                    20700.404300 25040.7326  21.0%     -  462s
H    0     0                    20702.277334 25040.7326  21.0%     -  462s
H    0     0                    20708.057137 25040.7326  20.9%     -  462s
H    0     0                    20715.682072 25040.7326  20.9%     -  462s
H    0     0                    20719.189698 25040.7326  20.9%     -  462s
H    0     0                    20722.277120 25040.7326  20.8%     -  462s
H    0     0                    20730.253266 25040.7326  20.8%     -  462s
     0     0 24573.2608    0 30775 20730.2533 24573.2608  18.5%     -  552s
     0     0          -    0      20730.2533 24573.2608  18.5%     -  600s
H    0     0                    20746.406060 24573.2608  18.4%     -  600s
H    0     0                    20765.118728 24573.2608  18.3%     -  600s
H    0     0                    20766.749735 24573.2608  18.3%     -  600s
H    0     0                    20766.873483 24573.2608  18.3%     -  600s

Cutting planes:
  Cover: 12003
  Clique: 13

Explored 1 nodes (77087 simplex iterations) in 600.17 seconds
Thread count was 4 (of 4 available processors)

Solution count 10: 20766.9 20766.7 20765.1 ... 20702.3

Time limit reached
Best objective 2.076687348314e+04, best bound 2.457326076849e+04, gap 18.3291%
ILP took 602070 Milliseconds.

#BinaryVariables: 369539

Total ILP Time: 602070
Dispose model
Dispose environment
Database connection terminated
=XEGGORA EVAL=CPI false=Z-VAR AGGR false ORDER 0============================================
===== Start Standard Grounder =====Sat Dec 15 00:49:13 IRST 2018
.......................PutDataIntoTables duration: 267

Number of formulas: 7717
#Hard Formulas: 8
#Soft Formulas: 7709
#GSW Formulas: 0
#Soft Formulas with nonzero weight: 1265
#Objective Formulas: 0
#Cardinality Formulas: 0
150194 evidence atoms
Grounding took: 577ms
Soft objective 8141.286439439987
Hard objective 10760.0
Evaluation took: 2505ms
data/er/prog.mln;data/er/evidence.db;0.1;no z aggr;no cpi;;runtime;608743;objective;8141.286439439987;hardObjective;10760.0
Iteration finished. Run Time: 608743, ILP Time: 602070
#iterations: 1
Average Runtime: 608743
Average ILP Time: 602070
==========================

data/er/prog.mln;data/er/evidence.db;0.1;no z aggr;no cpi;;runtime;608743;objective;8141.286439439987;hardObjective;10760.0
duration:608743

